2024-11-02 11:23:03,502 - INFO - Model path: /home/chadmi.20/model_training/model/AMAISE_train_dataset/human_host_7000_1200_length_range/modelInitialFFNN_2mer_3mer.pth
2024-11-02 11:23:03,502 - INFO - Input path: /home/shared_tools_data/seq2vec/AMAISE_human_host_7000_1200_length_range_2mer_3mer.csv
2024-11-02 11:23:03,502 - INFO - Labels path: /home/shared_tools_data/AMAISE_dataset/training_dataset/human_host_7000_1200_length_range/amaise_train_true_labels.csv
2024-11-02 11:23:03,502 - INFO - Results path: /home/chadmi.20/model_training/output/AMAISE_train_dataset/human_host_7000_1200_length_range/modelInitialFFNN_2mer_3mer
2024-11-02 11:23:03,502 - INFO - Learning rate: 0.001
2024-11-02 11:23:03,502 - INFO - Batch size: 1024
2024-11-02 11:23:03,502 - INFO - # Epoches: 50
2024-11-02 11:23:04,041 - INFO - Device: cuda
2024-11-02 11:23:04,041 - INFO - Loading label data...
2024-11-02 11:23:17,099 - INFO - Loading input data...
2024-11-02 11:24:40,947 - INFO - parsing data...
2024-11-02 11:24:42,039 - INFO - Total time taken to parse data: 0.01819949150085449 min
2024-11-02 11:24:59,763 - INFO - initializing the FFNN model...
2024-11-02 11:25:02,300 - INFO - training the network...
2024-11-02 11:27:50,495 - INFO - Epoch 1/50, Training Loss: 0.0012299961125566846, Train Accuracy: 0.7849397817460317, Validation Loss: 0.0011221559253003861, Validation Accuracy: 0.8960924603174604
2024-11-02 11:30:35,650 - INFO - Epoch 2/50, Training Loss: 0.0011086276567762805, Train Accuracy: 0.9098789682539683, Validation Loss: 0.001103694182681659, Validation Accuracy: 0.914902380952381
2024-11-02 11:33:21,768 - INFO - Epoch 3/50, Training Loss: 0.0010937925013876151, Train Accuracy: 0.9251211309523809, Validation Loss: 0.0010929962562663215, Validation Accuracy: 0.9253230158730159
2024-11-02 11:36:08,039 - INFO - Epoch 4/50, Training Loss: 0.0010868705980479718, Train Accuracy: 0.9321964285714286, Validation Loss: 0.0010864566966181709, Validation Accuracy: 0.9332511904761904
2024-11-02 11:38:54,090 - INFO - Epoch 5/50, Training Loss: 0.0010826651512748666, Train Accuracy: 0.9365466269841269, Validation Loss: 0.0010808189783304456, Validation Accuracy: 0.9385988095238095
2024-11-02 11:41:38,816 - INFO - Epoch 6/50, Training Loss: 0.001079829618547644, Train Accuracy: 0.9394576388888889, Validation Loss: 0.0010793424652209358, Validation Accuracy: 0.9398896825396825
2024-11-02 11:44:26,211 - INFO - Epoch 7/50, Training Loss: 0.0010778379137080813, Train Accuracy: 0.9415524801587302, Validation Loss: 0.0010759041328751852, Validation Accuracy: 0.9438797619047619
2024-11-02 11:47:07,236 - INFO - Epoch 8/50, Training Loss: 0.0010763596468146832, Train Accuracy: 0.943069246031746, Validation Loss: 0.0010779500693555862, Validation Accuracy: 0.9416063492063492
2024-11-02 11:49:43,982 - INFO - Epoch 9/50, Training Loss: 0.0010747530510619519, Train Accuracy: 0.9447776785714286, Validation Loss: 0.0010728026818661463, Validation Accuracy: 0.9466162698412698
2024-11-02 11:52:18,629 - INFO - Epoch 10/50, Training Loss: 0.0010713978858812462, Train Accuracy: 0.9482368055555556, Validation Loss: 0.001068471102250947, Validation Accuracy: 0.9512027777777777
2024-11-02 11:54:54,109 - INFO - Epoch 11/50, Training Loss: 0.001069108153122758, Train Accuracy: 0.9506401785714286, Validation Loss: 0.0010684760948495259, Validation Accuracy: 0.951209126984127
2024-11-02 11:57:31,329 - INFO - Epoch 12/50, Training Loss: 0.0010683359385837638, Train Accuracy: 0.9514400793650793, Validation Loss: 0.0010695827804387563, Validation Accuracy: 0.950113492063492
2024-11-02 12:00:07,463 - INFO - Epoch 13/50, Training Loss: 0.0010678205956305776, Train Accuracy: 0.9519592261904762, Validation Loss: 0.0010668321227743512, Validation Accuracy: 0.9529027777777778
2024-11-02 12:02:43,430 - INFO - Epoch 14/50, Training Loss: 0.0010672855133811634, Train Accuracy: 0.9525266865079365, Validation Loss: 0.0010713918382686282, Validation Accuracy: 0.9488742063492064
2024-11-02 12:05:20,321 - INFO - Epoch 15/50, Training Loss: 0.0010668910862552741, Train Accuracy: 0.9529412698412698, Validation Loss: 0.0010664194796766553, Validation Accuracy: 0.9535456349206349
2024-11-02 12:07:57,378 - INFO - Epoch 16/50, Training Loss: 0.0010665958652420649, Train Accuracy: 0.9532264880952381, Validation Loss: 0.00106504620848194, Validation Accuracy: 0.9547535714285714
2024-11-02 12:10:33,441 - INFO - Epoch 17/50, Training Loss: 0.0010663477816870287, Train Accuracy: 0.953490873015873, Validation Loss: 0.0010661244735358252, Validation Accuracy: 0.9536920634920635
2024-11-02 12:13:11,291 - INFO - Epoch 18/50, Training Loss: 0.001066078894065013, Train Accuracy: 0.9538044642857143, Validation Loss: 0.0010679437715382803, Validation Accuracy: 0.9520337301587302
2024-11-02 12:15:47,472 - INFO - Epoch 19/50, Training Loss: 0.0010658601683165346, Train Accuracy: 0.9539863095238095, Validation Loss: 0.0010665691469869917, Validation Accuracy: 0.9528480158730158
2024-11-02 12:18:24,293 - INFO - Epoch 20/50, Training Loss: 0.0010656133065266268, Train Accuracy: 0.9542890873015873, Validation Loss: 0.0010656959998229193, Validation Accuracy: 0.9541404761904762
2024-11-02 12:21:00,141 - INFO - Epoch 21/50, Training Loss: 0.0010653978567156527, Train Accuracy: 0.9544868055555555, Validation Loss: 0.0010653474307722515, Validation Accuracy: 0.9545214285714285
2024-11-02 12:23:36,066 - INFO - Epoch 22/50, Training Loss: 0.0010652742858089151, Train Accuracy: 0.9546029761904762, Validation Loss: 0.0010652719784823674, Validation Accuracy: 0.9547257936507937
2024-11-02 12:26:10,926 - INFO - Epoch 23/50, Training Loss: 0.0010650716759382731, Train Accuracy: 0.9548634920634921, Validation Loss: 0.0010653810437236514, Validation Accuracy: 0.9546357142857143
2024-11-02 12:28:47,715 - INFO - Epoch 24/50, Training Loss: 0.001064970841507117, Train Accuracy: 0.9549445436507936, Validation Loss: 0.001063237590259976, Validation Accuracy: 0.956656746031746
2024-11-02 12:31:23,386 - INFO - Epoch 25/50, Training Loss: 0.0010648494036779516, Train Accuracy: 0.9550609126984126, Validation Loss: 0.001064882288707627, Validation Accuracy: 0.9550337301587302
2024-11-02 12:33:59,682 - INFO - Epoch 26/50, Training Loss: 0.0010646856673061848, Train Accuracy: 0.9552563492063492, Validation Loss: 0.0010642948327556489, Validation Accuracy: 0.9556154761904762
2024-11-02 12:36:36,780 - INFO - Epoch 27/50, Training Loss: 0.0010645811849288524, Train Accuracy: 0.955353373015873, Validation Loss: 0.0010632318570973382, Validation Accuracy: 0.9565269841269841
2024-11-02 12:39:13,396 - INFO - Epoch 28/50, Training Loss: 0.0010644513916638163, Train Accuracy: 0.9554754960317461, Validation Loss: 0.0010638794141629385, Validation Accuracy: 0.9560075396825397
2024-11-02 12:41:49,135 - INFO - Epoch 29/50, Training Loss: 0.0010643549881757253, Train Accuracy: 0.9556145833333334, Validation Loss: 0.0010636423597260127, Validation Accuracy: 0.9562869047619048
2024-11-02 12:44:25,298 - INFO - Epoch 30/50, Training Loss: 0.0010642833321813554, Train Accuracy: 0.955693253968254, Validation Loss: 0.001066823205067998, Validation Accuracy: 0.9527948412698413
2024-11-02 12:47:01,940 - INFO - Epoch 31/50, Training Loss: 0.0010641956939938522, Train Accuracy: 0.9557542658730158, Validation Loss: 0.0010645110240058294, Validation Accuracy: 0.9552988095238095
2024-11-02 12:49:40,457 - INFO - Epoch 32/50, Training Loss: 0.0010641257830318952, Train Accuracy: 0.9558376984126984, Validation Loss: 0.0010631891758668991, Validation Accuracy: 0.9568515873015873
2024-11-02 12:52:18,186 - INFO - Epoch 33/50, Training Loss: 0.001064109688819874, Train Accuracy: 0.9558710317460317, Validation Loss: 0.0010629333916637633, Validation Accuracy: 0.9568698412698413
2024-11-02 12:54:54,643 - INFO - Epoch 34/50, Training Loss: 0.001063890979841115, Train Accuracy: 0.9561011904761905, Validation Loss: 0.0010641792351291292, Validation Accuracy: 0.9557178571428572
2024-11-02 12:57:31,054 - INFO - Epoch 35/50, Training Loss: 0.0010638807043787978, Train Accuracy: 0.9560974206349206, Validation Loss: 0.0010656655607715485, Validation Accuracy: 0.9543865079365079
2024-11-02 13:00:07,273 - INFO - Epoch 36/50, Training Loss: 0.0010637743726964034, Train Accuracy: 0.956206746031746, Validation Loss: 0.0010630196793211832, Validation Accuracy: 0.9570067460317461
2024-11-02 13:02:42,757 - INFO - Epoch 37/50, Training Loss: 0.0010637085823667427, Train Accuracy: 0.9562796626984127, Validation Loss: 0.0010653023127052518, Validation Accuracy: 0.9544285714285714
2024-11-02 13:05:18,944 - INFO - Epoch 38/50, Training Loss: 0.0010636604987794445, Train Accuracy: 0.9563363095238095, Validation Loss: 0.0010638993522004475, Validation Accuracy: 0.9557761904761904
2024-11-02 13:07:54,608 - INFO - Epoch 39/50, Training Loss: 0.0010635595211552248, Train Accuracy: 0.9564209325396825, Validation Loss: 0.00106430752490248, Validation Accuracy: 0.9559531746031746
2024-11-02 13:10:31,709 - INFO - Epoch 40/50, Training Loss: 0.0010635437196800633, Train Accuracy: 0.9564474206349206, Validation Loss: 0.0010647096746970737, Validation Accuracy: 0.9555444444444444
2024-11-02 13:13:06,732 - INFO - Epoch 41/50, Training Loss: 0.0010634084487481724, Train Accuracy: 0.9565780753968254, Validation Loss: 0.0010638529049498695, Validation Accuracy: 0.9560242063492064
2024-11-02 13:15:44,355 - INFO - Epoch 42/50, Training Loss: 0.0010633893224928114, Train Accuracy: 0.9565958333333333, Validation Loss: 0.001062797266339499, Validation Accuracy: 0.957306746031746
2024-11-02 13:18:18,801 - INFO - Epoch 43/50, Training Loss: 0.001063430735125901, Train Accuracy: 0.9565819444444444, Validation Loss: 0.0010638147140779194, Validation Accuracy: 0.9560075396825397
2024-11-02 13:20:53,904 - INFO - Epoch 44/50, Training Loss: 0.0010632900331228499, Train Accuracy: 0.9567060515873016, Validation Loss: 0.0010627054139735208, Validation Accuracy: 0.9572507936507937
2024-11-02 13:23:31,830 - INFO - Epoch 45/50, Training Loss: 0.0010632595528212805, Train Accuracy: 0.9567611111111111, Validation Loss: 0.0010626080985580173, Validation Accuracy: 0.957302380952381
2024-11-02 13:26:08,992 - INFO - Epoch 46/50, Training Loss: 0.0010632594246003362, Train Accuracy: 0.9567645833333334, Validation Loss: 0.0010619372504571127, Validation Accuracy: 0.9580706349206349
2024-11-02 13:28:44,664 - INFO - Epoch 47/50, Training Loss: 0.001063196126513538, Train Accuracy: 0.9568089285714285, Validation Loss: 0.0010623726777141056, Validation Accuracy: 0.9577734126984127
2024-11-02 13:31:19,542 - INFO - Epoch 48/50, Training Loss: 0.0010631531992483707, Train Accuracy: 0.9568640873015873, Validation Loss: 0.0010638905887565915, Validation Accuracy: 0.9566170634920635
2024-11-02 13:33:55,613 - INFO - Epoch 49/50, Training Loss: 0.0010631996789030613, Train Accuracy: 0.9568244047619048, Validation Loss: 0.0010628093731781794, Validation Accuracy: 0.9571309523809524
2024-11-02 13:36:31,602 - INFO - Epoch 50/50, Training Loss: 0.0010631522195561538, Train Accuracy: 0.9568698412698413, Validation Loss: 0.001062982089888482, Validation Accuracy: 0.9569345238095238
2024-11-02 13:36:31,603 - INFO - total time taken to train the model: 131.49 min
2024-11-02 13:36:31,603 - INFO - Memory usage: rss=16.67 GB, vms=45.48 GB, shared=1.01 GB, text=0.00 GB, data=21.43 GB
2024-11-02 13:36:31,603 - INFO - Maximum training accuracy = 0.9567646
2024-11-02 13:36:31,603 - INFO - Maximum validation accuracy = 0.9580706
