2024-10-23 17:27:33,129 - INFO - Model path: /home/chadmi.20/model_training/model/AMAISE_train_dataset/human_host_7000_1200_length_range/modelInitialFFNN_4mer.pth
2024-10-23 17:27:33,129 - INFO - Input path: /home/shared_tools_data/seq2vec/AMAISE_human_host_7000_1200_length_range_4mer.csv
2024-10-23 17:27:33,129 - INFO - Labels path: /home/shared_tools_data/AMAISE_dataset/training_dataset/human_host_7000_1200_length_range/amaise_train_true_labels.csv
2024-10-23 17:27:33,129 - INFO - Results path: /home/chadmi.20/model_training/output/AMAISE_train_dataset/human_host_7000_1200_length_range/modelInitialFFNN_4mer
2024-10-23 17:27:33,129 - INFO - Learning rate: 0.001
2024-10-23 17:27:33,129 - INFO - Batch size: 1024
2024-10-23 17:27:33,129 - INFO - # Epoches: 50
2024-10-23 17:27:33,650 - INFO - Device: cuda
2024-10-23 17:27:33,650 - INFO - Loading label data...
2024-10-23 17:27:45,583 - INFO - Loading input data...
2024-10-23 17:32:32,547 - INFO - parsing data...
2024-10-23 17:32:36,738 - INFO - Total time taken to parse data: 0.06983869870503744 min
2024-10-23 17:33:24,205 - INFO - initializing the FFNN model...
2024-10-23 17:33:25,594 - INFO - training the network...
2024-10-23 17:36:02,196 - INFO - Epoch 1/50, Training Loss: 0.001202662640183218, Train Accuracy: 0.8127795634920635, Validation Loss: 0.0011020340965380744, Validation Accuracy: 0.9170452380952381
2024-10-23 17:38:37,418 - INFO - Epoch 2/50, Training Loss: 0.0010860824138399154, Train Accuracy: 0.9329651785714286, Validation Loss: 0.001077989756114899, Validation Accuracy: 0.9412706349206349
2024-10-23 17:41:10,425 - INFO - Epoch 3/50, Training Loss: 0.0010760574716778975, Train Accuracy: 0.9431342261904762, Validation Loss: 0.0010732249694211141, Validation Accuracy: 0.9458797619047619
2024-10-23 17:43:46,089 - INFO - Epoch 4/50, Training Loss: 0.0010718762264246978, Train Accuracy: 0.947457242063492, Validation Loss: 0.0010695993021367087, Validation Accuracy: 0.9496309523809524
2024-10-23 17:46:21,277 - INFO - Epoch 5/50, Training Loss: 0.0010687003602702467, Train Accuracy: 0.9507688492063492, Validation Loss: 0.0010674734153444806, Validation Accuracy: 0.9517281746031746
2024-10-23 17:48:56,221 - INFO - Epoch 6/50, Training Loss: 0.001066635837666099, Train Accuracy: 0.9528858134920635, Validation Loss: 0.0010659560382839234, Validation Accuracy: 0.9537722222222222
2024-10-23 17:51:33,850 - INFO - Epoch 7/50, Training Loss: 0.0010652892911008425, Train Accuracy: 0.9543176587301587, Validation Loss: 0.0010660034898727659, Validation Accuracy: 0.9532178571428571
2024-10-23 17:54:08,409 - INFO - Epoch 8/50, Training Loss: 0.0010640270189160392, Train Accuracy: 0.9556185515873016, Validation Loss: 0.0010633422147660028, Validation Accuracy: 0.9566769841269841
2024-10-23 17:56:44,616 - INFO - Epoch 9/50, Training Loss: 0.0010629145597181623, Train Accuracy: 0.9568100198412698, Validation Loss: 0.001060889683214445, Validation Accuracy: 0.9588289682539682
2024-10-23 17:59:20,141 - INFO - Epoch 10/50, Training Loss: 0.0010620428975967188, Train Accuracy: 0.9577108134920634, Validation Loss: 0.0010661682757120284, Validation Accuracy: 0.9539936507936508
2024-10-23 18:01:55,099 - INFO - Epoch 11/50, Training Loss: 0.0010612781649544125, Train Accuracy: 0.9585370039682539, Validation Loss: 0.0010593522449334463, Validation Accuracy: 0.9603484126984126
2024-10-23 18:04:31,637 - INFO - Epoch 12/50, Training Loss: 0.0010606888529563706, Train Accuracy: 0.9591311507936507, Validation Loss: 0.0010591500561861764, Validation Accuracy: 0.9605619047619047
2024-10-23 18:07:07,770 - INFO - Epoch 13/50, Training Loss: 0.0010603591134860403, Train Accuracy: 0.9594724206349207, Validation Loss: 0.001060207526456742, Validation Accuracy: 0.9592373015873016
2024-10-23 18:09:43,059 - INFO - Epoch 14/50, Training Loss: 0.0010593173697117776, Train Accuracy: 0.9606021825396825, Validation Loss: 0.0010585232395501365, Validation Accuracy: 0.9610519841269841
2024-10-23 18:12:18,680 - INFO - Epoch 15/50, Training Loss: 0.0010568043750311647, Train Accuracy: 0.96323125, Validation Loss: 0.001059649292722581, Validation Accuracy: 0.9602638888888889
2024-10-23 18:14:53,581 - INFO - Epoch 16/50, Training Loss: 0.0010564898785854144, Train Accuracy: 0.9635715277777778, Validation Loss: 0.001055729855147619, Validation Accuracy: 0.9644484126984127
2024-10-23 18:17:28,298 - INFO - Epoch 17/50, Training Loss: 0.0010562303976407127, Train Accuracy: 0.9638007936507936, Validation Loss: 0.0010555190942590198, Validation Accuracy: 0.9644460317460317
2024-10-23 18:20:03,433 - INFO - Epoch 18/50, Training Loss: 0.0010559642957316505, Train Accuracy: 0.9641013888888889, Validation Loss: 0.0010551109855610227, Validation Accuracy: 0.9649023809523809
2024-10-23 18:22:39,797 - INFO - Epoch 19/50, Training Loss: 0.0010557905642640968, Train Accuracy: 0.9642669642857142, Validation Loss: 0.0010561481824469944, Validation Accuracy: 0.9642333333333334
2024-10-23 18:25:12,784 - INFO - Epoch 20/50, Training Loss: 0.0010555821605026721, Train Accuracy: 0.9645224206349207, Validation Loss: 0.0010556751682644799, Validation Accuracy: 0.9641484126984127
2024-10-23 18:27:48,069 - INFO - Epoch 21/50, Training Loss: 0.0010554744374775698, Train Accuracy: 0.9646195436507936, Validation Loss: 0.0010550748010003377, Validation Accuracy: 0.9649011904761905
2024-10-23 18:30:21,624 - INFO - Epoch 22/50, Training Loss: 0.0010553008581201235, Train Accuracy: 0.9647876984126984, Validation Loss: 0.0010548396228797852, Validation Accuracy: 0.9653361111111111
2024-10-23 18:32:54,390 - INFO - Epoch 23/50, Training Loss: 0.0010551493366795872, Train Accuracy: 0.9649677579365079, Validation Loss: 0.0010542792039731192, Validation Accuracy: 0.9654944444444444
2024-10-23 18:35:30,193 - INFO - Epoch 24/50, Training Loss: 0.0010550808639753432, Train Accuracy: 0.9650490079365079, Validation Loss: 0.0010568457777064943, Validation Accuracy: 0.9628222222222222
2024-10-23 18:38:04,760 - INFO - Epoch 25/50, Training Loss: 0.001054990450635789, Train Accuracy: 0.9651149801587302, Validation Loss: 0.0010553220728087046, Validation Accuracy: 0.9652535714285714
2024-10-23 18:40:41,657 - INFO - Epoch 26/50, Training Loss: 0.0010548205991822576, Train Accuracy: 0.9653163690476191, Validation Loss: 0.0010545414794059028, Validation Accuracy: 0.9657734126984127
2024-10-23 18:43:18,520 - INFO - Epoch 27/50, Training Loss: 0.0010548161054414417, Train Accuracy: 0.9653116071428571, Validation Loss: 0.0010541196275798102, Validation Accuracy: 0.9657301587301588
2024-10-23 18:45:53,809 - INFO - Epoch 28/50, Training Loss: 0.0010547356590628624, Train Accuracy: 0.9654058531746031, Validation Loss: 0.001054238519119838, Validation Accuracy: 0.9657623015873016
2024-10-23 18:48:30,014 - INFO - Epoch 29/50, Training Loss: 0.0010545888778945756, Train Accuracy: 0.965562003968254, Validation Loss: 0.0010570010937868603, Validation Accuracy: 0.9629793650793651
2024-10-23 18:51:03,248 - INFO - Epoch 30/50, Training Loss: 0.0010545798856824164, Train Accuracy: 0.9655616071428571, Validation Loss: 0.0010580627925812253, Validation Accuracy: 0.962711507936508
2024-10-23 18:53:36,198 - INFO - Epoch 31/50, Training Loss: 0.0010544897128073943, Train Accuracy: 0.9656694444444445, Validation Loss: 0.0010531003875864876, Validation Accuracy: 0.9668964285714285
2024-10-23 18:56:08,552 - INFO - Epoch 32/50, Training Loss: 0.001054479904141691, Train Accuracy: 0.9656692460317461, Validation Loss: 0.0010535252935356563, Validation Accuracy: 0.9664912698412699
2024-10-23 18:58:41,355 - INFO - Epoch 33/50, Training Loss: 0.0010544503041676112, Train Accuracy: 0.9657229166666667, Validation Loss: 0.0010529459797200703, Validation Accuracy: 0.9671928571428572
2024-10-23 19:01:15,512 - INFO - Epoch 34/50, Training Loss: 0.0010543815188937718, Train Accuracy: 0.9657895833333333, Validation Loss: 0.0010531934628883997, Validation Accuracy: 0.9669821428571429
2024-10-23 19:03:49,857 - INFO - Epoch 35/50, Training Loss: 0.001054283411339635, Train Accuracy: 0.9658588293650794, Validation Loss: 0.0010541747018931404, Validation Accuracy: 0.9658154761904761
2024-10-23 19:06:25,725 - INFO - Epoch 36/50, Training Loss: 0.0010542553917046577, Train Accuracy: 0.9658910714285714, Validation Loss: 0.00105427563502675, Validation Accuracy: 0.9658103174603174
2024-10-23 19:09:00,132 - INFO - Epoch 37/50, Training Loss: 0.0010542409777168243, Train Accuracy: 0.9659417658730158, Validation Loss: 0.0010532553627377464, Validation Accuracy: 0.9671095238095239
2024-10-23 19:11:33,570 - INFO - Epoch 38/50, Training Loss: 0.0010542002586026986, Train Accuracy: 0.9659590277777778, Validation Loss: 0.0010540539995545432, Validation Accuracy: 0.9664686507936507
2024-10-23 19:14:05,678 - INFO - Epoch 39/50, Training Loss: 0.0010541069457810077, Train Accuracy: 0.9660760912698413, Validation Loss: 0.0010540035510347003, Validation Accuracy: 0.9660325396825397
2024-10-23 19:16:38,661 - INFO - Epoch 40/50, Training Loss: 0.0010541748348919173, Train Accuracy: 0.9659786706349206, Validation Loss: 0.0010565178854124886, Validation Accuracy: 0.9635837301587301
2024-10-23 19:19:11,921 - INFO - Epoch 41/50, Training Loss: 0.00105409133625882, Train Accuracy: 0.966088492063492, Validation Loss: 0.0010560596949997403, Validation Accuracy: 0.9642916666666667
2024-10-23 19:21:45,210 - INFO - Epoch 42/50, Training Loss: 0.0010540758218202325, Train Accuracy: 0.9660950396825397, Validation Loss: 0.0010540668689069295, Validation Accuracy: 0.9662849206349207
2024-10-23 19:24:17,442 - INFO - Epoch 43/50, Training Loss: 0.0010540597738845953, Train Accuracy: 0.9661226190476191, Validation Loss: 0.0010534193527130854, Validation Accuracy: 0.966906746031746
2024-10-23 19:26:51,530 - INFO - Epoch 44/50, Training Loss: 0.001054015550691457, Train Accuracy: 0.9661433531746032, Validation Loss: 0.0010529624227020476, Validation Accuracy: 0.9670777777777778
2024-10-23 19:29:24,801 - INFO - Epoch 45/50, Training Loss: 0.0010540011439531568, Train Accuracy: 0.9661836309523809, Validation Loss: 0.0010550911930345354, Validation Accuracy: 0.9653047619047619
2024-10-23 19:31:57,387 - INFO - Epoch 46/50, Training Loss: 0.0010539393354502935, Train Accuracy: 0.9662160714285715, Validation Loss: 0.0010569859653711319, Validation Accuracy: 0.9639753968253968
2024-10-23 19:34:31,682 - INFO - Epoch 47/50, Training Loss: 0.0010539584978587098, Train Accuracy: 0.9662189484126984, Validation Loss: 0.001055291463127212, Validation Accuracy: 0.9647551587301587
2024-10-23 19:37:03,582 - INFO - Epoch 48/50, Training Loss: 0.0010539710915632664, Train Accuracy: 0.9662075396825397, Validation Loss: 0.0010527244627948791, Validation Accuracy: 0.9674043650793651
2024-10-23 19:39:36,359 - INFO - Epoch 49/50, Training Loss: 0.0010539411172389038, Train Accuracy: 0.9662188492063493, Validation Loss: 0.0010545165091753006, Validation Accuracy: 0.9660726190476191
2024-10-23 19:42:09,752 - INFO - Epoch 50/50, Training Loss: 0.0010539677537268117, Train Accuracy: 0.9662364087301587, Validation Loss: 0.001053826391365793, Validation Accuracy: 0.9661551587301588
2024-10-23 19:42:09,753 - INFO - total time taken to train the model: 128.74 min
2024-10-23 19:42:09,753 - INFO - Memory usage: rss=42.52 GB, vms=71.36 GB, shared=1.01 GB, text=0.00 GB, data=47.27 GB
2024-10-23 19:42:09,753 - INFO - Maximum training accuracy = 0.97
2024-10-23 19:42:09,753 - INFO - Maximum validation accuracy = 0.97
