2024-10-24 03:24:25,766 - INFO - Model path: /home/chadmi.20/model_training/model/AMAISE_train_dataset/human_host_7000_1200_length_range/modelInitialFFNN_3mer.pth
2024-10-24 03:24:25,766 - INFO - Input path: /home/shared_tools_data/seq2vec/AMAISE_human_host_7000_1200_length_range_3mer.csv
2024-10-24 03:24:25,766 - INFO - Labels path: /home/shared_tools_data/AMAISE_dataset/training_dataset/human_host_7000_1200_length_range/amaise_train_true_labels.csv
2024-10-24 03:24:25,766 - INFO - Results path: /home/chadmi.20/model_training/output/AMAISE_train_dataset/human_host_7000_1200_length_range/modelInitialFFNN_3mer
2024-10-24 03:24:25,766 - INFO - Learning rate: 0.001
2024-10-24 03:24:25,766 - INFO - Batch size: 1024
2024-10-24 03:24:25,766 - INFO - # Epoches: 50
2024-10-24 03:24:26,332 - INFO - Device: cuda
2024-10-24 03:24:26,332 - INFO - Loading label data...
2024-10-24 03:24:37,442 - INFO - Loading input data...
2024-10-24 03:25:34,158 - INFO - parsing data...
2024-10-24 03:25:35,228 - INFO - Total time taken to parse data: 0.017840751012166343 min
2024-10-24 03:25:51,015 - INFO - initializing the FFNN model...
2024-10-24 03:25:52,911 - INFO - training the network...
2024-10-24 03:28:33,227 - INFO - Epoch 1/50, Training Loss: 0.0012562486297199651, Train Accuracy: 0.7578099206349206, Validation Loss: 0.0011268075021959487, Validation Accuracy: 0.8911297619047619
2024-10-24 03:31:10,109 - INFO - Epoch 2/50, Training Loss: 0.0011114149240629067, Train Accuracy: 0.9070487103174604, Validation Loss: 0.0011023657070265876, Validation Accuracy: 0.9160730158730159
2024-10-24 03:33:47,579 - INFO - Epoch 3/50, Training Loss: 0.001094021181442908, Train Accuracy: 0.9249788690476191, Validation Loss: 0.0010891123836475705, Validation Accuracy: 0.929865873015873
2024-10-24 03:36:24,823 - INFO - Epoch 4/50, Training Loss: 0.0010864618129673457, Train Accuracy: 0.9327631944444444, Validation Loss: 0.0010830626209576925, Validation Accuracy: 0.9360948412698412
2024-10-24 03:39:02,187 - INFO - Epoch 5/50, Training Loss: 0.001081897121301246, Train Accuracy: 0.9374612103174603, Validation Loss: 0.0010787622195387644, Validation Accuracy: 0.9408222222222222
2024-10-24 03:41:39,201 - INFO - Epoch 6/50, Training Loss: 0.0010790986863157105, Train Accuracy: 0.9403488095238095, Validation Loss: 0.0010782650936217535, Validation Accuracy: 0.9407968253968254
2024-10-24 03:44:16,288 - INFO - Epoch 7/50, Training Loss: 0.0010773593763392124, Train Accuracy: 0.9421610119047619, Validation Loss: 0.0010753649391352185, Validation Accuracy: 0.944390873015873
2024-10-24 03:46:52,342 - INFO - Epoch 8/50, Training Loss: 0.0010752990044889943, Train Accuracy: 0.9442802579365079, Validation Loss: 0.001073928136059216, Validation Accuracy: 0.9457492063492063
2024-10-24 03:49:30,408 - INFO - Epoch 9/50, Training Loss: 0.0010740303983054465, Train Accuracy: 0.9455828373015873, Validation Loss: 0.0010739945395125284, Validation Accuracy: 0.945413492063492
2024-10-24 03:52:06,717 - INFO - Epoch 10/50, Training Loss: 0.0010730428500189669, Train Accuracy: 0.9465997023809524, Validation Loss: 0.0010750825201708172, Validation Accuracy: 0.9439789682539682
2024-10-24 03:54:42,816 - INFO - Epoch 11/50, Training Loss: 0.0010723699259024763, Train Accuracy: 0.9473063492063492, Validation Loss: 0.0010716670683925114, Validation Accuracy: 0.9484666666666667
2024-10-24 03:57:20,168 - INFO - Epoch 12/50, Training Loss: 0.0010717728459882358, Train Accuracy: 0.9479334325396825, Validation Loss: 0.001070782779985004, Validation Accuracy: 0.949025
2024-10-24 03:59:57,749 - INFO - Epoch 13/50, Training Loss: 0.0010712031511087266, Train Accuracy: 0.9485095238095238, Validation Loss: 0.0010690318115173824, Validation Accuracy: 0.9508230158730159
2024-10-24 04:02:35,992 - INFO - Epoch 14/50, Training Loss: 0.0010706011083154452, Train Accuracy: 0.9491767857142858, Validation Loss: 0.0010684393805643869, Validation Accuracy: 0.9516789682539682
2024-10-24 04:05:14,005 - INFO - Epoch 15/50, Training Loss: 0.0010669852325249287, Train Accuracy: 0.9530188492063492, Validation Loss: 0.0010666792151473817, Validation Accuracy: 0.9533007936507937
2024-10-24 04:07:51,473 - INFO - Epoch 16/50, Training Loss: 0.001066174981577529, Train Accuracy: 0.9537873015873016, Validation Loss: 0.0010658567839671694, Validation Accuracy: 0.9536845238095238
2024-10-24 04:10:29,627 - INFO - Epoch 17/50, Training Loss: 0.001065832279634381, Train Accuracy: 0.9541580357142857, Validation Loss: 0.001067094573189342, Validation Accuracy: 0.9526912698412698
2024-10-24 04:13:05,768 - INFO - Epoch 18/50, Training Loss: 0.001065553852880285, Train Accuracy: 0.9544246031746032, Validation Loss: 0.0010655153374823313, Validation Accuracy: 0.9545583333333333
2024-10-24 04:15:42,473 - INFO - Epoch 19/50, Training Loss: 0.0010653178129167785, Train Accuracy: 0.9546840277777778, Validation Loss: 0.0010654730180899303, Validation Accuracy: 0.9541833333333334
2024-10-24 04:18:22,472 - INFO - Epoch 20/50, Training Loss: 0.0010650082616697229, Train Accuracy: 0.9549920634920634, Validation Loss: 0.001065832440531443, Validation Accuracy: 0.9538615079365079
2024-10-24 04:21:01,983 - INFO - Epoch 21/50, Training Loss: 0.001064807170097317, Train Accuracy: 0.9552126984126984, Validation Loss: 0.001066433872731905, Validation Accuracy: 0.9535972222222222
2024-10-24 04:23:39,768 - INFO - Epoch 22/50, Training Loss: 0.0010645453321200514, Train Accuracy: 0.9555136904761905, Validation Loss: 0.001063818007896817, Validation Accuracy: 0.9559674603174603
2024-10-24 04:26:17,022 - INFO - Epoch 23/50, Training Loss: 0.0010643649673887663, Train Accuracy: 0.9556935515873016, Validation Loss: 0.0010649937500083258, Validation Accuracy: 0.9548440476190476
2024-10-24 04:28:56,595 - INFO - Epoch 24/50, Training Loss: 0.0010641877327173476, Train Accuracy: 0.9558785714285715, Validation Loss: 0.001067412560610544, Validation Accuracy: 0.952820634920635
2024-10-24 04:31:34,135 - INFO - Epoch 25/50, Training Loss: 0.0010640251526402103, Train Accuracy: 0.956030753968254, Validation Loss: 0.0010641236328416401, Validation Accuracy: 0.9560345238095238
2024-10-24 04:34:14,473 - INFO - Epoch 26/50, Training Loss: 0.0010638921275498375, Train Accuracy: 0.9561998015873016, Validation Loss: 0.0010634413305256102, Validation Accuracy: 0.9567376984126984
2024-10-24 04:36:51,350 - INFO - Epoch 27/50, Training Loss: 0.0010637434438344033, Train Accuracy: 0.9563814484126985, Validation Loss: 0.0010627160961665803, Validation Accuracy: 0.9572380952380952
2024-10-24 04:39:28,776 - INFO - Epoch 28/50, Training Loss: 0.0010636683180100387, Train Accuracy: 0.9564347222222223, Validation Loss: 0.0010638548359038337, Validation Accuracy: 0.9562075396825397
2024-10-24 04:42:05,659 - INFO - Epoch 29/50, Training Loss: 0.001063578092590684, Train Accuracy: 0.956539880952381, Validation Loss: 0.0010662135057033055, Validation Accuracy: 0.9546059523809524
2024-10-24 04:44:42,350 - INFO - Epoch 30/50, Training Loss: 0.001063483392470886, Train Accuracy: 0.9566321428571428, Validation Loss: 0.001064628028207355, Validation Accuracy: 0.9553392857142857
2024-10-24 04:47:19,243 - INFO - Epoch 31/50, Training Loss: 0.001063329052109094, Train Accuracy: 0.9567999007936508, Validation Loss: 0.001062932770640131, Validation Accuracy: 0.9569920634920634
2024-10-24 04:49:56,750 - INFO - Epoch 32/50, Training Loss: 0.001063252047283782, Train Accuracy: 0.9568373015873016, Validation Loss: 0.0010630992750799845, Validation Accuracy: 0.9567980158730158
2024-10-24 04:52:34,555 - INFO - Epoch 33/50, Training Loss: 0.0010631484833501634, Train Accuracy: 0.956999503968254, Validation Loss: 0.0010637060317728255, Validation Accuracy: 0.9566031746031746
2024-10-24 04:55:11,740 - INFO - Epoch 34/50, Training Loss: 0.0010630660460108803, Train Accuracy: 0.9570613095238095, Validation Loss: 0.0010625048310037644, Validation Accuracy: 0.9573440476190476
2024-10-24 04:57:50,387 - INFO - Epoch 35/50, Training Loss: 0.0010630380684066387, Train Accuracy: 0.9570911706349207, Validation Loss: 0.0010637723377299687, Validation Accuracy: 0.9564238095238096
2024-10-24 05:00:28,247 - INFO - Epoch 36/50, Training Loss: 0.0010630284465612872, Train Accuracy: 0.957065873015873, Validation Loss: 0.001064975223229045, Validation Accuracy: 0.955406746031746
2024-10-24 05:03:06,527 - INFO - Epoch 37/50, Training Loss: 0.0010629109400960189, Train Accuracy: 0.9572291666666667, Validation Loss: 0.0010627502426741615, Validation Accuracy: 0.9573511904761904
2024-10-24 05:05:43,959 - INFO - Epoch 38/50, Training Loss: 0.0010627382033755854, Train Accuracy: 0.9574080357142857, Validation Loss: 0.0010646625453990604, Validation Accuracy: 0.9551388888888889
2024-10-24 05:08:21,069 - INFO - Epoch 39/50, Training Loss: 0.0010626951465531002, Train Accuracy: 0.9574664682539683, Validation Loss: 0.0010634074159557858, Validation Accuracy: 0.9564757936507936
2024-10-24 05:10:59,156 - INFO - Epoch 40/50, Training Loss: 0.00106264885648612, Train Accuracy: 0.9575077380952381, Validation Loss: 0.0010631530613653243, Validation Accuracy: 0.9570357142857143
2024-10-24 05:13:37,688 - INFO - Epoch 41/50, Training Loss: 0.0010626187224591535, Train Accuracy: 0.9575373015873015, Validation Loss: 0.0010648795955237888, Validation Accuracy: 0.9555833333333333
2024-10-24 05:16:15,420 - INFO - Epoch 42/50, Training Loss: 0.0010625930103044662, Train Accuracy: 0.9575800595238095, Validation Loss: 0.0010615910938807896, Validation Accuracy: 0.9586503968253969
2024-10-24 05:18:51,941 - INFO - Epoch 43/50, Training Loss: 0.0010624954457439128, Train Accuracy: 0.9576698412698412, Validation Loss: 0.001062909400415799, Validation Accuracy: 0.9573583333333333
2024-10-24 05:21:29,159 - INFO - Epoch 44/50, Training Loss: 0.0010624816082299702, Train Accuracy: 0.9576652777777778, Validation Loss: 0.0010618150991579844, Validation Accuracy: 0.9582222222222222
2024-10-24 05:24:07,327 - INFO - Epoch 45/50, Training Loss: 0.001062438412838512, Train Accuracy: 0.9577413690476191, Validation Loss: 0.0010626935566701587, Validation Accuracy: 0.9573452380952381
2024-10-24 05:26:43,535 - INFO - Epoch 46/50, Training Loss: 0.0010624025152197905, Train Accuracy: 0.9577564484126984, Validation Loss: 0.0010632849376826059, Validation Accuracy: 0.9566365079365079
2024-10-24 05:29:22,076 - INFO - Epoch 47/50, Training Loss: 0.0010623572537232014, Train Accuracy: 0.9578319444444444, Validation Loss: 0.0010645604243354192, Validation Accuracy: 0.9558305555555555
2024-10-24 05:31:59,088 - INFO - Epoch 48/50, Training Loss: 0.0010623165220140466, Train Accuracy: 0.957855753968254, Validation Loss: 0.0010639288045111157, Validation Accuracy: 0.9560313492063492
2024-10-24 05:34:37,421 - INFO - Epoch 49/50, Training Loss: 0.0010622705975695261, Train Accuracy: 0.9578954365079365, Validation Loss: 0.0010615268756945927, Validation Accuracy: 0.9588198412698413
2024-10-24 05:37:13,657 - INFO - Epoch 50/50, Training Loss: 0.001062285443537292, Train Accuracy: 0.9578986111111111, Validation Loss: 0.0010625689795565984, Validation Accuracy: 0.9576305555555555
2024-10-24 05:37:13,658 - INFO - total time taken to train the model: 131.35 min
2024-10-24 05:37:13,658 - INFO - Memory usage: rss=12.77 GB, vms=41.58 GB, shared=1.01 GB, text=0.00 GB, data=17.52 GB
2024-10-24 05:37:13,658 - INFO - Maximum training accuracy = 0.9578954
2024-10-24 05:37:13,658 - INFO - Maximum validation accuracy = 0.9588198
