2024-09-14 13:04:29,511 - INFO - Model path: /home/chadmi.20/model_training/model/modelAMAISEPRO.pth
2024-09-14 13:04:29,511 - INFO - Input path: /home/chadmi.20/model_training/seq2vec/human_train_kraken_kmer_3.csv
2024-09-14 13:04:29,512 - INFO - Labels path: /mnt/disk-3/home/shared/human/train/human_train_kraken_labels.csv
2024-09-14 13:04:29,512 - INFO - Results path: /home/chadmi.20/model_training/output/modelAMAISEPRO
2024-09-14 13:04:29,512 - INFO - Learning rate: 0.001
2024-09-14 13:04:29,512 - INFO - Batch size: 1024
2024-09-14 13:04:29,512 - INFO - # Epoches: 50
2024-09-14 13:04:30,031 - INFO - Device: cuda
2024-09-14 13:04:48,488 - INFO - parsing data...
2024-09-14 13:05:53,809 - INFO - Total time taken to parse data: 1.0886801441510519 min
2024-09-14 13:07:12,542 - INFO - initializing the TCN model...
2024-09-14 13:07:13,802 - INFO - training the network...
2024-09-14 13:11:15,597 - INFO - Epoch 1/50, Training Loss: 0.000794882731641951, Train Accuracy: 0.6841552993330294, Validation Loss: 0.00042560984259422646, Validation Accuracy: 0.8477570271356358
2024-09-14 13:15:05,104 - INFO - Epoch 2/50, Training Loss: 0.00033248055940666917, Train Accuracy: 0.8795082903368059, Validation Loss: 0.00027736971396971383, Validation Accuracy: 0.8991391891034454
2024-09-14 13:18:55,609 - INFO - Epoch 3/50, Training Loss: 0.00024421522982200674, Train Accuracy: 0.9120153042610184, Validation Loss: 0.00021722269866365218, Validation Accuracy: 0.9217687866161883
2024-09-14 13:23:02,609 - INFO - Epoch 4/50, Training Loss: 0.00020745832108148943, Train Accuracy: 0.9255440087392491, Validation Loss: 0.0002486573230732123, Validation Accuracy: 0.9104640341786341
2024-09-14 13:27:08,293 - INFO - Epoch 5/50, Training Loss: 0.00018557633251209665, Train Accuracy: 0.9335617727647182, Validation Loss: 0.00016385446682776273, Validation Accuracy: 0.9417799961929739
2024-09-14 13:30:59,630 - INFO - Epoch 6/50, Training Loss: 0.00017113733835858838, Train Accuracy: 0.9389563872976325, Validation Loss: 0.00015874924513821734, Validation Accuracy: 0.9434667202470337
2024-09-14 13:34:52,575 - INFO - Epoch 7/50, Training Loss: 0.00015948579583138867, Train Accuracy: 0.9431721443837318, Validation Loss: 0.00015750457493998078, Validation Accuracy: 0.9437268670290392
2024-09-14 13:38:57,118 - INFO - Epoch 8/50, Training Loss: 0.00015138572071048424, Train Accuracy: 0.946105672580606, Validation Loss: 0.0001604390953194936, Validation Accuracy: 0.9427782830312388
2024-09-14 13:43:13,158 - INFO - Epoch 9/50, Training Loss: 0.00014428120253950566, Train Accuracy: 0.9486317956809244, Validation Loss: 0.0001433946995926938, Validation Accuracy: 0.9485173748440177
2024-09-14 13:47:27,337 - INFO - Epoch 10/50, Training Loss: 0.0001386709169455299, Train Accuracy: 0.9507497205534152, Validation Loss: 0.00013095118387166106, Validation Accuracy: 0.9533491254415093
2024-09-14 13:51:40,481 - INFO - Epoch 11/50, Training Loss: 0.000133602805798606, Train Accuracy: 0.952593222005903, Validation Loss: 0.00012512194438175648, Validation Accuracy: 0.955598443349337
2024-09-14 13:56:22,100 - INFO - Epoch 12/50, Training Loss: 0.00012917390909971484, Train Accuracy: 0.9542506019866352, Validation Loss: 0.00013141351853248565, Validation Accuracy: 0.9532190520505065
2024-09-14 14:00:31,835 - INFO - Epoch 13/50, Training Loss: 0.00012516645042878613, Train Accuracy: 0.9555997182797723, Validation Loss: 0.00012245780969442132, Validation Accuracy: 0.9564909794632093
2024-09-14 14:04:25,350 - INFO - Epoch 14/50, Training Loss: 0.0001216316940687368, Train Accuracy: 0.9568383249490545, Validation Loss: 0.00012005191301933156, Validation Accuracy: 0.9575357966202068
2024-09-14 14:08:20,917 - INFO - Epoch 15/50, Training Loss: 0.00011825908380351521, Train Accuracy: 0.9580925298666799, Validation Loss: 0.00011569891297593592, Validation Accuracy: 0.9588333580085023
2024-09-14 14:12:19,038 - INFO - Epoch 16/50, Training Loss: 0.00011534706906245899, Train Accuracy: 0.9590212865858236, Validation Loss: 0.00011858742638663822, Validation Accuracy: 0.9579186142425076
2024-09-14 14:16:11,720 - INFO - Epoch 17/50, Training Loss: 0.00011295635115382448, Train Accuracy: 0.9600235401361437, Validation Loss: 0.00011806586549571317, Validation Accuracy: 0.9575675218375246
2024-09-14 14:20:03,974 - INFO - Epoch 18/50, Training Loss: 0.00011020815659719917, Train Accuracy: 0.9609607569221854, Validation Loss: 0.00010737289497360724, Validation Accuracy: 0.9619456018273725
2024-09-14 14:24:02,392 - INFO - Epoch 19/50, Training Loss: 0.00010808286014343478, Train Accuracy: 0.9617242779597279, Validation Loss: 0.00010073975810219307, Validation Accuracy: 0.9646644529515027
2024-09-14 14:27:51,937 - INFO - Epoch 20/50, Training Loss: 0.00010568503222718002, Train Accuracy: 0.9624687638467501, Validation Loss: 9.906968358203756e-05, Validation Accuracy: 0.9650271779361689
2024-09-14 14:31:40,970 - INFO - Epoch 21/50, Training Loss: 0.00010406052208605535, Train Accuracy: 0.9631090851600909, Validation Loss: 0.00010501598272614364, Validation Accuracy: 0.9630454093610541
2024-09-14 14:35:29,925 - INFO - Epoch 22/50, Training Loss: 0.00010229913695471877, Train Accuracy: 0.9636965310553193, Validation Loss: 9.891195350572876e-05, Validation Accuracy: 0.965025062921681
2024-09-14 14:39:27,608 - INFO - Epoch 23/50, Training Loss: 0.00010001371654592614, Train Accuracy: 0.9646125976741161, Validation Loss: 0.00010303524487381299, Validation Accuracy: 0.9634842748672828
2024-09-14 14:43:21,575 - INFO - Epoch 24/50, Training Loss: 9.834191887702923e-05, Train Accuracy: 0.9652225156220423, Validation Loss: 0.00010378954970740326, Validation Accuracy: 0.9630147416509803
2024-09-14 14:47:13,278 - INFO - Epoch 25/50, Training Loss: 9.668340290814021e-05, Train Accuracy: 0.9657232458315664, Validation Loss: 9.31890296928093e-05, Validation Accuracy: 0.9672426556121909
2024-09-14 14:51:12,839 - INFO - Epoch 26/50, Training Loss: 9.514417241233371e-05, Train Accuracy: 0.9662694489006671, Validation Loss: 9.0735266003844e-05, Validation Accuracy: 0.9680611662189886
2024-09-14 14:55:07,390 - INFO - Epoch 27/50, Training Loss: 9.385774086926057e-05, Train Accuracy: 0.9667738803894592, Validation Loss: 8.984325923505757e-05, Validation Accuracy: 0.9679638755525475
2024-09-14 14:59:18,202 - INFO - Epoch 28/50, Training Loss: 9.257955807437714e-05, Train Accuracy: 0.9671463877100608, Validation Loss: 0.00010233508089175117, Validation Accuracy: 0.9637475941710201
2024-09-14 15:03:28,487 - INFO - Epoch 29/50, Training Loss: 9.109129008791402e-05, Train Accuracy: 0.9678054797968315, Validation Loss: 9.695436558951425e-05, Validation Accuracy: 0.9658509760791861
2024-09-14 15:07:38,293 - INFO - Epoch 30/50, Training Loss: 9.000771644912193e-05, Train Accuracy: 0.968079110085563, Validation Loss: 8.672181029094208e-05, Validation Accuracy: 0.9692424018104524
2024-09-14 15:11:53,701 - INFO - Epoch 31/50, Training Loss: 8.879585048841036e-05, Train Accuracy: 0.968575081507457, Validation Loss: 8.552022230955821e-05, Validation Accuracy: 0.9697584653454876
2024-09-14 15:16:08,289 - INFO - Epoch 32/50, Training Loss: 8.781237006964156e-05, Train Accuracy: 0.9689185073480968, Validation Loss: 8.38349472166976e-05, Validation Accuracy: 0.9704849728220638
2024-09-14 15:20:21,490 - INFO - Epoch 33/50, Training Loss: 8.644335393437938e-05, Train Accuracy: 0.9693925354714742, Validation Loss: 8.543235700715303e-05, Validation Accuracy: 0.9700164971130052
2024-09-14 15:24:42,350 - INFO - Epoch 34/50, Training Loss: 8.576181731896626e-05, Train Accuracy: 0.9695855307475844, Validation Loss: 9.091892804724268e-05, Validation Accuracy: 0.9672902434381675
2024-09-14 15:28:55,064 - INFO - Epoch 35/50, Training Loss: 8.458578547062564e-05, Train Accuracy: 0.9700566507229655, Validation Loss: 9.767740964653155e-05, Validation Accuracy: 0.9652841521964426
2024-09-14 15:32:55,609 - INFO - Epoch 36/50, Training Loss: 8.375354820908034e-05, Train Accuracy: 0.9703445573745875, Validation Loss: 8.281345965977321e-05, Validation Accuracy: 0.9706488864448721
2024-09-14 15:36:55,378 - INFO - Epoch 37/50, Training Loss: 8.286490990531445e-05, Train Accuracy: 0.9706565223414504, Validation Loss: 8.871052844768545e-05, Validation Accuracy: 0.9689769674922273
2024-09-14 15:41:06,694 - INFO - Epoch 38/50, Training Loss: 8.192913407515467e-05, Train Accuracy: 0.9710084082489883, Validation Loss: 7.902613904285632e-05, Validation Accuracy: 0.9721367991370741
2024-09-14 15:45:16,222 - INFO - Epoch 39/50, Training Loss: 8.136001867675294e-05, Train Accuracy: 0.9711617469615141, Validation Loss: 8.501908424070489e-05, Validation Accuracy: 0.9699255514900277
2024-09-14 15:49:27,339 - INFO - Epoch 40/50, Training Loss: 8.032701208097724e-05, Train Accuracy: 0.9715472087595532, Validation Loss: 7.915514995244924e-05, Validation Accuracy: 0.971829064529092
2024-09-14 15:53:46,199 - INFO - Epoch 41/50, Training Loss: 7.951464403171366e-05, Train Accuracy: 0.9719083478652607, Validation Loss: 7.88087757523624e-05, Validation Accuracy: 0.9719813455722172
2024-09-14 15:58:21,406 - INFO - Epoch 42/50, Training Loss: 7.903831631031434e-05, Train Accuracy: 0.9720278463101947, Validation Loss: 7.653412383736542e-05, Validation Accuracy: 0.9732482392504389
2024-09-14 16:02:56,767 - INFO - Epoch 43/50, Training Loss: 7.830704559268557e-05, Train Accuracy: 0.9721909669750713, Validation Loss: 7.623015597800823e-05, Validation Accuracy: 0.9730261627292147
2024-09-14 16:07:05,231 - INFO - Epoch 44/50, Training Loss: 7.779610194395886e-05, Train Accuracy: 0.9724574590823577, Validation Loss: 7.330175726031272e-05, Validation Accuracy: 0.9742264334510692
2024-09-14 16:11:34,900 - INFO - Epoch 45/50, Training Loss: 7.712688969624583e-05, Train Accuracy: 0.9726459599479282, Validation Loss: 7.337327755114489e-05, Validation Accuracy: 0.9739588841183562
2024-09-14 16:16:00,582 - INFO - Epoch 46/50, Training Loss: 7.65652634651098e-05, Train Accuracy: 0.972875968016717, Validation Loss: 7.566115804833963e-05, Validation Accuracy: 0.973344472409636
2024-09-14 16:20:25,503 - INFO - Epoch 47/50, Training Loss: 7.542162832657215e-05, Train Accuracy: 0.9732053818715571, Validation Loss: 7.895422598567248e-05, Validation Accuracy: 0.9720553710792919
2024-09-14 16:24:58,885 - INFO - Epoch 48/50, Training Loss: 7.520722174817488e-05, Train Accuracy: 0.9733301678583023, Validation Loss: 7.534530293899644e-05, Validation Accuracy: 0.9733349548444407
2024-09-14 16:29:28,808 - INFO - Epoch 49/50, Training Loss: 7.470159272439513e-05, Train Accuracy: 0.9735120592966089, Validation Loss: 7.34571649335579e-05, Validation Accuracy: 0.9745341680590512
2024-09-14 16:33:48,004 - INFO - Epoch 50/50, Training Loss: 7.410893877354129e-05, Train Accuracy: 0.9737819883060725, Validation Loss: 7.403174409754817e-05, Validation Accuracy: 0.9739335039445021
2024-09-14 16:33:48,005 - INFO - total time taken to train the model: 206.57 min
2024-09-14 16:33:48,005 - INFO - Memory usage: pmem(rss=9050013696, vms=40136441856, shared=1102577664, text=2478080, lib=0, data=14155128832, dirty=0)
