2024-10-03 08:56:46,175 - INFO - Model path: /home/chadmi.20/model_training/model/human_train_kraken/modelInitialFFNN5mer.pth
2024-10-03 08:56:46,175 - INFO - Input path: /home/shared_tools_data/seq2vec/human_train_kraken_kmer_5.csv
2024-10-03 08:56:46,175 - INFO - Labels path: /mnt/disk-3/home/shared/human/train/human_train_kraken_labels.csv
2024-10-03 08:56:46,175 - INFO - Results path: /home/chadmi.20/model_training/output/human_train_kraken/modelInitialFFNN5mer
2024-10-03 08:56:46,175 - INFO - Learning rate: 0.001
2024-10-03 08:56:46,175 - INFO - Batch size: 1024
2024-10-03 08:56:46,175 - INFO - # Epoches: 50
2024-10-03 08:56:46,697 - INFO - Device: cuda
2024-10-03 09:03:49,854 - INFO - parsing data...
2024-10-03 09:04:24,138 - INFO - Total time taken to parse data: 0.571388308207194 min
2024-10-03 09:04:33,456 - INFO - initializing the FFNN model...
2024-10-03 09:04:36,337 - INFO - training the network...
2024-10-03 09:05:50,272 - INFO - Epoch 1/50, Training Loss: 0.001208185243474754, Train Accuracy: 0.8086528506724167, Validation Loss: 0.001099359215633339, Validation Accuracy: 0.9212717582115437
2024-10-03 09:07:03,298 - INFO - Epoch 2/50, Training Loss: 0.00108560315904864, Train Accuracy: 0.9342917179117594, Validation Loss: 0.0010751110957370328, Validation Accuracy: 0.9451629618662888
2024-10-03 09:08:14,805 - INFO - Epoch 3/50, Training Loss: 0.001067100237118798, Train Accuracy: 0.9529665224577764, Validation Loss: 0.0010620391738739758, Validation Accuracy: 0.9585118758063492
2024-10-03 09:09:27,220 - INFO - Epoch 4/50, Training Loss: 0.0010609550095504695, Train Accuracy: 0.9590181140607369, Validation Loss: 0.0010595411743620235, Validation Accuracy: 0.9608500243226666
2024-10-03 09:10:40,093 - INFO - Epoch 5/50, Training Loss: 0.0010573110354105035, Train Accuracy: 0.9626501265308756, Validation Loss: 0.0010545130945225738, Validation Accuracy: 0.9661491931219729
2024-10-03 09:11:55,101 - INFO - Epoch 6/50, Training Loss: 0.0010549338339887412, Train Accuracy: 0.9650522567757205, Validation Loss: 0.0010524298948537793, Validation Accuracy: 0.968140479262283
2024-10-03 09:13:09,328 - INFO - Epoch 7/50, Training Loss: 0.0010533434642850327, Train Accuracy: 0.9666887509662982, Validation Loss: 0.0010571326057695247, Validation Accuracy: 0.9635498403164061
2024-10-03 09:14:24,927 - INFO - Epoch 8/50, Training Loss: 0.0010519269106758393, Train Accuracy: 0.9681182378949662, Validation Loss: 0.0010502883272347915, Validation Accuracy: 0.9702914489964256
2024-10-03 09:15:37,959 - INFO - Epoch 9/50, Training Loss: 0.0010508638181147842, Train Accuracy: 0.969207471508081, Validation Loss: 0.0010497162050912532, Validation Accuracy: 0.9708646179226328
2024-10-03 09:16:51,283 - INFO - Epoch 10/50, Training Loss: 0.0010501350019629266, Train Accuracy: 0.9699427041969334, Validation Loss: 0.0010558864360397124, Validation Accuracy: 0.9645925424589158
2024-10-03 09:18:04,485 - INFO - Epoch 11/50, Training Loss: 0.0010483056514940493, Train Accuracy: 0.9719630739230071, Validation Loss: 0.0010437351853882651, Validation Accuracy: 0.9778272456166325
2024-10-03 09:19:15,786 - INFO - Epoch 12/50, Training Loss: 0.0010418125176402545, Train Accuracy: 0.97879219854931, Validation Loss: 0.0010424601438195217, Validation Accuracy: 0.9786002834119414
2024-10-03 09:20:26,103 - INFO - Epoch 13/50, Training Loss: 0.00104101551192389, Train Accuracy: 0.9795834791813616, Validation Loss: 0.001041081837118611, Validation Accuracy: 0.9799486051479452
2024-10-03 09:21:37,061 - INFO - Epoch 14/50, Training Loss: 0.0010405482724901865, Train Accuracy: 0.9800466678440259, Validation Loss: 0.001039685203637728, Validation Accuracy: 0.9813498022461454
2024-10-03 09:22:47,859 - INFO - Epoch 15/50, Training Loss: 0.0010401512649341155, Train Accuracy: 0.9804667630409287, Validation Loss: 0.0010406988041899267, Validation Accuracy: 0.9805059114654935
2024-10-03 09:23:59,528 - INFO - Epoch 16/50, Training Loss: 0.001039877216528715, Train Accuracy: 0.9807705323179843, Validation Loss: 0.0010397495696196758, Validation Accuracy: 0.9816395592309808
2024-10-03 09:25:10,137 - INFO - Epoch 17/50, Training Loss: 0.0010395004835680231, Train Accuracy: 0.981115280044077, Validation Loss: 0.0010387959962810842, Validation Accuracy: 0.9824866225333644
2024-10-03 09:26:23,243 - INFO - Epoch 18/50, Training Loss: 0.0010392678955499048, Train Accuracy: 0.981375955855371, Validation Loss: 0.001042031879889572, Validation Accuracy: 0.9790560690340728
2024-10-03 09:27:35,024 - INFO - Epoch 19/50, Training Loss: 0.0010389630613904515, Train Accuracy: 0.9816858058055095, Validation Loss: 0.00104038707029673, Validation Accuracy: 0.9806127196971299
2024-10-03 09:28:45,716 - INFO - Epoch 20/50, Training Loss: 0.0010385664035066763, Train Accuracy: 0.9821252005300232, Validation Loss: 0.0010408832723776053, Validation Accuracy: 0.9804604386540048
2024-10-03 09:29:55,539 - INFO - Epoch 21/50, Training Loss: 0.0010385778349700557, Train Accuracy: 0.9821177979714875, Validation Loss: 0.001041884382818786, Validation Accuracy: 0.9792538228886868
2024-10-03 09:31:06,694 - INFO - Epoch 22/50, Training Loss: 0.0010383399815080286, Train Accuracy: 0.9823282421355747, Validation Loss: 0.0010434893978239353, Validation Accuracy: 0.9777532201095578
2024-10-03 09:32:17,542 - INFO - Epoch 23/50, Training Loss: 0.0010383534545281446, Train Accuracy: 0.9823139657726844, Validation Loss: 0.0010372511740124762, Validation Accuracy: 0.9839819377762737
2024-10-03 09:33:30,513 - INFO - Epoch 24/50, Training Loss: 0.0010382246424084688, Train Accuracy: 0.9824575225328595, Validation Loss: 0.0010374390330881121, Validation Accuracy: 0.9839988578921766
2024-10-03 09:34:41,820 - INFO - Epoch 25/50, Training Loss: 0.0010379610666174227, Train Accuracy: 0.9827094739001648, Validation Loss: 0.001038990788662389, Validation Accuracy: 0.9821524502442842
2024-10-03 09:35:52,904 - INFO - Epoch 26/50, Training Loss: 0.0010379835884758097, Train Accuracy: 0.9827020713416291, Validation Loss: 0.001040388204122527, Validation Accuracy: 0.9806835726824729
2024-10-03 09:37:04,181 - INFO - Epoch 27/50, Training Loss: 0.0010377181507703964, Train Accuracy: 0.9830330714590125, Validation Loss: 0.0010380170846842147, Validation Accuracy: 0.9832289926185994
2024-10-03 09:38:15,372 - INFO - Epoch 28/50, Training Loss: 0.0010378018596707028, Train Accuracy: 0.9828955953719204, Validation Loss: 0.0010399473304461713, Validation Accuracy: 0.9811351282756287
2024-10-03 09:39:28,256 - INFO - Epoch 29/50, Training Loss: 0.0010375998137863713, Train Accuracy: 0.9831343278846978, Validation Loss: 0.0010388808607593718, Validation Accuracy: 0.9825077726782429
2024-10-03 09:40:40,796 - INFO - Epoch 30/50, Training Loss: 0.001037569344297437, Train Accuracy: 0.9831171433738112, Validation Loss: 0.0010396668322308561, Validation Accuracy: 0.981312789492608
2024-10-03 09:41:52,218 - INFO - Epoch 31/50, Training Loss: 0.0010375244563967812, Train Accuracy: 0.983218664176587, Validation Loss: 0.0010383492242901416, Validation Accuracy: 0.982743596793638
2024-10-03 09:43:02,728 - INFO - Epoch 32/50, Training Loss: 0.001037319178368032, Train Accuracy: 0.9834314877344893, Validation Loss: 0.0010364394780330425, Validation Accuracy: 0.9848004483830715
2024-10-03 09:44:12,843 - INFO - Epoch 33/50, Training Loss: 0.0010373460988486218, Train Accuracy: 0.9833733247745656, Validation Loss: 0.0010403203288778804, Validation Accuracy: 0.9810547577250904
2024-10-03 09:45:26,198 - INFO - Epoch 34/50, Training Loss: 0.0010372810164667797, Train Accuracy: 0.983475109954432, Validation Loss: 0.0010378453601236405, Validation Accuracy: 0.9832723504156003
2024-10-03 09:46:39,823 - INFO - Epoch 35/50, Training Loss: 0.0010373351741343045, Train Accuracy: 0.9834161538632367, Validation Loss: 0.0010371531578356919, Validation Accuracy: 0.9838772445591252
2024-10-03 09:47:50,357 - INFO - Epoch 36/50, Training Loss: 0.0010370605963827225, Train Accuracy: 0.983708026171217, Validation Loss: 0.0010381621029450555, Validation Accuracy: 0.9832892705315032
2024-10-03 09:49:01,360 - INFO - Epoch 37/50, Training Loss: 0.0010370558096384536, Train Accuracy: 0.9836522426051084, Validation Loss: 0.001036465942540706, Validation Accuracy: 0.9848723588756583
2024-10-03 09:50:11,837 - INFO - Epoch 38/50, Training Loss: 0.0010371395676094912, Train Accuracy: 0.9836184023375165, Validation Loss: 0.0010369779129187262, Validation Accuracy: 0.9842156468771811
2024-10-03 09:51:23,893 - INFO - Epoch 39/50, Training Loss: 0.0010371500619385109, Train Accuracy: 0.9835768951342982, Validation Loss: 0.001037831563856398, Validation Accuracy: 0.9832395676910387
2024-10-03 09:52:36,614 - INFO - Epoch 40/50, Training Loss: 0.0010369424962429791, Train Accuracy: 0.9837942131027401, Validation Loss: 0.0010387955551807435, Validation Accuracy: 0.9825511304752438
2024-10-03 09:53:49,196 - INFO - Epoch 41/50, Training Loss: 0.0010370992827451444, Train Accuracy: 0.9836279199127768, Validation Loss: 0.001037631832638841, Validation Accuracy: 0.9835938326177535
2024-10-03 09:54:59,121 - INFO - Epoch 42/50, Training Loss: 0.00103686084342838, Train Accuracy: 0.9839266660251116, Validation Loss: 0.0010428907989444589, Validation Accuracy: 0.9786954590638945
2024-10-03 09:56:09,966 - INFO - Epoch 43/50, Training Loss: 0.0010368465446206569, Train Accuracy: 0.9838994351847837, Validation Loss: 0.0010375873610512516, Validation Accuracy: 0.9838920496605402
2024-10-03 09:57:20,178 - INFO - Epoch 44/50, Training Loss: 0.0010370045673144526, Train Accuracy: 0.9837825805107554, Validation Loss: 0.0010376404076849319, Validation Accuracy: 0.9833781011399928
2024-10-03 09:58:31,333 - INFO - Epoch 45/50, Training Loss: 0.001036798282153852, Train Accuracy: 0.9839924959206615, Validation Loss: 0.0010363995264948142, Validation Accuracy: 0.9848533237452677
2024-10-03 09:59:41,455 - INFO - Epoch 46/50, Training Loss: 0.0010367162201643614, Train Accuracy: 0.9840744528187356, Validation Loss: 0.0010360128987055085, Validation Accuracy: 0.985212876208202
2024-10-03 10:00:52,525 - INFO - Epoch 47/50, Training Loss: 0.001036794253311284, Train Accuracy: 0.9839586556530696, Validation Loss: 0.0010373286836247806, Validation Accuracy: 0.9841024936020811
2024-10-03 10:02:02,899 - INFO - Epoch 48/50, Training Loss: 0.0010366078230762753, Train Accuracy: 0.9841619616357117, Validation Loss: 0.001035823105923635, Validation Accuracy: 0.9854825405554029
2024-10-03 10:03:15,268 - INFO - Epoch 49/50, Training Loss: 0.0010365943906805476, Train Accuracy: 0.9842505279610498, Validation Loss: 0.0010394073148353741, Validation Accuracy: 0.9819472938389628
2024-10-03 10:04:28,430 - INFO - Epoch 50/50, Training Loss: 0.0010367560166851095, Train Accuracy: 0.9840070366606424, Validation Loss: 0.0010375993324060816, Validation Accuracy: 0.9836054651974366
2024-10-03 10:04:28,430 - INFO - total time taken to train the model: 59.87 min
2024-10-03 10:04:28,431 - INFO - Memory usage: pmem(rss=42395947008, vms=73443139584, shared=1085276160, text=2478080, lib=0, data=47511568384, dirty=0)
