2024-10-08 02:18:47,775 - INFO - Model path: /home/chadmi.20/model_training/model/human_train_kraken/modelInitialFFNN4mer.pth
2024-10-08 02:18:47,775 - INFO - Input path: /home/shared_tools_data/seq2vec/human_train_kraken_4mer.csv
2024-10-08 02:18:47,775 - INFO - Labels path: /mnt/disk-3/home/shared/human/train/human_train_kraken_labels.csv
2024-10-08 02:18:47,775 - INFO - Results path: /home/chadmi.20/model_training/output/human_train_kraken/modelInitialFFNN4mer
2024-10-08 02:18:47,776 - INFO - Learning rate: 0.001
2024-10-08 02:18:47,776 - INFO - Batch size: 1024
2024-10-08 02:18:47,776 - INFO - # Epoches: 50
2024-10-08 02:18:48,313 - INFO - Device: cuda
2024-10-08 02:18:48,314 - INFO - Loading label data...
2024-10-08 02:18:52,085 - INFO - Loading input data...
2024-10-08 02:20:24,180 - INFO - parsing data...
2024-10-08 02:20:25,741 - INFO - Total time taken to parse data: 0.02601667642593384 min
2024-10-08 02:20:40,072 - INFO - initializing the FFNN model...
2024-10-08 02:20:41,488 - INFO - training the network...
2024-10-08 02:21:40,925 - INFO - Epoch 1/50, Training Loss: 0.0012433157104419941, Train Accuracy: 0.7708892270565629, Validation Loss: 0.0011347795849647603, Validation Accuracy: 0.8842769822973288
2024-10-08 02:22:37,897 - INFO - Epoch 2/50, Training Loss: 0.0011088155979383878, Train Accuracy: 0.9101310887365842, Validation Loss: 0.0010905255116559344, Validation Accuracy: 0.9293426534971765
2024-10-08 02:23:34,540 - INFO - Epoch 3/50, Training Loss: 0.001082399429830222, Train Accuracy: 0.937077194937919, Validation Loss: 0.0010751448564906, Validation Accuracy: 0.9449461728812842
2024-10-08 02:24:30,321 - INFO - Epoch 4/50, Training Loss: 0.0010726007515457203, Train Accuracy: 0.9468718373890541, Validation Loss: 0.001068773258887396, Validation Accuracy: 0.9515069478225926
2024-10-08 02:25:26,927 - INFO - Epoch 5/50, Training Loss: 0.0010676920923524953, Train Accuracy: 0.9518080220469344, Validation Loss: 0.001065378599830878, Validation Accuracy: 0.9547968528584421
2024-10-08 02:26:23,575 - INFO - Epoch 6/50, Training Loss: 0.001064359417921467, Train Accuracy: 0.9551743355410582, Validation Loss: 0.0010648717640675692, Validation Accuracy: 0.9555392229436772
2024-10-08 02:27:21,583 - INFO - Epoch 7/50, Training Loss: 0.0010620141892170754, Train Accuracy: 0.9575296710408737, Validation Loss: 0.0010619590554790336, Validation Accuracy: 0.9582517290243439
2024-10-08 02:28:19,884 - INFO - Epoch 8/50, Training Loss: 0.0010602657488203908, Train Accuracy: 0.9593036413185437, Validation Loss: 0.0010589655691772414, Validation Accuracy: 0.9612973498868467
2024-10-08 02:29:16,376 - INFO - Epoch 9/50, Training Loss: 0.0010587922463739965, Train Accuracy: 0.9608105907347463, Validation Loss: 0.0010575999477354847, Validation Accuracy: 0.9627683424631459
2024-10-08 02:30:14,631 - INFO - Epoch 10/50, Training Loss: 0.001057558465323592, Train Accuracy: 0.962113441037035, Validation Loss: 0.0010575058686849478, Validation Accuracy: 0.9630295467523953
2024-10-08 02:31:10,530 - INFO - Epoch 11/50, Training Loss: 0.0010566470968797032, Train Accuracy: 0.9630646698088765, Validation Loss: 0.0010559341655170143, Validation Accuracy: 0.9642710602567628
2024-10-08 02:32:06,408 - INFO - Epoch 12/50, Training Loss: 0.0010557878821139193, Train Accuracy: 0.9639759776400432, Validation Loss: 0.0010548692853798562, Validation Accuracy: 0.9654385482540555
2024-10-08 02:33:01,927 - INFO - Epoch 13/50, Training Loss: 0.0010552636617910346, Train Accuracy: 0.964466661520126, Validation Loss: 0.001054797349339504, Validation Accuracy: 0.9654956536452275
2024-10-08 02:33:59,981 - INFO - Epoch 14/50, Training Loss: 0.0010544117047660677, Train Accuracy: 0.9653724174323909, Validation Loss: 0.0010552300576800026, Validation Accuracy: 0.9650515006027791
2024-10-08 02:34:57,298 - INFO - Epoch 15/50, Training Loss: 0.0010538630994728127, Train Accuracy: 0.9659440007021856, Validation Loss: 0.0010551117255485456, Validation Accuracy: 0.9654374907468116
2024-10-08 02:35:53,168 - INFO - Epoch 16/50, Training Loss: 0.0010532842696660862, Train Accuracy: 0.9665195496283386, Validation Loss: 0.0010531924690975055, Validation Accuracy: 0.9672542881918741
2024-10-08 02:36:49,326 - INFO - Epoch 17/50, Training Loss: 0.0010529230738793663, Train Accuracy: 0.9669274834790756, Validation Loss: 0.0010552177199811914, Validation Accuracy: 0.965137158689537
2024-10-08 02:37:45,016 - INFO - Epoch 18/50, Training Loss: 0.0010525771026888952, Train Accuracy: 0.9672352184124896, Validation Loss: 0.0010535054108164708, Validation Accuracy: 0.9667942725407669
2024-10-08 02:38:41,754 - INFO - Epoch 19/50, Training Loss: 0.0010522689589181917, Train Accuracy: 0.9675707129404125, Validation Loss: 0.001051727909441842, Validation Accuracy: 0.9687326833188807
2024-10-08 02:39:40,329 - INFO - Epoch 20/50, Training Loss: 0.0010519425506871883, Train Accuracy: 0.9678914023512641, Validation Loss: 0.0010524320424917912, Validation Accuracy: 0.9683953385080688
2024-10-08 02:40:38,302 - INFO - Epoch 21/50, Training Loss: 0.0010515403048226607, Train Accuracy: 0.9683511541117511, Validation Loss: 0.0010551291771874593, Validation Accuracy: 0.9650155453564857
2024-10-08 02:41:35,850 - INFO - Epoch 22/50, Training Loss: 0.001051319557253716, Train Accuracy: 0.9685470575358575, Validation Loss: 0.0010525946284971226, Validation Accuracy: 0.9678549523064233
2024-10-08 02:42:32,023 - INFO - Epoch 23/50, Training Loss: 0.0010508972627019675, Train Accuracy: 0.9690234650530499, Validation Loss: 0.001055182377620058, Validation Accuracy: 0.9653465451238341
2024-10-08 02:43:27,528 - INFO - Epoch 24/50, Training Loss: 0.0010508555345214903, Train Accuracy: 0.9690599490915475, Validation Loss: 0.0010514559018092774, Validation Accuracy: 0.9688860218692498
2024-10-08 02:44:22,671 - INFO - Epoch 25/50, Training Loss: 0.0010505888135077198, Train Accuracy: 0.9693547295475239, Validation Loss: 0.001050903262711023, Validation Accuracy: 0.9695860916647279
2024-10-08 02:45:18,518 - INFO - Epoch 26/50, Training Loss: 0.0010502870930863017, Train Accuracy: 0.9696669588914775, Validation Loss: 0.001050980650418775, Validation Accuracy: 0.9693544975783084
2024-10-08 02:46:14,241 - INFO - Epoch 27/50, Training Loss: 0.0010502839069870594, Train Accuracy: 0.969665372628934, Validation Loss: 0.0010499247545336828, Validation Accuracy: 0.9706816691694338
2024-10-08 02:47:10,126 - INFO - Epoch 28/50, Training Loss: 0.001049926701750718, Train Accuracy: 0.9700410524746225, Validation Loss: 0.0010488245615345284, Validation Accuracy: 0.9715900678919651
2024-10-08 02:48:06,729 - INFO - Epoch 29/50, Training Loss: 0.0010498287794831207, Train Accuracy: 0.9701182505850665, Validation Loss: 0.0010498689062383932, Validation Accuracy: 0.9704077747932573
2024-10-08 02:49:03,143 - INFO - Epoch 30/50, Training Loss: 0.0010497322218041734, Train Accuracy: 0.9702044375165897, Validation Loss: 0.0010500481134945434, Validation Accuracy: 0.9703749920686957
2024-10-08 02:50:01,473 - INFO - Epoch 31/50, Training Loss: 0.0010497141808252844, Train Accuracy: 0.9702287602089213, Validation Loss: 0.0010515807502244178, Validation Accuracy: 0.9687527759565153
2024-10-08 02:50:59,571 - INFO - Epoch 32/50, Training Loss: 0.0010493940174357808, Train Accuracy: 0.970630877763666, Validation Loss: 0.0010588255542977726, Validation Accuracy: 0.96119582919143
2024-10-08 02:51:57,311 - INFO - Epoch 33/50, Training Loss: 0.0010457221405811758, Train Accuracy: 0.9746689734449075, Validation Loss: 0.0010438126584418103, Validation Accuracy: 0.9772424441107421
2024-10-08 02:52:54,849 - INFO - Epoch 34/50, Training Loss: 0.0010421920648404838, Train Accuracy: 0.9783834715673014, Validation Loss: 0.0010425264140085703, Validation Accuracy: 0.9783771493834733
2024-10-08 02:53:52,825 - INFO - Epoch 35/50, Training Loss: 0.0010420590252000833, Train Accuracy: 0.9784812910908093, Validation Loss: 0.0010424935558781638, Validation Accuracy: 0.9785791332670629
2024-10-08 02:54:50,051 - INFO - Epoch 36/50, Training Loss: 0.0010419802631778843, Train Accuracy: 0.9786034333066489, Validation Loss: 0.0010457067774681495, Validation Accuracy: 0.9756487806941477
2024-10-08 02:55:45,995 - INFO - Epoch 37/50, Training Loss: 0.0010418029114063793, Train Accuracy: 0.9788154637332794, Validation Loss: 0.0010419590470250348, Validation Accuracy: 0.9792485353524671
2024-10-08 02:56:41,951 - INFO - Epoch 38/50, Training Loss: 0.0010417310583351548, Train Accuracy: 0.9788630516095806, Validation Loss: 0.0010429346206685855, Validation Accuracy: 0.9781730504853958
2024-10-08 02:57:38,516 - INFO - Epoch 39/50, Training Loss: 0.0010415712647457922, Train Accuracy: 0.9790348967184458, Validation Loss: 0.0010420248461103473, Validation Accuracy: 0.9792273852075887
2024-10-08 02:58:35,210 - INFO - Epoch 40/50, Training Loss: 0.001041574483621888, Train Accuracy: 0.9790245860119139, Validation Loss: 0.0010420340002976114, Validation Accuracy: 0.9790698166282439
2024-10-08 02:59:33,041 - INFO - Epoch 41/50, Training Loss: 0.0010413614922225442, Train Accuracy: 0.979290020610838, Validation Loss: 0.0010449367761233743, Validation Accuracy: 0.9762938601129417
2024-10-08 03:00:30,697 - INFO - Epoch 42/50, Training Loss: 0.0010413768069866562, Train Accuracy: 0.9792979519235548, Validation Loss: 0.0010444421837624907, Validation Accuracy: 0.9766470675324126
2024-10-08 03:01:27,833 - INFO - Epoch 43/50, Training Loss: 0.0010413224342840635, Train Accuracy: 0.9793278265347883, Validation Loss: 0.001042968216403477, Validation Accuracy: 0.9783062963981304
2024-10-08 03:02:23,367 - INFO - Epoch 44/50, Training Loss: 0.001041140529807629, Train Accuracy: 0.9795031085458308, Validation Loss: 0.00104111540776663, Validation Accuracy: 0.9799909054377023
2024-10-08 03:03:19,569 - INFO - Epoch 45/50, Training Loss: 0.0010410058496857185, Train Accuracy: 0.9796694017357942, Validation Loss: 0.0010423750730994056, Validation Accuracy: 0.9788456250925319
2024-10-08 03:04:15,362 - INFO - Epoch 46/50, Training Loss: 0.0010410637661334493, Train Accuracy: 0.9795734328519202, Validation Loss: 0.0010409689347192985, Validation Accuracy: 0.9804139083352721
2024-10-08 03:05:11,525 - INFO - Epoch 47/50, Training Loss: 0.0010410740661965805, Train Accuracy: 0.9795641796537506, Validation Loss: 0.001040857298261575, Validation Accuracy: 0.9803060425963918
2024-10-08 03:06:07,604 - INFO - Epoch 48/50, Training Loss: 0.0010408432247435186, Train Accuracy: 0.9797947164767206, Validation Loss: 0.0010407214582663538, Validation Accuracy: 0.9805291766248598
2024-10-08 03:07:04,073 - INFO - Epoch 49/50, Training Loss: 0.0010408576560768843, Train Accuracy: 0.9798150735126938, Validation Loss: 0.001042797351856199, Validation Accuracy: 0.9782904337894714
2024-10-08 03:08:01,799 - INFO - Epoch 50/50, Training Loss: 0.0010407792868096337, Train Accuracy: 0.9799184449551035, Validation Loss: 0.0010423376872296922, Validation Accuracy: 0.978676423933504
2024-10-08 03:08:01,800 - INFO - total time taken to train the model: 47.34 min
2024-10-08 03:08:01,800 - INFO - Memory usage: pmem(rss=17514946560, vms=48487837696, shared=1085276160, text=2478080, lib=0, data=22623461376, dirty=0)
