2024-09-27 02:37:02,566 - INFO - Model path: /home/chadmi.20/model_training/model/human_train_kraken/modelInitialFFNN6mer.pth
2024-09-27 02:37:02,566 - INFO - Input path: /home/shared_tools_data/seq2vec/human_train_kraken_kmer_6.csv
2024-09-27 02:37:02,566 - INFO - Labels path: /mnt/disk-3/home/shared/human/train/human_train_kraken_labels.csv
2024-09-27 02:37:02,566 - INFO - Results path: /home/chadmi.20/model_training/output/human_train_kraken/modelInitialFFNN6mer
2024-09-27 02:37:02,567 - INFO - Learning rate: 0.001
2024-09-27 02:37:02,567 - INFO - Batch size: 1024
2024-09-27 02:37:02,567 - INFO - # Epoches: 50
2024-09-27 02:37:03,139 - INFO - Device: cuda
2024-09-27 03:09:13,112 - INFO - parsing data...
2024-09-27 03:12:38,762 - INFO - Total time taken to parse data: 3.427257573604584 min
2024-09-27 03:12:46,097 - INFO - initializing the FFNN model...
2024-09-27 03:12:49,170 - INFO - training the network...
2024-09-27 03:30:17,100 - INFO - Epoch 1/50, Training Loss: 0.0011945379117348862, Train Accuracy: 0.8232943183248221, Validation Loss: 0.001096565593799478, Validation Accuracy: 0.9236701846407648
2024-09-27 03:31:36,894 - INFO - Epoch 2/50, Training Loss: 0.0010786191116072623, Train Accuracy: 0.9417886590688216, Validation Loss: 0.0010707612408893982, Validation Accuracy: 0.9503288847528606
2024-09-27 03:32:56,698 - INFO - Epoch 3/50, Training Loss: 0.0010627589632527272, Train Accuracy: 0.9577964275252506, Validation Loss: 0.0010611502651645761, Validation Accuracy: 0.960086504092553
2024-09-27 03:34:16,932 - INFO - Epoch 4/50, Training Loss: 0.0010552401022615933, Train Accuracy: 0.9653483591171497, Validation Loss: 0.0010560337537204485, Validation Accuracy: 0.9649309447769717
2024-09-27 03:35:36,770 - INFO - Epoch 5/50, Training Loss: 0.0010511896753479732, Train Accuracy: 0.9693830178962141, Validation Loss: 0.0010490677159857354, Validation Accuracy: 0.9721124764704638
2024-09-27 03:36:57,433 - INFO - Epoch 6/50, Training Loss: 0.0010427873733047782, Train Accuracy: 0.978322136082291, Validation Loss: 0.0010402222535767578, Validation Accuracy: 0.9811097481017745
2024-09-27 03:38:16,562 - INFO - Epoch 7/50, Training Loss: 0.0010399133632522943, Train Accuracy: 0.9811512353283933, Validation Loss: 0.0010404492964566766, Validation Accuracy: 0.9810103424208456
2024-09-27 03:39:36,513 - INFO - Epoch 8/50, Training Loss: 0.0010389190037527038, Train Accuracy: 0.9821439713034531, Validation Loss: 0.0010379370528957126, Validation Accuracy: 0.9834204014297498
2024-09-27 03:40:55,989 - INFO - Epoch 9/50, Training Loss: 0.001038220292447287, Train Accuracy: 0.9828302942305517, Validation Loss: 0.0010414119751954987, Validation Accuracy: 0.9795816501343034
2024-09-27 03:42:15,955 - INFO - Epoch 10/50, Training Loss: 0.0010375704508629158, Train Accuracy: 0.9834669142646245, Validation Loss: 0.0010417813400647273, Validation Accuracy: 0.9792189251496373
2024-09-27 03:43:35,902 - INFO - Epoch 11/50, Training Loss: 0.0010372635654712508, Train Accuracy: 0.983776764214763, Validation Loss: 0.0010426683811257857, Validation Accuracy: 0.9791448996425626
2024-09-27 03:44:56,387 - INFO - Epoch 12/50, Training Loss: 0.0010366574561513256, Train Accuracy: 0.9844099473466587, Validation Loss: 0.0010367702213464932, Validation Accuracy: 0.984805735919291
2024-09-27 03:46:15,341 - INFO - Epoch 13/50, Training Loss: 0.0010364899801087659, Train Accuracy: 0.9845791486846183, Validation Loss: 0.0010400777884877648, Validation Accuracy: 0.981368837376536
2024-09-27 03:47:35,144 - INFO - Epoch 14/50, Training Loss: 0.0010361603446498726, Train Accuracy: 0.9849365865110579, Validation Loss: 0.0010363891523795716, Validation Accuracy: 0.9851674033967133
2024-09-27 03:48:57,077 - INFO - Epoch 15/50, Training Loss: 0.0010359812392536812, Train Accuracy: 0.9851131904075532, Validation Loss: 0.0010356808293176124, Validation Accuracy: 0.9858272879169222
2024-09-27 03:50:20,278 - INFO - Epoch 16/50, Training Loss: 0.0010357185273218179, Train Accuracy: 0.9853572104621418, Validation Loss: 0.0010346780690678697, Validation Accuracy: 0.9869323829868235
2024-09-27 03:54:23,145 - INFO - Epoch 17/50, Training Loss: 0.0010356553226124456, Train Accuracy: 0.9854164309304276, Validation Loss: 0.0010365628909495893, Validation Accuracy: 0.9848892789915611
2024-09-27 04:01:23,301 - INFO - Epoch 18/50, Training Loss: 0.0010354532066360741, Train Accuracy: 0.9856316338821449, Validation Loss: 0.001037119970928581, Validation Accuracy: 0.9841648865294728
2024-09-27 04:07:22,802 - INFO - Epoch 19/50, Training Loss: 0.001035310353763363, Train Accuracy: 0.9857936970386594, Validation Loss: 0.0010367144417564582, Validation Accuracy: 0.9848638988177069
2024-09-27 04:08:46,085 - INFO - Epoch 20/50, Training Loss: 0.0010352134145177202, Train Accuracy: 0.9859269430923026, Validation Loss: 0.001035372956785786, Validation Accuracy: 0.986013409191853
2024-09-27 04:10:10,805 - INFO - Epoch 21/50, Training Loss: 0.0010351198101908406, Train Accuracy: 0.9859946236274864, Validation Loss: 0.0010347120079508398, Validation Accuracy: 0.987023328609801
2024-09-27 04:11:32,515 - INFO - Epoch 22/50, Training Loss: 0.001035051894281543, Train Accuracy: 0.9860496140623232, Validation Loss: 0.001036068317750538, Validation Accuracy: 0.9859182335398997
2024-09-27 04:12:50,508 - INFO - Epoch 23/50, Training Loss: 0.0010349618369459707, Train Accuracy: 0.9861387091418425, Validation Loss: 0.0010349982969475636, Validation Accuracy: 0.9864670797994967
2024-09-27 04:14:09,771 - INFO - Epoch 24/50, Training Loss: 0.0010348272693369125, Train Accuracy: 0.9863034160692625, Validation Loss: 0.0010360697141690786, Validation Accuracy: 0.9856083839174299
2024-09-27 04:15:32,431 - INFO - Epoch 25/50, Training Loss: 0.0010348510560666765, Train Accuracy: 0.9862809440165649, Validation Loss: 0.0010349559861087135, Validation Accuracy: 0.9865495653645228
2024-09-27 04:16:53,539 - INFO - Epoch 26/50, Training Loss: 0.00103483476259833, Train Accuracy: 0.9862883465751006, Validation Loss: 0.0010371730353373823, Validation Accuracy: 0.9843330301812567
2024-09-27 04:18:13,116 - INFO - Epoch 27/50, Training Loss: 0.0010347356326927842, Train Accuracy: 0.9863856373444273, Validation Loss: 0.0010355315994877003, Validation Accuracy: 0.9860102366701212
2024-09-27 04:19:34,780 - INFO - Epoch 28/50, Training Loss: 0.0010348028606978722, Train Accuracy: 0.9862952203794552, Validation Loss: 0.0010360943986433583, Validation Accuracy: 0.9856802944100167
2024-09-27 04:20:56,029 - INFO - Epoch 29/50, Training Loss: 0.0010347729943975881, Train Accuracy: 0.986362900914639, Validation Loss: 0.0010367050635522448, Validation Accuracy: 0.9848660138321947
2024-09-27 04:22:12,848 - INFO - Epoch 30/50, Training Loss: 0.0010346182523831664, Train Accuracy: 0.9865046070351802, Validation Loss: 0.001035873242101881, Validation Accuracy: 0.9856950995114316
2024-09-27 04:23:29,875 - INFO - Epoch 31/50, Training Loss: 0.0010344673860425554, Train Accuracy: 0.9867124074283617, Validation Loss: 0.00103467287936289, Validation Accuracy: 0.9869175778854086
2024-09-27 04:24:46,884 - INFO - Epoch 32/50, Training Loss: 0.001034636777703096, Train Accuracy: 0.9864601916839657, Validation Loss: 0.0010366416025886867, Validation Accuracy: 0.9848829339480976
2024-09-27 04:26:04,549 - INFO - Epoch 33/50, Training Loss: 0.0010344767716945107, Train Accuracy: 0.9866566238622532, Validation Loss: 0.0010354354618008206, Validation Accuracy: 0.9861032973075865
2024-09-27 04:27:21,220 - INFO - Epoch 34/50, Training Loss: 0.0010345086130838547, Train Accuracy: 0.9866457844015402, Validation Loss: 0.0010372627393129485, Validation Accuracy: 0.9848998540640004
2024-09-27 04:28:39,039 - INFO - Epoch 35/50, Training Loss: 0.0010344513628571842, Train Accuracy: 0.9866735439960491, Validation Loss: 0.001035114611413701, Validation Accuracy: 0.9867642393350394
2024-09-27 04:29:56,113 - INFO - Epoch 36/50, Training Loss: 0.0010343933150814266, Train Accuracy: 0.9867589377963006, Validation Loss: 0.0010341786404873892, Validation Accuracy: 0.9874473890146147
2024-09-27 04:31:14,812 - INFO - Epoch 37/50, Training Loss: 0.0010344625862820937, Train Accuracy: 0.986681475308766, Validation Loss: 0.0010349173104711848, Validation Accuracy: 0.9865400477993275
2024-09-27 04:32:34,916 - INFO - Epoch 38/50, Training Loss: 0.0010344220371858832, Train Accuracy: 0.9867153155763579, Validation Loss: 0.0010341368786602521, Validation Accuracy: 0.9872591527251962
2024-09-27 04:33:52,754 - INFO - Epoch 39/50, Training Loss: 0.0010343296530088853, Train Accuracy: 0.9868255608231222, Validation Loss: 0.0010341593104846354, Validation Accuracy: 0.9872062773629999
2024-09-27 04:35:09,617 - INFO - Epoch 40/50, Training Loss: 0.0010343356343118777, Train Accuracy: 0.9868200089042204, Validation Loss: 0.0010368484028835808, Validation Accuracy: 0.984848036209048
2024-09-27 04:36:28,236 - INFO - Epoch 41/50, Training Loss: 0.0010342732303662457, Train Accuracy: 0.9868538491718123, Validation Loss: 0.0010351349155182932, Validation Accuracy: 0.9863581565533724
2024-09-27 04:37:45,720 - INFO - Epoch 42/50, Training Loss: 0.001034353681499459, Train Accuracy: 0.9867896055388058, Validation Loss: 0.0010353128961650367, Validation Accuracy: 0.9861593451915146
2024-09-27 04:39:03,518 - INFO - Epoch 43/50, Training Loss: 0.0010341931679539063, Train Accuracy: 0.98696568068112, Validation Loss: 0.0010341463282170784, Validation Accuracy: 0.9872993380004653
2024-09-27 04:40:20,353 - INFO - Epoch 44/50, Training Loss: 0.0010342891908658848, Train Accuracy: 0.986833492135839, Validation Loss: 0.0010342143050698631, Validation Accuracy: 0.987303568029441
2024-09-27 04:41:41,778 - INFO - Epoch 45/50, Training Loss: 0.001034266705156585, Train Accuracy: 0.9869165065422755, Validation Loss: 0.001042576959392791, Validation Accuracy: 0.979601742771938
2024-09-27 04:49:48,277 - INFO - Epoch 46/50, Training Loss: 0.001034235805818129, Train Accuracy: 0.986905931458653, Validation Loss: 0.001036283377929805, Validation Accuracy: 0.9850531926143694
2024-09-27 04:51:08,933 - INFO - Epoch 47/50, Training Loss: 0.0010342626232407277, Train Accuracy: 0.9868763212245101, Validation Loss: 0.0010344117659884674, Validation Accuracy: 0.9871523444935598
2024-09-27 04:52:26,181 - INFO - Epoch 48/50, Training Loss: 0.0010341390022182329, Train Accuracy: 0.986995819669444, Validation Loss: 0.0010423569926498318, Validation Accuracy: 0.9788202449186777
2024-09-27 04:53:43,247 - INFO - Epoch 49/50, Training Loss: 0.00103415089113933, Train Accuracy: 0.9870174985908701, Validation Loss: 0.0010369097047372407, Validation Accuracy: 0.9845328990503585
2024-09-27 04:54:59,955 - INFO - Epoch 50/50, Training Loss: 0.0010341257188311232, Train Accuracy: 0.987019349230504, Validation Loss: 0.001035556203784839, Validation Accuracy: 0.9860567669888539
2024-09-27 04:54:59,956 - INFO - total time taken to train the model: 102.18 min
2024-09-27 04:54:59,956 - INFO - Memory usage: pmem(rss=163660750848, vms=194999267328, shared=918552576, text=2478080, lib=0, data=168933552128, dirty=0)
