2024-09-17 10:00:47,241 - INFO - Model path: /home/chadmi.20/model_training/model/human_train_kraken/modelInitialFFNNRepeat.pth
2024-09-17 10:00:47,241 - INFO - Input path: /home/chadmi.20/model_training/seq2vec/human_train_kraken_3mer.csv
2024-09-17 10:00:47,241 - INFO - Labels path: /mnt/disk-3/home/shared/human/train/human_train_kraken_labels.csv
2024-09-17 10:00:47,241 - INFO - Results path: /home/chadmi.20/model_training/output/human_train_kraken/modelInitialFFNNRepeat
2024-09-17 10:00:47,241 - INFO - Learning rate: 0.001
2024-09-17 10:00:47,241 - INFO - Batch size: 1024
2024-09-17 10:00:47,241 - INFO - # Epoches: 50
2024-09-17 10:00:47,829 - INFO - Device: cuda
2024-09-17 10:01:09,784 - INFO - parsing data...
2024-09-17 10:01:33,999 - INFO - Total time taken to parse data: 0.4035707116127014 min
2024-09-17 10:01:44,186 - INFO - initializing the FFNN model...
2024-09-17 10:01:46,131 - INFO - training the network...
2024-09-17 10:03:16,500 - INFO - Epoch 1/50, Training Loss: 0.0012918820022890852, Train Accuracy: 0.7204484575711783, Validation Loss: 0.0012170657989844203, Validation Accuracy: 0.7975053404115818
2024-09-17 10:04:46,363 - INFO - Epoch 2/50, Training Loss: 0.0012029124842765054, Train Accuracy: 0.8114055449393466, Validation Loss: 0.0011919677142818977, Validation Accuracy: 0.823105475772509
2024-09-17 10:06:02,646 - INFO - Epoch 3/50, Training Loss: 0.0011614300102171422, Train Accuracy: 0.8548535403793706, Validation Loss: 0.0011088328760279049, Validation Accuracy: 0.9108426217719592
2024-09-17 10:07:01,165 - INFO - Epoch 4/50, Training Loss: 0.001102952889354399, Train Accuracy: 0.9157707808324494, Validation Loss: 0.0011055586458107221, Validation Accuracy: 0.9138385397939975
2024-09-17 10:07:58,590 - INFO - Epoch 5/50, Training Loss: 0.0010920891783712543, Train Accuracy: 0.926877526784043, Validation Loss: 0.0010881464278288762, Validation Accuracy: 0.9312926968549735
2024-09-17 10:08:57,243 - INFO - Epoch 6/50, Training Loss: 0.0010861012444323482, Train Accuracy: 0.9330494099632093, Validation Loss: 0.0010820300965938357, Validation Accuracy: 0.9379941202597237
2024-09-17 10:09:54,981 - INFO - Epoch 7/50, Training Loss: 0.0010812432545985145, Train Accuracy: 0.9380815635049634, Validation Loss: 0.0010791020657250185, Validation Accuracy: 0.9408292971806856
2024-09-17 10:10:54,468 - INFO - Epoch 8/50, Training Loss: 0.0010776547040690016, Train Accuracy: 0.941762485736856, Validation Loss: 0.0010804809066880736, Validation Accuracy: 0.939421755039022
2024-09-17 10:11:51,941 - INFO - Epoch 9/50, Training Loss: 0.0010751943919245065, Train Accuracy: 0.9442542398154014, Validation Loss: 0.0010740964504867708, Validation Accuracy: 0.9460047376324527
2024-09-17 10:12:49,849 - INFO - Epoch 10/50, Training Loss: 0.0010731504968431475, Train Accuracy: 0.9463660840148094, Validation Loss: 0.0010761006310446956, Validation Accuracy: 0.9433874072037394
2024-09-17 10:13:47,108 - INFO - Epoch 11/50, Training Loss: 0.0010714767574480483, Train Accuracy: 0.9480800406929217, Validation Loss: 0.0010718804012032012, Validation Accuracy: 0.948512087307798
2024-09-17 10:14:45,033 - INFO - Epoch 12/50, Training Loss: 0.0010700400414726818, Train Accuracy: 0.9495875188633054, Validation Loss: 0.0010742788900415022, Validation Accuracy: 0.9458725492269622
2024-09-17 10:15:42,296 - INFO - Epoch 13/50, Training Loss: 0.0010689207431319946, Train Accuracy: 0.9506815112640503, Validation Loss: 0.001067005219423933, Validation Accuracy: 0.9534273809775597
2024-09-17 10:16:40,369 - INFO - Epoch 14/50, Training Loss: 0.0010677864619873844, Train Accuracy: 0.9518841626490161, Validation Loss: 0.0010660870192062582, Validation Accuracy: 0.9540978405702079
2024-09-17 10:17:37,571 - INFO - Epoch 15/50, Training Loss: 0.0010667947448379487, Train Accuracy: 0.9528523115546537, Validation Loss: 0.001065937324701909, Validation Accuracy: 0.9546065015545356
2024-09-17 10:18:36,136 - INFO - Epoch 16/50, Training Loss: 0.0010659497362537611, Train Accuracy: 0.9537673206650882, Validation Loss: 0.0010666022953785721, Validation Accuracy: 0.9534178634123643
2024-09-17 10:19:33,539 - INFO - Epoch 17/50, Training Loss: 0.001065087672170903, Train Accuracy: 0.9547071812220355, Validation Loss: 0.0010645720422480963, Validation Accuracy: 0.955667181320192
2024-09-17 10:20:31,937 - INFO - Epoch 18/50, Training Loss: 0.0010644287363334095, Train Accuracy: 0.9553752621298853, Validation Loss: 0.0010692585765431748, Validation Accuracy: 0.9511135551278527
2024-09-17 10:21:29,999 - INFO - Epoch 19/50, Training Loss: 0.0010638748570868703, Train Accuracy: 0.9559212008218955, Validation Loss: 0.0010637747051626043, Validation Accuracy: 0.9563841712315729
2024-09-17 10:22:29,819 - INFO - Epoch 20/50, Training Loss: 0.0010631675206470444, Train Accuracy: 0.9566426859020388, Validation Loss: 0.0010656655304968597, Validation Accuracy: 0.9544785431780207
2024-09-17 10:23:33,336 - INFO - Epoch 21/50, Training Loss: 0.0010625883614329417, Train Accuracy: 0.957280363444474, Validation Loss: 0.0010621697675611728, Validation Accuracy: 0.958346904676297
2024-09-17 10:24:37,899 - INFO - Epoch 22/50, Training Loss: 0.0010621706068220597, Train Accuracy: 0.9576872397868487, Validation Loss: 0.001063135561610546, Validation Accuracy: 0.9572597872295425
2024-09-17 10:25:42,625 - INFO - Epoch 23/50, Training Loss: 0.0010617332360523559, Train Accuracy: 0.958135358955351, Validation Loss: 0.001063137947762946, Validation Accuracy: 0.9571709566210529
2024-09-17 10:26:44,777 - INFO - Epoch 24/50, Training Loss: 0.0010611370103719433, Train Accuracy: 0.9587796459250502, Validation Loss: 0.0010658804187238934, Validation Accuracy: 0.9544235528013367
2024-09-17 10:27:47,264 - INFO - Epoch 25/50, Training Loss: 0.0010608251933875304, Train Accuracy: 0.9590831508250152, Validation Loss: 0.0010606616790296514, Validation Accuracy: 0.9595757280937375
2024-09-17 10:28:47,958 - INFO - Epoch 26/50, Training Loss: 0.001060426167060939, Train Accuracy: 0.9595011310051934, Validation Loss: 0.0010641308196246862, Validation Accuracy: 0.9559791459571498
2024-09-17 10:29:46,051 - INFO - Epoch 27/50, Training Loss: 0.001060050020301663, Train Accuracy: 0.9598913515908627, Validation Loss: 0.00106108301041032, Validation Accuracy: 0.9593050062392927
2024-09-17 10:30:45,152 - INFO - Epoch 28/50, Training Loss: 0.0010597494058153995, Train Accuracy: 0.9601935346053749, Validation Loss: 0.0010597881939565417, Validation Accuracy: 0.9611556439161608
2024-09-17 10:31:49,251 - INFO - Epoch 29/50, Training Loss: 0.0010594922269000267, Train Accuracy: 0.9605115802453208, Validation Loss: 0.0010598110686461713, Validation Accuracy: 0.9606247752797107
2024-09-17 10:32:54,592 - INFO - Epoch 30/50, Training Loss: 0.0010592180546674561, Train Accuracy: 0.9607606234646301, Validation Loss: 0.0010618493616781407, Validation Accuracy: 0.9583595947632241
2024-09-17 10:33:58,604 - INFO - Epoch 31/50, Training Loss: 0.0010589515405575725, Train Accuracy: 0.9610138967173882, Validation Loss: 0.0010582856637431453, Validation Accuracy: 0.9622639115077938
2024-09-17 10:34:59,236 - INFO - Epoch 32/50, Training Loss: 0.0010587249043747947, Train Accuracy: 0.961251836098894, Validation Loss: 0.0010594278477550382, Validation Accuracy: 0.9614200207271419
2024-09-17 10:36:00,301 - INFO - Epoch 33/50, Training Loss: 0.0010586709526971864, Train Accuracy: 0.9613134359609948, Validation Loss: 0.001057951199000127, Validation Accuracy: 0.9624785854783106
2024-09-17 10:37:04,458 - INFO - Epoch 34/50, Training Loss: 0.0010582112998759005, Train Accuracy: 0.9618424545192091, Validation Loss: 0.0010634706458354374, Validation Accuracy: 0.9571487489689304
2024-09-17 10:38:09,497 - INFO - Epoch 35/50, Training Loss: 0.0010581314454074827, Train Accuracy: 0.9619230895318305, Validation Loss: 0.0010625510900441806, Validation Accuracy: 0.9583405596328335
2024-09-17 10:39:13,659 - INFO - Epoch 36/50, Training Loss: 0.0010579265247724996, Train Accuracy: 0.9621456950420836, Validation Loss: 0.0010590635254732993, Validation Accuracy: 0.9612487045536262
2024-09-17 10:40:17,367 - INFO - Epoch 37/50, Training Loss: 0.0010576247869856525, Train Accuracy: 0.9624145665431849, Validation Loss: 0.0010569778593488989, Validation Accuracy: 0.9637222139971658
2024-09-17 10:41:19,007 - INFO - Epoch 38/50, Training Loss: 0.0010575311565003225, Train Accuracy: 0.9624967878183497, Validation Loss: 0.0010570417684724201, Validation Accuracy: 0.9634726422875997
2024-09-17 10:42:17,302 - INFO - Epoch 39/50, Training Loss: 0.0010573350711813208, Train Accuracy: 0.9626921624882748, Validation Loss: 0.0010577976519589355, Validation Accuracy: 0.9628042977094393
2024-09-17 10:43:14,592 - INFO - Epoch 40/50, Training Loss: 0.0010572080612212872, Train Accuracy: 0.9628946753396452, Validation Loss: 0.0010569905283457082, Validation Accuracy: 0.9636756836784331
2024-09-17 10:44:12,843 - INFO - Epoch 41/50, Training Loss: 0.001057077589773411, Train Accuracy: 0.9629536314308406, Validation Loss: 0.001056717332175272, Validation Accuracy: 0.9638818975909985
2024-09-17 10:45:10,048 - INFO - Epoch 42/50, Training Loss: 0.0010569477218923793, Train Accuracy: 0.9631143727019021, Validation Loss: 0.001058387587168846, Validation Accuracy: 0.9620249148706669
2024-09-17 10:46:07,860 - INFO - Epoch 43/50, Training Loss: 0.001056912243659027, Train Accuracy: 0.9631839038767199, Validation Loss: 0.001056597426504389, Validation Accuracy: 0.9638692075040715
2024-09-17 10:47:04,845 - INFO - Epoch 44/50, Training Loss: 0.0010567264908648477, Train Accuracy: 0.9633422657539664, Validation Loss: 0.0010570983955953475, Validation Accuracy: 0.9637423066348004
2024-09-17 10:48:02,880 - INFO - Epoch 45/50, Training Loss: 0.0010565904294822144, Train Accuracy: 0.9634792130868775, Validation Loss: 0.001058158854643924, Validation Accuracy: 0.9626424991011189
2024-09-17 10:49:00,317 - INFO - Epoch 46/50, Training Loss: 0.0010565546577384437, Train Accuracy: 0.963492167564315, Validation Loss: 0.0010566248322110075, Validation Accuracy: 0.9639950508660984
2024-09-17 10:49:58,262 - INFO - Epoch 47/50, Training Loss: 0.001056374851863077, Train Accuracy: 0.9637044623680362, Validation Loss: 0.001059752593414929, Validation Accuracy: 0.96071889342442
2024-09-17 10:50:55,183 - INFO - Epoch 48/50, Training Loss: 0.0010562614384982, Train Accuracy: 0.9637980518580951, Validation Loss: 0.0010573504866461688, Validation Accuracy: 0.9630559844334934
2024-09-17 10:51:53,357 - INFO - Epoch 49/50, Training Loss: 0.0010561362095504352, Train Accuracy: 0.9639627587855151, Validation Loss: 0.0010576666488136344, Validation Accuracy: 0.9626974894778029
2024-09-17 10:52:50,787 - INFO - Epoch 50/50, Training Loss: 0.0010560551675198916, Train Accuracy: 0.9640362556166913, Validation Loss: 0.0010555178536539975, Validation Accuracy: 0.9648336541105307
2024-09-17 10:52:50,791 - INFO - total time taken to train the model: 51.08 min
2024-09-17 10:52:50,791 - INFO - Memory usage: pmem(rss=5669052416, vms=36814102528, shared=1086849024, text=2478080, lib=0, data=10849026048, dirty=0)
