2024-09-17 03:08:16,158 - INFO - Model path: /home/chadmi.20/model_training/model/modelInitialFFNN.pth
2024-09-17 03:08:16,159 - INFO - Input path: /home/chadmi.20/model_training/seq2vec/human_train_kraken_3mer.csv
2024-09-17 03:08:16,159 - INFO - Labels path: /mnt/disk-3/home/shared/human/train/human_train_kraken_labels.csv
2024-09-17 03:08:16,159 - INFO - Results path: /home/chadmi.20/model_training/output/modelInitialFFNN
2024-09-17 03:08:16,159 - INFO - Learning rate: 0.001
2024-09-17 03:08:16,159 - INFO - Batch size: 1024
2024-09-17 03:08:16,159 - INFO - # Epoches: 50
2024-09-17 03:08:16,707 - INFO - Device: cuda
2024-09-17 03:08:41,506 - INFO - parsing data...
2024-09-17 03:09:06,716 - INFO - Total time taken to parse data: 0.4201648155848185 min
2024-09-17 03:09:15,737 - INFO - initializing the FFNN model...
2024-09-17 03:09:17,575 - INFO - training the network...
2024-09-17 03:10:22,184 - INFO - Epoch 1/50, Training Loss: 0.0012774339760816549, Train Accuracy: 0.7353955451402732, Validation Loss: 0.001211171760637948, Validation Accuracy: 0.8039191218459847
2024-09-17 03:11:25,389 - INFO - Epoch 2/50, Training Loss: 0.0011986722155617024, Train Accuracy: 0.8160776168837555, Validation Loss: 0.0011912673934280906, Validation Accuracy: 0.8236469194813985
2024-09-17 03:12:24,954 - INFO - Epoch 3/50, Training Loss: 0.001178409783105088, Train Accuracy: 0.8368563343164636, Validation Loss: 0.0011743242584916001, Validation Accuracy: 0.841358050802648
2024-09-17 03:13:22,247 - INFO - Epoch 4/50, Training Loss: 0.0011154231533289458, Train Accuracy: 0.9030135287044783, Validation Loss: 0.0010977849926844367, Validation Accuracy: 0.9216154480658193
2024-09-17 03:14:19,211 - INFO - Epoch 5/50, Training Loss: 0.0010954281329104158, Train Accuracy: 0.9234247619813054, Validation Loss: 0.0010886026235333841, Validation Accuracy: 0.9309458344789662
2024-09-17 03:15:16,714 - INFO - Epoch 6/50, Training Loss: 0.0010874756624195644, Train Accuracy: 0.9316111985905529, Validation Loss: 0.0010851580653002324, Validation Accuracy: 0.9343594678623549
2024-09-17 03:16:15,777 - INFO - Epoch 7/50, Training Loss: 0.0010827480121698048, Train Accuracy: 0.9364918640594151, Validation Loss: 0.0010804421428052637, Validation Accuracy: 0.9394746304012183
2024-09-17 03:17:16,777 - INFO - Epoch 8/50, Training Loss: 0.0010792312372762001, Train Accuracy: 0.9400852774743317, Validation Loss: 0.001079544209629163, Validation Accuracy: 0.9403555339354075
2024-09-17 03:18:13,176 - INFO - Epoch 9/50, Training Loss: 0.0010763909876347912, Train Accuracy: 0.9429698959094519, Validation Loss: 0.0010742246935718095, Validation Accuracy: 0.9457572809373744
2024-09-17 03:19:10,383 - INFO - Epoch 10/50, Training Loss: 0.0010743903253490588, Train Accuracy: 0.9450251634114797, Validation Loss: 0.001079177290666996, Validation Accuracy: 0.9404443645438971
2024-09-17 03:20:07,314 - INFO - Epoch 11/50, Training Loss: 0.0010726372892278246, Train Accuracy: 0.946802570591327, Validation Loss: 0.0010741051984936127, Validation Accuracy: 0.9457752585605211
2024-09-17 03:21:04,797 - INFO - Epoch 12/50, Training Loss: 0.001071491096123771, Train Accuracy: 0.9479861868257723, Validation Loss: 0.0010700976333501983, Validation Accuracy: 0.9499143419132421
2024-09-17 03:22:01,486 - INFO - Epoch 13/50, Training Loss: 0.001070244247099519, Train Accuracy: 0.949267358206635, Validation Loss: 0.001073269957286478, Validation Accuracy: 0.9463114147331909
2024-09-17 03:22:59,206 - INFO - Epoch 14/50, Training Loss: 0.00106923321710322, Train Accuracy: 0.9503351772754143, Validation Loss: 0.0010682005871018214, Validation Accuracy: 0.9524015989509528
2024-09-17 03:23:56,237 - INFO - Epoch 15/50, Training Loss: 0.0010681066380464025, Train Accuracy: 0.9515182647556786, Validation Loss: 0.00106842102368787, Validation Accuracy: 0.9518125674160868
2024-09-17 03:24:54,918 - INFO - Epoch 16/50, Training Loss: 0.0010673019556127902, Train Accuracy: 0.9523489375742239, Validation Loss: 0.0010655727434833024, Validation Accuracy: 0.9545885239313889
2024-09-17 03:25:53,264 - INFO - Epoch 17/50, Training Loss: 0.0010664253825091207, Train Accuracy: 0.9532420033861417, Validation Loss: 0.001064997294366603, Validation Accuracy: 0.9555011526828959
2024-09-17 03:26:50,462 - INFO - Epoch 18/50, Training Loss: 0.001065633065174949, Train Accuracy: 0.9540975276511999, Validation Loss: 0.001067010202256761, Validation Accuracy: 0.9530191831814048
2024-09-17 03:27:46,926 - INFO - Epoch 19/50, Training Loss: 0.0010652239045919817, Train Accuracy: 0.9545186803564649, Validation Loss: 0.0010665311752288758, Validation Accuracy: 0.9535426492671475
2024-09-17 03:28:44,924 - INFO - Epoch 20/50, Training Loss: 0.0010645703557879162, Train Accuracy: 0.9551952213312127, Validation Loss: 0.0010643101739983265, Validation Accuracy: 0.95620016497113
2024-09-17 03:29:42,968 - INFO - Epoch 21/50, Training Loss: 0.0010638137112996635, Train Accuracy: 0.9559804212901813, Validation Loss: 0.0010630753821107967, Validation Accuracy: 0.9573422727945686
2024-09-17 03:30:41,827 - INFO - Epoch 22/50, Training Loss: 0.001063334222336444, Train Accuracy: 0.9564473112321136, Validation Loss: 0.001065276498780033, Validation Accuracy: 0.9550020092637634
2024-09-17 03:31:40,532 - INFO - Epoch 23/50, Training Loss: 0.001062935639631956, Train Accuracy: 0.9568547163286694, Validation Loss: 0.0010665013594175665, Validation Accuracy: 0.9538197161650557
2024-09-17 03:32:38,173 - INFO - Epoch 24/50, Training Loss: 0.0010623897829615, Train Accuracy: 0.9574797037707575, Validation Loss: 0.001065349473593408, Validation Accuracy: 0.9547894503077347
2024-09-17 03:33:35,179 - INFO - Epoch 25/50, Training Loss: 0.0010620793442122542, Train Accuracy: 0.9577094474624558, Validation Loss: 0.0010634330336796102, Validation Accuracy: 0.9568727395782661
2024-09-17 03:34:32,762 - INFO - Epoch 26/50, Training Loss: 0.0010614757825362876, Train Accuracy: 0.9584013223084562, Validation Loss: 0.0010619590290054492, Validation Accuracy: 0.9583204669951989
2024-09-17 03:35:30,898 - INFO - Epoch 27/50, Training Loss: 0.0010611974764806699, Train Accuracy: 0.9586947808789797, Validation Loss: 0.0010667333942069707, Validation Accuracy: 0.9534633362238532
2024-09-17 03:36:27,813 - INFO - Epoch 28/50, Training Loss: 0.0010610298637838448, Train Accuracy: 0.9588499702311396, Validation Loss: 0.001059772799063, Validation Accuracy: 0.9606565004970284
2024-09-17 03:37:26,176 - INFO - Epoch 29/50, Training Loss: 0.0010606221880868824, Train Accuracy: 0.9592589615902388, Validation Loss: 0.0010617534990644084, Validation Accuracy: 0.958964488906749
2024-09-17 03:38:25,012 - INFO - Epoch 30/50, Training Loss: 0.0010605108150180938, Train Accuracy: 0.9594136221882175, Validation Loss: 0.001060121794526129, Validation Accuracy: 0.9602493602081175
2024-09-17 03:39:23,304 - INFO - Epoch 31/50, Training Loss: 0.0010599840864465068, Train Accuracy: 0.9598963747555834, Validation Loss: 0.0010602302530191515, Validation Accuracy: 0.9604323089613164
2024-09-17 03:40:20,479 - INFO - Epoch 32/50, Training Loss: 0.0010598593946294262, Train Accuracy: 0.9600917494255086, Validation Loss: 0.0010622235852064804, Validation Accuracy: 0.9580983904739747
2024-09-17 03:41:17,863 - INFO - Epoch 33/50, Training Loss: 0.0010595031495973066, Train Accuracy: 0.9604090019341828, Validation Loss: 0.0010620002469895256, Validation Accuracy: 0.9582580740678074
2024-09-17 03:42:16,468 - INFO - Epoch 34/50, Training Loss: 0.001059336552037449, Train Accuracy: 0.9605927440121232, Validation Loss: 0.001060083326138946, Validation Accuracy: 0.9607442735982742
2024-09-17 03:43:15,867 - INFO - Epoch 35/50, Training Loss: 0.001059110839941322, Train Accuracy: 0.9608121769972896, Validation Loss: 0.001059282969173871, Validation Accuracy: 0.9612317844377234
2024-09-17 03:44:16,627 - INFO - Epoch 36/50, Training Loss: 0.0010590106483178575, Train Accuracy: 0.9609604925450947, Validation Loss: 0.0010613695290969038, Validation Accuracy: 0.9587603900086715
2024-09-17 03:45:20,763 - INFO - Epoch 37/50, Training Loss: 0.0010587451332716767, Train Accuracy: 0.9612568592636146, Validation Loss: 0.0010607051187777755, Validation Accuracy: 0.9599870984116241
2024-09-17 03:46:23,998 - INFO - Epoch 38/50, Training Loss: 0.001058549808470221, Train Accuracy: 0.9614567283440794, Validation Loss: 0.0010583144259057986, Validation Accuracy: 0.9621158604936444
2024-09-17 03:47:27,880 - INFO - Epoch 39/50, Training Loss: 0.001058476706695433, Train Accuracy: 0.961517270697818, Validation Loss: 0.001058092017037718, Validation Accuracy: 0.9624267676233582
2024-09-17 03:48:31,228 - INFO - Epoch 40/50, Training Loss: 0.0010582602803448909, Train Accuracy: 0.9617700151963952, Validation Loss: 0.0010623161361008786, Validation Accuracy: 0.9582897992851251
2024-09-17 03:49:32,849 - INFO - Epoch 41/50, Training Loss: 0.0010581714188917226, Train Accuracy: 0.9618300287959527, Validation Loss: 0.0010576994536186783, Validation Accuracy: 0.9629206235062711
2024-09-17 03:50:29,567 - INFO - Epoch 42/50, Training Loss: 0.001058023962509959, Train Accuracy: 0.9619664473746826, Validation Loss: 0.0010572274931468363, Validation Accuracy: 0.9631850003172522
2024-09-17 03:51:27,029 - INFO - Epoch 43/50, Training Loss: 0.0010577747385999256, Train Accuracy: 0.962263078470293, Validation Loss: 0.0010588291623951863, Validation Accuracy: 0.961813413421882
2024-09-17 03:52:23,442 - INFO - Epoch 44/50, Training Loss: 0.001057708013782569, Train Accuracy: 0.962279998604089, Validation Loss: 0.0010583587721850888, Validation Accuracy: 0.9621571032761574
2024-09-17 03:53:21,035 - INFO - Epoch 45/50, Training Loss: 0.001057580461901388, Train Accuracy: 0.9624399467438789, Validation Loss: 0.001058104731669944, Validation Accuracy: 0.9623485120873078
2024-09-17 03:54:17,575 - INFO - Epoch 46/50, Training Loss: 0.001057415351622767, Train Accuracy: 0.9626162862632837, Validation Loss: 0.0010568276010832682, Validation Accuracy: 0.9637126964319706
2024-09-17 03:55:15,248 - INFO - Epoch 47/50, Training Loss: 0.001057272125724252, Train Accuracy: 0.9627648661881794, Validation Loss: 0.0010600223521795378, Validation Accuracy: 0.9606533279752967
2024-09-17 03:56:12,760 - INFO - Epoch 48/50, Training Loss: 0.0010572633352558306, Train Accuracy: 0.9627476816772929, Validation Loss: 0.0010568210057570258, Validation Accuracy: 0.9635265751570399
2024-09-17 03:57:14,459 - INFO - Epoch 49/50, Training Loss: 0.0010571107628484868, Train Accuracy: 0.9629160898839808, Validation Loss: 0.0010565776477113487, Validation Accuracy: 0.9639559230980732
2024-09-17 03:58:14,006 - INFO - Epoch 50/50, Training Loss: 0.0010570309914567858, Train Accuracy: 0.9630136450303981, Validation Loss: 0.0010577346863035336, Validation Accuracy: 0.9629280260569785
2024-09-17 03:58:14,006 - INFO - total time taken to train the model: 48.94 min
2024-09-17 03:58:14,007 - INFO - Memory usage: pmem(rss=5664980992, vms=36672540672, shared=1084227584, text=2478080, lib=0, data=10841874432, dirty=0)
