2024-10-06 15:56:29,464 - INFO - Model path: /home/chadmi.20/model_training/model/human_train_kraken/modelInitialFFNN_3mer_4mer_5mer.pth
2024-10-06 15:56:29,465 - INFO - Input path: /home/shared_tools_data/seq2vec/human_train_kraken_3mer_4mer_5mer.csv
2024-10-06 15:56:29,465 - INFO - Labels path: /mnt/disk-3/home/shared/human/train/human_train_kraken_labels.csv
2024-10-06 15:56:29,465 - INFO - Results path: /home/chadmi.20/model_training/output/human_train_kraken/modelInitialFFNN_3mer_4mer_5mer
2024-10-06 15:56:29,465 - INFO - Learning rate: 0.001
2024-10-06 15:56:29,465 - INFO - Batch size: 1024
2024-10-06 15:56:29,465 - INFO - # Epoches: 50
2024-10-06 15:56:30,020 - INFO - Device: cuda
2024-10-06 15:56:30,020 - INFO - Loading label data...
2024-10-06 15:56:34,257 - INFO - Loading input data...
2024-10-06 16:04:45,448 - INFO - parsing data...
2024-10-06 16:04:52,761 - INFO - Total time taken to parse data: 0.1218769391377767 min
2024-10-06 16:06:09,316 - INFO - initializing the FFNN model...
2024-10-06 16:06:10,660 - INFO - training the network...
2024-10-06 16:07:15,974 - INFO - Epoch 1/50, Training Loss: 0.0011856007431947106, Train Accuracy: 0.8310884193316759, Validation Loss: 0.0010849061807433687, Validation Accuracy: 0.9358135403227512
2024-10-06 16:08:18,198 - INFO - Epoch 2/50, Training Loss: 0.0010762036523804357, Train Accuracy: 0.9434047962234261, Validation Loss: 0.001073694192315088, Validation Accuracy: 0.9468771811086906
2024-10-06 16:09:20,014 - INFO - Epoch 3/50, Training Loss: 0.0010639896782491146, Train Accuracy: 0.9555555673056485, Validation Loss: 0.0010618885684261967, Validation Accuracy: 0.9582337514011972
2024-10-06 16:10:22,315 - INFO - Epoch 4/50, Training Loss: 0.0010595225526435494, Train Accuracy: 0.9599717222263935, Validation Loss: 0.001056358593676725, Validation Accuracy: 0.9635572428671136
2024-10-06 16:11:24,280 - INFO - Epoch 5/50, Training Loss: 0.0010564549917737647, Train Accuracy: 0.9630657273172387, Validation Loss: 0.0010596796924754607, Validation Accuracy: 0.9600315137158689
2024-10-06 16:12:26,850 - INFO - Epoch 6/50, Training Loss: 0.0010547919630664337, Train Accuracy: 0.9647180841332503, Validation Loss: 0.0010530272871681343, Validation Accuracy: 0.9671252723081153
2024-10-06 16:13:29,146 - INFO - Epoch 7/50, Training Loss: 0.0010532842099113611, Train Accuracy: 0.9662789664759274, Validation Loss: 0.0010543028795134963, Validation Accuracy: 0.9658213658763563
2024-10-06 16:14:31,775 - INFO - Epoch 8/50, Training Loss: 0.001052141973383217, Train Accuracy: 0.9674422256743995, Validation Loss: 0.0010561911776289666, Validation Accuracy: 0.9636344408959201
2024-10-06 16:15:34,491 - INFO - Epoch 9/50, Training Loss: 0.0010512101107075151, Train Accuracy: 0.9683691317539094, Validation Loss: 0.001051765879999575, Validation Accuracy: 0.9685000317252174
2024-10-06 16:16:37,525 - INFO - Epoch 10/50, Training Loss: 0.0010498749377704894, Train Accuracy: 0.9697856642051397, Validation Loss: 0.0010445447793651036, Validation Accuracy: 0.9762304096783063
2024-10-06 16:17:42,344 - INFO - Epoch 11/50, Training Loss: 0.0010427709767469248, Train Accuracy: 0.9772696508847644, Validation Loss: 0.001043180939091313, Validation Accuracy: 0.9772149489224001
2024-10-06 16:18:46,814 - INFO - Epoch 12/50, Training Loss: 0.001042366623267695, Train Accuracy: 0.9776170423817626, Validation Loss: 0.0010466188486728599, Validation Accuracy: 0.9738319832490853
2024-10-06 16:19:48,925 - INFO - Epoch 13/50, Training Loss: 0.001041926081810173, Train Accuracy: 0.9780604027626348, Validation Loss: 0.0010413229773082455, Validation Accuracy: 0.9792072925699541
2024-10-06 16:20:50,819 - INFO - Epoch 14/50, Training Loss: 0.0010415655307504615, Train Accuracy: 0.9784712447613679, Validation Loss: 0.0010442037886314209, Validation Accuracy: 0.9765191091558977
2024-10-06 16:21:52,335 - INFO - Epoch 15/50, Training Loss: 0.0010410892784384772, Train Accuracy: 0.978967216183262, Validation Loss: 0.0010430704016655332, Validation Accuracy: 0.9776474693851653
2024-10-06 16:22:54,344 - INFO - Epoch 16/50, Training Loss: 0.0010409354870788673, Train Accuracy: 0.9791028416307201, Validation Loss: 0.0010399424526252277, Validation Accuracy: 0.9806878027114486
2024-10-06 16:23:56,944 - INFO - Epoch 17/50, Training Loss: 0.001040471046252664, Train Accuracy: 0.9795956405275275, Validation Loss: 0.0010391778075168844, Validation Accuracy: 0.9815464985935154
2024-10-06 16:24:59,591 - INFO - Epoch 18/50, Training Loss: 0.0010403562041321431, Train Accuracy: 0.9797193690059104, Validation Loss: 0.0010407092995793985, Validation Accuracy: 0.9801749116981451
2024-10-06 16:26:03,198 - INFO - Epoch 19/50, Training Loss: 0.0010401332266971363, Train Accuracy: 0.9799335144492655, Validation Loss: 0.0010391305530513242, Validation Accuracy: 0.9814143101880248
2024-10-06 16:27:08,143 - INFO - Epoch 20/50, Training Loss: 0.0010398152946864728, Train Accuracy: 0.9802663652062829, Validation Loss: 0.001042411995933523, Validation Accuracy: 0.9780990249783211
2024-10-06 16:28:10,842 - INFO - Epoch 21/50, Training Loss: 0.0010396727687943899, Train Accuracy: 0.9804329227733368, Validation Loss: 0.0010383698162004147, Validation Accuracy: 0.9821915780123094
2024-10-06 16:29:11,985 - INFO - Epoch 22/50, Training Loss: 0.0010396877187269112, Train Accuracy: 0.9804355665442425, Validation Loss: 0.0010386173546771853, Validation Accuracy: 0.9820974598676001
2024-10-06 16:30:13,357 - INFO - Epoch 23/50, Training Loss: 0.0010392749985461544, Train Accuracy: 0.9808868582378315, Validation Loss: 0.0010416998043245064, Validation Accuracy: 0.9788572576722151
2024-10-06 16:31:15,253 - INFO - Epoch 24/50, Training Loss: 0.0010392572323885741, Train Accuracy: 0.9808776050396618, Validation Loss: 0.0010393334255487578, Validation Accuracy: 0.9813878725069267
2024-10-06 16:32:17,277 - INFO - Epoch 25/50, Training Loss: 0.0010392709698296514, Train Accuracy: 0.9808360978364437, Validation Loss: 0.001039098179261446, Validation Accuracy: 0.9815253484486369
2024-10-06 16:33:20,927 - INFO - Epoch 26/50, Training Loss: 0.0010390836016093451, Train Accuracy: 0.9810531514277949, Validation Loss: 0.0010385145210644428, Validation Accuracy: 0.9821587952877477
2024-10-06 16:34:24,951 - INFO - Epoch 27/50, Training Loss: 0.0010388416892067743, Train Accuracy: 0.9813262529623453, Validation Loss: 0.0010475706615180943, Validation Accuracy: 0.9727247731646962
2024-10-06 16:35:26,683 - INFO - Epoch 28/50, Training Loss: 0.001038760357479273, Train Accuracy: 0.9813957841371631, Validation Loss: 0.0010375841627901362, Validation Accuracy: 0.9833432034009433
2024-10-06 16:36:28,883 - INFO - Epoch 29/50, Training Loss: 0.0010387907269042561, Train Accuracy: 0.9813785996262765, Validation Loss: 0.0010397752662673295, Validation Accuracy: 0.9808580613777205
2024-10-06 16:37:31,017 - INFO - Epoch 30/50, Training Loss: 0.0010385330891129363, Train Accuracy: 0.9816791963782454, Validation Loss: 0.0010385150531834876, Validation Accuracy: 0.9821513927370402
2024-10-06 16:38:33,649 - INFO - Epoch 31/50, Training Loss: 0.0010385095557104292, Train Accuracy: 0.9816821045262415, Validation Loss: 0.0010401527755456775, Validation Accuracy: 0.9804932213785664
2024-10-06 16:39:37,385 - INFO - Epoch 32/50, Training Loss: 0.0010383537976765861, Train Accuracy: 0.9818772148190762, Validation Loss: 0.0010383438510349772, Validation Accuracy: 0.9821884054905776
2024-10-06 16:40:39,449 - INFO - Epoch 33/50, Training Loss: 0.0010382962607154813, Train Accuracy: 0.9819155494972076, Validation Loss: 0.0010404679129333006, Validation Accuracy: 0.9803197901905628
2024-10-06 16:41:41,154 - INFO - Epoch 34/50, Training Loss: 0.001038258213722313, Train Accuracy: 0.9819327340080942, Validation Loss: 0.0010393474856693907, Validation Accuracy: 0.981186946130581
2024-10-06 16:42:43,038 - INFO - Epoch 35/50, Training Loss: 0.001038200256082902, Train Accuracy: 0.982011254003991, Validation Loss: 0.0010393258354460682, Validation Accuracy: 0.9814883356950995
2024-10-06 16:43:44,733 - INFO - Epoch 36/50, Training Loss: 0.0010381517881304396, Train Accuracy: 0.9820308179086926, Validation Loss: 0.0010377107977940245, Validation Accuracy: 0.9830026860683996
2024-10-06 16:44:47,229 - INFO - Epoch 37/50, Training Loss: 0.0010381416208450804, Train Accuracy: 0.9820749688828164, Validation Loss: 0.0010386274997328912, Validation Accuracy: 0.9820054567373786
2024-10-06 16:45:49,532 - INFO - Epoch 38/50, Training Loss: 0.0010380853525372973, Train Accuracy: 0.9821191198569402, Validation Loss: 0.00103773417585995, Validation Accuracy: 0.9829117404454221
2024-10-06 16:46:53,590 - INFO - Epoch 39/50, Training Loss: 0.001037981656910629, Train Accuracy: 0.9822478715000439, Validation Loss: 0.001039201972478588, Validation Accuracy: 0.9813487447389014
2024-10-06 16:47:57,050 - INFO - Epoch 40/50, Training Loss: 0.001037898247319723, Train Accuracy: 0.9823451622693706, Validation Loss: 0.0010421276507282119, Validation Accuracy: 0.9787546794695544
2024-10-06 16:48:58,108 - INFO - Epoch 41/50, Training Loss: 0.001037866300382608, Train Accuracy: 0.9823528292049969, Validation Loss: 0.001037703654212457, Validation Accuracy: 0.9828430024745669
2024-10-06 16:49:59,496 - INFO - Epoch 42/50, Training Loss: 0.0010377557106490982, Train Accuracy: 0.9824604306808556, Validation Loss: 0.0010383211548529447, Validation Accuracy: 0.9826389035764895
2024-10-06 16:51:01,020 - INFO - Epoch 43/50, Training Loss: 0.0010377671910886605, Train Accuracy: 0.9824556718932255, Validation Loss: 0.0010371565773403333, Validation Accuracy: 0.9836720881538038
2024-10-06 16:52:02,779 - INFO - Epoch 44/50, Training Loss: 0.001037705447848753, Train Accuracy: 0.982532605626579, Validation Loss: 0.0010370151742365287, Validation Accuracy: 0.9837355385884393
2024-10-06 16:53:04,495 - INFO - Epoch 45/50, Training Loss: 0.0010376362756089699, Train Accuracy: 0.9825997574075817, Validation Loss: 0.0010413103902534831, Validation Accuracy: 0.9794145639897633
2024-10-06 16:54:06,068 - INFO - Epoch 46/50, Training Loss: 0.001037525331759379, Train Accuracy: 0.982714232687795, Validation Loss: 0.0010390066544075374, Validation Accuracy: 0.9818700958101563
2024-10-06 16:55:07,897 - INFO - Epoch 47/50, Training Loss: 0.001037588710343655, Train Accuracy: 0.982667173565675, Validation Loss: 0.0010382586596709557, Validation Accuracy: 0.9826420760982213
2024-10-06 16:56:10,111 - INFO - Epoch 48/50, Training Loss: 0.0010375588024104639, Train Accuracy: 0.9827065657521686, Validation Loss: 0.0010379942863897856, Validation Accuracy: 0.9825426704172924
2024-10-06 16:57:12,639 - INFO - Epoch 49/50, Training Loss: 0.0010375265061477311, Train Accuracy: 0.9827131751794327, Validation Loss: 0.0010374686570289672, Validation Accuracy: 0.9833220532560648
2024-10-06 16:58:14,865 - INFO - Epoch 50/50, Training Loss: 0.0010374812424793613, Train Accuracy: 0.9827562686451943, Validation Loss: 0.0010383746261985564, Validation Accuracy: 0.9826568811996362
2024-10-06 16:58:14,866 - INFO - total time taken to train the model: 52.07 min
2024-10-06 16:58:14,866 - INFO - Memory usage: pmem(rss=78453796864, vms=109566730240, shared=1087373312, text=2478080, lib=0, data=83568123904, dirty=0)
