2024-09-28 05:18:06,977 - INFO - Model path: /home/chadmi.20/model_training/model/human_train_kraken/seven_layer_ffnn_5mer.pth
2024-09-28 05:18:06,977 - INFO - Input path: /home/shared_tools_data/seq2vec/human_train_kraken_kmer_5.csv
2024-09-28 05:18:06,977 - INFO - Labels path: /mnt/disk-3/home/shared/human/train/human_train_kraken_labels.csv
2024-09-28 05:18:06,978 - INFO - Results path: /home/chadmi.20/model_training/output/human_train_kraken/seven_layer_ffnn_5mer
2024-09-28 05:18:06,978 - INFO - Learning rate: 0.001
2024-09-28 05:18:06,978 - INFO - Batch size: 1024
2024-09-28 05:18:06,978 - INFO - # Epoches: 50
2024-09-28 05:18:07,102 - INFO - Device: cuda
2024-09-28 05:24:46,335 - INFO - parsing data...
2024-09-28 05:25:17,026 - INFO - Total time taken to parse data: 0.5115156292915344 min
2024-09-28 05:25:25,141 - INFO - initializing the FFNN model...
2024-09-28 05:25:26,916 - INFO - training the network...
2024-09-28 05:26:41,304 - INFO - Epoch 1/50, Training Loss: 0.001171392650581879, Train Accuracy: 0.8421837970683753, Validation Loss: 0.0010809057930929226, Validation Accuracy: 0.937318373130856
2024-09-28 05:27:55,145 - INFO - Epoch 2/50, Training Loss: 0.0010707918370036766, Train Accuracy: 0.9470494987939118, Validation Loss: 0.0010646533295148187, Validation Accuracy: 0.9538398088026903
2024-09-28 05:29:07,503 - INFO - Epoch 3/50, Training Loss: 0.0010614214157272253, Train Accuracy: 0.9566331683267786, Validation Loss: 0.001056475979062381, Validation Accuracy: 0.9624225375943826
2024-09-28 05:30:20,091 - INFO - Epoch 4/50, Training Loss: 0.0010564967085453757, Train Accuracy: 0.9617102659739282, Validation Loss: 0.0010588758562510823, Validation Accuracy: 0.9597375267020579
2024-09-28 05:31:32,174 - INFO - Epoch 5/50, Training Loss: 0.0010503878241096172, Train Accuracy: 0.9680584886724992, Validation Loss: 0.00104313509655025, Validation Accuracy: 0.9761458090987923
2024-09-28 05:32:45,802 - INFO - Epoch 6/50, Training Loss: 0.0010446152197888302, Train Accuracy: 0.9740101457352274, Validation Loss: 0.0010448761236289187, Validation Accuracy: 0.9745077303779531
2024-09-28 05:33:57,985 - INFO - Epoch 7/50, Training Loss: 0.001042872290567906, Train Accuracy: 0.9758335545288325, Validation Loss: 0.0010434803984441072, Validation Accuracy: 0.9758200968676636
2024-09-28 05:35:11,151 - INFO - Epoch 8/50, Training Loss: 0.0010418523641457038, Train Accuracy: 0.9768944997932572, Validation Loss: 0.001040675720737175, Validation Accuracy: 0.9787070916435777
2024-09-28 05:36:27,097 - INFO - Epoch 9/50, Training Loss: 0.0010411665678029586, Train Accuracy: 0.9775911334268875, Validation Loss: 0.00103932142305595, Validation Accuracy: 0.9801537615532666
2024-09-28 05:37:44,402 - INFO - Epoch 10/50, Training Loss: 0.0010404707816741219, Train Accuracy: 0.9783253086073778, Validation Loss: 0.00103905351088688, Validation Accuracy: 0.9803536304223683
2024-09-28 05:38:59,908 - INFO - Epoch 11/50, Training Loss: 0.0010399619756120088, Train Accuracy: 0.9788514190175959, Validation Loss: 0.001042160496882473, Validation Accuracy: 0.977159958545716
2024-09-28 05:40:13,744 - INFO - Epoch 12/50, Training Loss: 0.0010391505786193755, Train Accuracy: 0.9796889656404958, Validation Loss: 0.0010405986967260458, Validation Accuracy: 0.9788255324548973
2024-09-28 05:41:25,740 - INFO - Epoch 13/50, Training Loss: 0.001038917225041118, Train Accuracy: 0.9799480551892464, Validation Loss: 0.00104918390476538, Validation Accuracy: 0.9699022863306613
2024-09-28 05:42:39,324 - INFO - Epoch 14/50, Training Loss: 0.0010385864598523352, Train Accuracy: 0.9802901591444334, Validation Loss: 0.0010393360919429577, Validation Accuracy: 0.9801294388866564
2024-09-28 05:43:55,578 - INFO - Epoch 15/50, Training Loss: 0.0010381981347586501, Train Accuracy: 0.9806745634341103, Validation Loss: 0.0010383121308905024, Validation Accuracy: 0.9811446458408241
2024-09-28 05:45:09,934 - INFO - Epoch 16/50, Training Loss: 0.001037866714568576, Train Accuracy: 0.9810010691409542, Validation Loss: 0.0010404226758809303, Validation Accuracy: 0.9789556058459
2024-09-28 05:46:24,966 - INFO - Epoch 17/50, Training Loss: 0.0010376209190858861, Train Accuracy: 0.9812667681169689, Validation Loss: 0.001039121867194373, Validation Accuracy: 0.9803250777267825
2024-09-28 05:47:39,079 - INFO - Epoch 18/50, Training Loss: 0.0010373219824593518, Train Accuracy: 0.981596181971809, Validation Loss: 0.0010359517440954034, Validation Accuracy: 0.9835547048497282
2024-09-28 05:48:51,975 - INFO - Epoch 19/50, Training Loss: 0.001037113727409865, Train Accuracy: 0.9818317419594995, Validation Loss: 0.0010396491536755052, Validation Accuracy: 0.979657790655866
2024-09-28 05:50:05,508 - INFO - Epoch 20/50, Training Loss: 0.0010371253508384502, Train Accuracy: 0.9818008098399038, Validation Loss: 0.0010371027598210906, Validation Accuracy: 0.9822708910556037
2024-09-28 05:51:20,319 - INFO - Epoch 21/50, Training Loss: 0.0010368735534726859, Train Accuracy: 0.9820731182431826, Validation Loss: 0.0010381411376311788, Validation Accuracy: 0.9812937543622173
2024-09-28 05:52:33,601 - INFO - Epoch 22/50, Training Loss: 0.0010368218013740668, Train Accuracy: 0.9821085447733178, Validation Loss: 0.0010366491261292214, Validation Accuracy: 0.9828186798079567
2024-09-28 05:53:46,628 - INFO - Epoch 23/50, Training Loss: 0.0010365472061309908, Train Accuracy: 0.9824181303463657, Validation Loss: 0.0010395233880137003, Validation Accuracy: 0.9799189949451154
2024-09-28 05:55:02,104 - INFO - Epoch 24/50, Training Loss: 0.0010365082653382447, Train Accuracy: 0.9824424530386974, Validation Loss: 0.001035603705085057, Validation Accuracy: 0.9839861678052495
2024-09-28 05:56:14,342 - INFO - Epoch 25/50, Training Loss: 0.001036410299830414, Train Accuracy: 0.9825672390254426, Validation Loss: 0.0010379233390747755, Validation Accuracy: 0.9814841056661238
2024-09-28 05:57:26,788 - INFO - Epoch 26/50, Training Loss: 0.0010362701452806382, Train Accuracy: 0.9827012782103575, Validation Loss: 0.0010375858349121478, Validation Accuracy: 0.9818563482159853
2024-09-28 05:58:38,350 - INFO - Epoch 27/50, Training Loss: 0.0010361892336326352, Train Accuracy: 0.9827906376669674, Validation Loss: 0.0010406352562417345, Validation Accuracy: 0.9786182610350881
2024-09-28 05:59:49,815 - INFO - Epoch 28/50, Training Loss: 0.0010360469109885594, Train Accuracy: 0.982913308636988, Validation Loss: 0.0010356978096006607, Validation Accuracy: 0.9838370592838561
2024-09-28 06:01:02,312 - INFO - Epoch 29/50, Training Loss: 0.001036013453038505, Train Accuracy: 0.9829516433151195, Validation Loss: 0.001036648004531699, Validation Accuracy: 0.982869440155665
2024-09-28 06:02:14,903 - INFO - Epoch 30/50, Training Loss: 0.0010359832426758094, Train Accuracy: 0.9830164157023071, Validation Loss: 0.0010448073558462863, Validation Accuracy: 0.974620883653053
2024-09-28 06:03:27,991 - INFO - Epoch 31/50, Training Loss: 0.0010358272193070354, Train Accuracy: 0.9831501905101314, Validation Loss: 0.0010389868935156827, Validation Accuracy: 0.9805683043928851
2024-09-28 06:04:43,915 - INFO - Epoch 32/50, Training Loss: 0.001035718079192897, Train Accuracy: 0.9832699533321559, Validation Loss: 0.001034738824935369, Validation Accuracy: 0.9848744738901462
2024-09-28 06:06:01,694 - INFO - Epoch 33/50, Training Loss: 0.0010357526795738714, Train Accuracy: 0.9832432512460092, Validation Loss: 0.0010408167732550845, Validation Accuracy: 0.978564328165648
2024-09-28 06:07:17,368 - INFO - Epoch 34/50, Training Loss: 0.001035529683638852, Train Accuracy: 0.9834671786417151, Validation Loss: 0.0010362079299793957, Validation Accuracy: 0.9833199382415769
2024-09-28 06:08:30,077 - INFO - Epoch 35/50, Training Loss: 0.0010355424468194796, Train Accuracy: 0.9834333383741232, Validation Loss: 0.001038449482275259, Validation Accuracy: 0.980949007000698
2024-09-28 06:09:42,025 - INFO - Epoch 36/50, Training Loss: 0.0010354426253853606, Train Accuracy: 0.9835531011961477, Validation Loss: 0.0010347881137067873, Validation Accuracy: 0.9847634356295341
2024-09-28 06:10:54,727 - INFO - Epoch 37/50, Training Loss: 0.0010354296077113765, Train Accuracy: 0.9835676419361286, Validation Loss: 0.0010357867392869178, Validation Accuracy: 0.9837281360377319
2024-09-28 06:12:07,003 - INFO - Epoch 38/50, Training Loss: 0.00103556186300798, Train Accuracy: 0.9834127169610594, Validation Loss: 0.0010369178002332612, Validation Accuracy: 0.9826515936634166
2024-09-28 06:13:20,174 - INFO - Epoch 39/50, Training Loss: 0.0010352162862743326, Train Accuracy: 0.98381298387617, Validation Loss: 0.001036705568189188, Validation Accuracy: 0.982841944967323
2024-09-28 06:14:34,963 - INFO - Epoch 40/50, Training Loss: 0.0010353994536996558, Train Accuracy: 0.9836141723040674, Validation Loss: 0.001038940857591389, Validation Accuracy: 0.9805852245087879
2024-09-28 06:15:47,472 - INFO - Epoch 41/50, Training Loss: 0.0010352503858628071, Train Accuracy: 0.9837572003100614, Validation Loss: 0.0010379905160471197, Validation Accuracy: 0.9815020832892706
2024-09-28 06:17:01,930 - INFO - Epoch 42/50, Training Loss: 0.001035039994802517, Train Accuracy: 0.9839705526221448, Validation Loss: 0.0010339539055997644, Validation Accuracy: 0.9856707768448214
2024-09-28 06:18:16,798 - INFO - Epoch 43/50, Training Loss: 0.0010352884603065902, Train Accuracy: 0.9837283832071902, Validation Loss: 0.0010344154237553677, Validation Accuracy: 0.9851927835705675
2024-09-28 06:19:28,462 - INFO - Epoch 44/50, Training Loss: 0.0010350659030456302, Train Accuracy: 0.9839597131614318, Validation Loss: 0.0010393309532941762, Validation Accuracy: 0.9801939468285358
2024-09-28 06:20:41,350 - INFO - Epoch 45/50, Training Loss: 0.0010350049666836066, Train Accuracy: 0.9840104735628197, Validation Loss: 0.001036616804530124, Validation Accuracy: 0.9829466381844716
2024-09-28 06:21:53,626 - INFO - Epoch 46/50, Training Loss: 0.0010350203966079323, Train Accuracy: 0.9840065079064613, Validation Loss: 0.0010356075509404706, Validation Accuracy: 0.9839586726169074
2024-09-28 06:23:07,212 - INFO - Epoch 47/50, Training Loss: 0.0010351046693646646, Train Accuracy: 0.9839213784833003, Validation Loss: 0.0010335852673673928, Validation Accuracy: 0.9860155242063409
2024-09-28 06:24:20,412 - INFO - Epoch 48/50, Training Loss: 0.0010347481381654026, Train Accuracy: 0.9842930926726303, Validation Loss: 0.0010340037229604163, Validation Accuracy: 0.9855978088449906
2024-09-28 06:25:35,240 - INFO - Epoch 49/50, Training Loss: 0.0010349230179948737, Train Accuracy: 0.9841090862175993, Validation Loss: 0.0010380404007263144, Validation Accuracy: 0.9814217127387322
2024-09-28 06:26:48,439 - INFO - Epoch 50/50, Training Loss: 0.0010349585294778224, Train Accuracy: 0.9840599120787548, Validation Loss: 0.0010425211863581197, Validation Accuracy: 0.9767517607495612
2024-09-28 06:26:48,440 - INFO - total time taken to train the model: 61.36 min
2024-09-28 06:26:48,440 - INFO - Memory usage: pmem(rss=42404823040, vms=73676861440, shared=1086324736, text=2478080, lib=0, data=47510597632, dirty=0)
