2024-09-28 15:58:28,988 - INFO - Model path: /home/chadmi.20/model_training/model/human_train_kraken/six_layer_ffnn_5mer.pth
2024-09-28 15:58:28,988 - INFO - Input path: /home/shared_tools_data/seq2vec/human_train_kraken_kmer_5.csv
2024-09-28 15:58:28,988 - INFO - Labels path: /mnt/disk-3/home/shared/human/train/human_train_kraken_labels.csv
2024-09-28 15:58:28,988 - INFO - Results path: /home/chadmi.20/model_training/output/human_train_kraken/six_layer_ffnn_5mer
2024-09-28 15:58:28,988 - INFO - Learning rate: 0.001
2024-09-28 15:58:28,988 - INFO - Batch size: 1024
2024-09-28 15:58:28,988 - INFO - # Epoches: 50
2024-09-28 15:58:29,555 - INFO - Device: cuda
2024-09-28 16:05:05,584 - INFO - parsing data...
2024-09-28 16:05:36,171 - INFO - Total time taken to parse data: 0.509768279393514 min
2024-09-28 16:05:44,272 - INFO - initializing the FFNN model...
2024-09-28 16:05:46,050 - INFO - training the network...
2024-09-28 16:07:10,740 - INFO - Epoch 1/50, Training Loss: 0.001058517358376891, Train Accuracy: 0.9609520324781968, Validation Loss: 0.0010403965927189456, Validation Accuracy: 0.9787885197013599
2024-09-28 16:08:33,560 - INFO - Epoch 2/50, Training Loss: 0.001045431687486741, Train Accuracy: 0.9731120567585888, Validation Loss: 0.0010381461326922814, Validation Accuracy: 0.9810949430003596
2024-09-28 16:09:54,825 - INFO - Epoch 3/50, Training Loss: 0.0010427510103800317, Train Accuracy: 0.9758406927102776, Validation Loss: 0.0010361400875115677, Validation Accuracy: 0.9831570821260126
2024-09-28 16:11:15,970 - INFO - Epoch 4/50, Training Loss: 0.001041117827582, Train Accuracy: 0.9775342923524167, Validation Loss: 0.0010353547087962427, Validation Accuracy: 0.9839766502400541
2024-09-28 16:12:40,896 - INFO - Epoch 5/50, Training Loss: 0.0010404080682708716, Train Accuracy: 0.978244937971847, Validation Loss: 0.001034871890625018, Validation Accuracy: 0.9845011738330408
2024-09-28 16:14:05,596 - INFO - Epoch 6/50, Training Loss: 0.001039672135696861, Train Accuracy: 0.9790097808948425, Validation Loss: 0.0010342391415781556, Validation Accuracy: 0.9851187580634927
2024-09-28 16:15:33,716 - INFO - Epoch 7/50, Training Loss: 0.0010392421055871097, Train Accuracy: 0.9794568425549826, Validation Loss: 0.0010353026488708695, Validation Accuracy: 0.9839967428776887
2024-09-28 16:16:59,610 - INFO - Epoch 8/50, Training Loss: 0.001039078123178922, Train Accuracy: 0.9796252507616704, Validation Loss: 0.001032804471229514, Validation Accuracy: 0.9865495653645228
2024-09-28 16:18:22,181 - INFO - Epoch 9/50, Training Loss: 0.001038718214356439, Train Accuracy: 0.9800046318866267, Validation Loss: 0.0010338488262706834, Validation Accuracy: 0.9855248408451598
2024-09-28 16:19:44,702 - INFO - Epoch 10/50, Training Loss: 0.0010386380556936092, Train Accuracy: 0.9800818299970707, Validation Loss: 0.0010323473083567254, Validation Accuracy: 0.9870550538271187
2024-09-28 16:21:08,634 - INFO - Epoch 11/50, Training Loss: 0.0010385124447064057, Train Accuracy: 0.9802243292488836, Validation Loss: 0.0010329100111989623, Validation Accuracy: 0.9864554472198135
2024-09-28 16:22:36,843 - INFO - Epoch 12/50, Training Loss: 0.0010384195355639789, Train Accuracy: 0.9803068149011388, Validation Loss: 0.0010334729072983648, Validation Accuracy: 0.9858970833950212
2024-09-28 16:24:00,836 - INFO - Epoch 13/50, Training Loss: 0.0010383306113935624, Train Accuracy: 0.9804001400141071, Validation Loss: 0.0010328998556798875, Validation Accuracy: 0.9864787123791798
2024-09-28 16:25:24,850 - INFO - Epoch 14/50, Training Loss: 0.001038435101669827, Train Accuracy: 0.9802814347004449, Validation Loss: 0.0010330464666419867, Validation Accuracy: 0.9863200862925912
2024-09-28 16:26:47,025 - INFO - Epoch 15/50, Training Loss: 0.0010383302284401538, Train Accuracy: 0.9803943237181147, Validation Loss: 0.0010336278796269102, Validation Accuracy: 0.9856972145259195
2024-09-28 16:28:09,896 - INFO - Epoch 16/50, Training Loss: 0.0010383671423627148, Train Accuracy: 0.980339862037459, Validation Loss: 0.0010336252175189096, Validation Accuracy: 0.9857003870476513
2024-09-28 16:29:33,237 - INFO - Epoch 17/50, Training Loss: 0.0010383664583665147, Train Accuracy: 0.9803496439898098, Validation Loss: 0.0010329665824752334, Validation Accuracy: 0.9863708466402995
2024-09-28 16:30:58,852 - INFO - Epoch 18/50, Training Loss: 0.0010384510796294436, Train Accuracy: 0.9802719171251847, Validation Loss: 0.0010345616914433239, Validation Accuracy: 0.9847697806729976
2024-09-28 16:32:27,770 - INFO - Epoch 19/50, Training Loss: 0.0010386487542791544, Train Accuracy: 0.980061737338188, Validation Loss: 0.0010337126634237979, Validation Accuracy: 0.9856242465260887
2024-09-28 16:33:52,985 - INFO - Epoch 20/50, Training Loss: 0.001038383800063844, Train Accuracy: 0.9803430345625458, Validation Loss: 0.0010335068642085851, Validation Accuracy: 0.9858410355110933
2024-09-28 16:35:15,021 - INFO - Epoch 21/50, Training Loss: 0.0010385347733389391, Train Accuracy: 0.9801796495205786, Validation Loss: 0.0010327905500321665, Validation Accuracy: 0.9865992682049872
2024-09-28 16:36:36,975 - INFO - Epoch 22/50, Training Loss: 0.001038424693506112, Train Accuracy: 0.980305493015686, Validation Loss: 0.0010323435046069173, Validation Accuracy: 0.9870603413633383
2024-09-28 16:37:58,283 - INFO - Epoch 23/50, Training Loss: 0.0010385750919256252, Train Accuracy: 0.9801299466275529, Validation Loss: 0.0010336338760198235, Validation Accuracy: 0.9856972145259195
2024-09-28 16:39:19,151 - INFO - Epoch 24/50, Training Loss: 0.0010385059866892944, Train Accuracy: 0.9802190417070723, Validation Loss: 0.0010336601520607796, Validation Accuracy: 0.9856781793955288
2024-09-28 16:40:42,697 - INFO - Epoch 25/50, Training Loss: 0.0010387516250952179, Train Accuracy: 0.9799551933706916, Validation Loss: 0.001032726377811643, Validation Accuracy: 0.9866288784078171
2024-09-28 16:42:02,759 - INFO - Epoch 26/50, Training Loss: 0.001038762500171512, Train Accuracy: 0.9799343075805372, Validation Loss: 0.0010331280746172734, Validation Accuracy: 0.9862672109303948
2024-09-28 16:43:22,938 - INFO - Epoch 27/50, Training Loss: 0.0010387681884368289, Train Accuracy: 0.9799536071081482, Validation Loss: 0.0010332409167576658, Validation Accuracy: 0.986125504959709
2024-09-28 16:44:42,580 - INFO - Epoch 28/50, Training Loss: 0.0010389990059690912, Train Accuracy: 0.9796910806572203, Validation Loss: 0.0010329908963193325, Validation Accuracy: 0.9863560415388846
2024-09-28 16:46:07,204 - INFO - Epoch 29/50, Training Loss: 0.0010386322665134034, Train Accuracy: 0.9800863244076102, Validation Loss: 0.0010342895284990645, Validation Accuracy: 0.9850225249042956
2024-09-28 16:47:30,181 - INFO - Epoch 30/50, Training Loss: 0.0010387855066545854, Train Accuracy: 0.9799147436758356, Validation Loss: 0.0010330997094323204, Validation Accuracy: 0.9862820160318099
2024-09-28 16:48:50,890 - INFO - Epoch 31/50, Training Loss: 0.0010389876909896057, Train Accuracy: 0.9797151389724614, Validation Loss: 0.0010361669502575782, Validation Accuracy: 0.9830894016624014
2024-09-28 16:50:15,442 - INFO - Epoch 32/50, Training Loss: 0.0010387691891393745, Train Accuracy: 0.9799588946499594, Validation Loss: 0.0010319959891432167, Validation Accuracy: 0.9874135487828092
2024-09-28 16:51:42,669 - INFO - Epoch 33/50, Training Loss: 0.0010388711041634847, Train Accuracy: 0.9798335799090331, Validation Loss: 0.0010331696638618537, Validation Accuracy: 0.9861487701190753
2024-09-28 16:53:04,586 - INFO - Epoch 34/50, Training Loss: 0.0010389106928348599, Train Accuracy: 0.9798023834123468, Validation Loss: 0.0010333610826260633, Validation Accuracy: 0.9860007191049258
2024-09-28 16:54:26,302 - INFO - Epoch 35/50, Training Loss: 0.0010390392596323946, Train Accuracy: 0.9796585622750812, Validation Loss: 0.001034347003154884, Validation Accuracy: 0.98498868467249
2024-09-28 16:55:48,938 - INFO - Epoch 36/50, Training Loss: 0.0010392113451720857, Train Accuracy: 0.9794613369655221, Validation Loss: 0.001032702516917965, Validation Accuracy: 0.9866595461178909
2024-09-28 16:57:13,460 - INFO - Epoch 37/50, Training Loss: 0.0010389009979143834, Train Accuracy: 0.9798044984290714, Validation Loss: 0.0010331560585826124, Validation Accuracy: 0.9861741502929295
2024-09-28 16:58:41,534 - INFO - Epoch 38/50, Training Loss: 0.0010390585189647419, Train Accuracy: 0.9796186413344063, Validation Loss: 0.0010359667473059616, Validation Accuracy: 0.9833199382415769
2024-09-28 17:00:03,869 - INFO - Epoch 39/50, Training Loss: 0.0010390223666627942, Train Accuracy: 0.9796582978979906, Validation Loss: 0.0010339014658414885, Validation Accuracy: 0.9853937099469131
2024-09-28 17:01:24,751 - INFO - Epoch 40/50, Training Loss: 0.001039082628767125, Train Accuracy: 0.9796226069907648, Validation Loss: 0.0010331147575219073, Validation Accuracy: 0.986237600727565
2024-09-28 17:02:46,121 - INFO - Epoch 41/50, Training Loss: 0.0010391760167352566, Train Accuracy: 0.9795184424170834, Validation Loss: 0.0010334322647995856, Validation Accuracy: 0.9858706457139231
2024-09-28 17:04:08,646 - INFO - Epoch 42/50, Training Loss: 0.0010391796165477238, Train Accuracy: 0.9795290175007059, Validation Loss: 0.001032208434488741, Validation Accuracy: 0.9871830122036336
2024-09-28 17:05:30,763 - INFO - Epoch 43/50, Training Loss: 0.0010391162777684147, Train Accuracy: 0.9795863873293578, Validation Loss: 0.001041461232072551, Validation Accuracy: 0.9775660413273831
2024-09-28 17:06:51,697 - INFO - Epoch 44/50, Training Loss: 0.0010388823004844577, Train Accuracy: 0.9798230048254106, Validation Loss: 0.001033725960474879, Validation Accuracy: 0.9856073264101859
2024-09-28 17:08:12,977 - INFO - Epoch 45/50, Training Loss: 0.0010389893951968825, Train Accuracy: 0.9796908162801298, Validation Loss: 0.0010330958181936193, Validation Accuracy: 0.9862555783507116
2024-09-28 17:09:35,046 - INFO - Epoch 46/50, Training Loss: 0.0010391612649766331, Train Accuracy: 0.9795200286796267, Validation Loss: 0.001034150125411523, Validation Accuracy: 0.9851695184112012
2024-09-28 17:10:57,679 - INFO - Epoch 47/50, Training Loss: 0.0010390551441464633, Train Accuracy: 0.9796561828812661, Validation Loss: 0.0010339902974494189, Validation Accuracy: 0.9853207419470823
2024-09-28 17:12:22,899 - INFO - Epoch 48/50, Training Loss: 0.0010391289123314093, Train Accuracy: 0.9795729040977391, Validation Loss: 0.0010346276310907625, Validation Accuracy: 0.9846735475138004
2024-09-28 17:13:44,945 - INFO - Epoch 49/50, Training Loss: 0.0010393571831336828, Train Accuracy: 0.9793291484202411, Validation Loss: 0.0010329790089235842, Validation Accuracy: 0.9863592140606163
2024-09-28 17:15:05,563 - INFO - Epoch 50/50, Training Loss: 0.0010392038643280528, Train Accuracy: 0.9795110398585477, Validation Loss: 0.0010340791714150844, Validation Accuracy: 0.9852234512806413
2024-09-28 17:15:05,563 - INFO - total time taken to train the model: 69.33 min
2024-09-28 17:15:05,564 - INFO - Memory usage: pmem(rss=42452185088, vms=73745313792, shared=1089994752, text=2478080, lib=0, data=47630561280, dirty=0)
