2024-10-18 03:25:19,012 - INFO - Model path: /home/chadmi.20/model_training/model/AMAISE_train_dataset/human_host/with_nanopore/modelInitialFFNN_5mer.pth
2024-10-18 03:25:19,013 - INFO - Input path: /home/shared_tools_data/seq2vec/AMAISE_human_host_with_nanopore_dataset_5mer.csv
2024-10-18 03:25:19,013 - INFO - Labels path: /home/shared_tools_data/AMAISE_dataset/training_dataset/human_host/amaise_train_true_labels.csv
2024-10-18 03:25:19,013 - INFO - Results path: /home/chadmi.20/model_training/output/AMAISE_train_dataset/human_host/with_nanopore/modelInitialFFNN_5mer
2024-10-18 03:25:19,013 - INFO - Learning rate: 0.001
2024-10-18 03:25:19,013 - INFO - Batch size: 1024
2024-10-18 03:25:19,013 - INFO - # Epoches: 50
2024-10-18 03:25:19,525 - INFO - Device: cuda
2024-10-18 03:25:19,525 - INFO - Loading label data...
2024-10-18 03:25:30,388 - INFO - Loading input data...
2024-10-18 03:47:25,372 - INFO - parsing data...
2024-10-18 03:47:38,546 - INFO - Total time taken to parse data: 0.21944435040156046 min
2024-10-18 03:50:21,330 - INFO - initializing the FFNN model...
2024-10-18 03:50:23,696 - INFO - training the network...
2024-10-18 03:53:22,945 - INFO - Epoch 1/50, Training Loss: 0.0011263902997213696, Train Accuracy: 0.8917095238095238, Validation Loss: 0.001057640895673207, Validation Accuracy: 0.9627785714285715
2024-10-18 03:56:20,794 - INFO - Epoch 2/50, Training Loss: 0.0010516889511238015, Train Accuracy: 0.9687375992063492, Validation Loss: 0.0010447045261897739, Validation Accuracy: 0.9755087301587302
2024-10-18 03:59:17,676 - INFO - Epoch 3/50, Training Loss: 0.0010447966129415564, Train Accuracy: 0.975634126984127, Validation Loss: 0.0010458869801627266, Validation Accuracy: 0.9746952380952381
2024-10-18 04:02:12,233 - INFO - Epoch 4/50, Training Loss: 0.0010420631854661873, Train Accuracy: 0.9783875, Validation Loss: 0.001039689488969152, Validation Accuracy: 0.980595634920635
2024-10-18 04:05:05,266 - INFO - Epoch 5/50, Training Loss: 0.0010404304482161052, Train Accuracy: 0.980050496031746, Validation Loss: 0.0010385156879822413, Validation Accuracy: 0.9819488095238095
2024-10-18 04:07:59,920 - INFO - Epoch 6/50, Training Loss: 0.0010396651056905587, Train Accuracy: 0.9808208333333334, Validation Loss: 0.0010396069830845272, Validation Accuracy: 0.9808027777777778
2024-10-18 04:10:51,528 - INFO - Epoch 7/50, Training Loss: 0.001039107152725023, Train Accuracy: 0.9814388888888889, Validation Loss: 0.0010381094157222717, Validation Accuracy: 0.9823869047619047
2024-10-18 04:13:42,278 - INFO - Epoch 8/50, Training Loss: 0.0010386774640471217, Train Accuracy: 0.9819040674603174, Validation Loss: 0.001041849621278899, Validation Accuracy: 0.9789611111111111
2024-10-18 04:16:36,553 - INFO - Epoch 9/50, Training Loss: 0.0010384621198215181, Train Accuracy: 0.9821034722222223, Validation Loss: 0.0010369957361902509, Validation Accuracy: 0.9835777777777778
2024-10-18 04:19:28,527 - INFO - Epoch 10/50, Training Loss: 0.0010382503890920252, Train Accuracy: 0.9823500992063492, Validation Loss: 0.0010382177802778425, Validation Accuracy: 0.9822857142857143
2024-10-18 04:22:20,079 - INFO - Epoch 11/50, Training Loss: 0.0010381178747093866, Train Accuracy: 0.9824640873015873, Validation Loss: 0.0010376770422572182, Validation Accuracy: 0.9829404761904762
2024-10-18 04:25:13,332 - INFO - Epoch 12/50, Training Loss: 0.0010379374966734932, Train Accuracy: 0.9826702380952381, Validation Loss: 0.0010385524524582756, Validation Accuracy: 0.9818984126984127
2024-10-18 04:28:05,733 - INFO - Epoch 13/50, Training Loss: 0.0010378488336054105, Train Accuracy: 0.9827550595238095, Validation Loss: 0.001038383287711749, Validation Accuracy: 0.9826654761904762
2024-10-18 04:30:58,732 - INFO - Epoch 14/50, Training Loss: 0.0010377959785716874, Train Accuracy: 0.9828304563492063, Validation Loss: 0.0010367678693835698, Validation Accuracy: 0.983840873015873
2024-10-18 04:33:51,489 - INFO - Epoch 15/50, Training Loss: 0.0010376829605253915, Train Accuracy: 0.9829479166666667, Validation Loss: 0.0010367203644343784, Validation Accuracy: 0.9839007936507936
2024-10-18 04:36:43,430 - INFO - Epoch 16/50, Training Loss: 0.0010376289583860882, Train Accuracy: 0.9830344246031746, Validation Loss: 0.001036332871753072, Validation Accuracy: 0.984238492063492
2024-10-18 04:39:34,648 - INFO - Epoch 17/50, Training Loss: 0.0010375692718440578, Train Accuracy: 0.9830642857142857, Validation Loss: 0.001036843256865229, Validation Accuracy: 0.9840119047619048
2024-10-18 04:42:28,290 - INFO - Epoch 18/50, Training Loss: 0.0010375298169042382, Train Accuracy: 0.9831151785714286, Validation Loss: 0.0010390888488954967, Validation Accuracy: 0.9817801587301588
2024-10-18 04:45:22,701 - INFO - Epoch 19/50, Training Loss: 0.0010374918249627901, Train Accuracy: 0.9831482142857143, Validation Loss: 0.0010363034917721672, Validation Accuracy: 0.9844178571428571
2024-10-18 04:48:14,995 - INFO - Epoch 20/50, Training Loss: 0.0010374713687314873, Train Accuracy: 0.9831589285714286, Validation Loss: 0.00103729854940422, Validation Accuracy: 0.9835380952380952
2024-10-18 04:51:08,763 - INFO - Epoch 21/50, Training Loss: 0.001037379192549085, Train Accuracy: 0.9832679563492064, Validation Loss: 0.0010385651334410622, Validation Accuracy: 0.9819630952380952
2024-10-18 04:54:04,102 - INFO - Epoch 22/50, Training Loss: 0.0010373263707709691, Train Accuracy: 0.9833237103174604, Validation Loss: 0.0010363840643848692, Validation Accuracy: 0.9843119047619048
2024-10-18 04:56:58,189 - INFO - Epoch 23/50, Training Loss: 0.00103737606604894, Train Accuracy: 0.9832794642857143, Validation Loss: 0.0010361868257560427, Validation Accuracy: 0.984463492063492
2024-10-18 04:59:52,510 - INFO - Epoch 24/50, Training Loss: 0.0010372981659594982, Train Accuracy: 0.9833721230158731, Validation Loss: 0.0010367438296477, Validation Accuracy: 0.9837031746031746
2024-10-18 05:02:49,271 - INFO - Epoch 25/50, Training Loss: 0.0010372491724552617, Train Accuracy: 0.9834194444444444, Validation Loss: 0.0010374517476747906, Validation Accuracy: 0.983236507936508
2024-10-18 05:05:43,034 - INFO - Epoch 26/50, Training Loss: 0.0010372482978753628, Train Accuracy: 0.9834019841269841, Validation Loss: 0.0010359937653182045, Validation Accuracy: 0.9845261904761905
2024-10-18 05:08:35,785 - INFO - Epoch 27/50, Training Loss: 0.001037263294806083, Train Accuracy: 0.9834000992063492, Validation Loss: 0.001036460220766446, Validation Accuracy: 0.9843067460317461
2024-10-18 05:11:29,859 - INFO - Epoch 28/50, Training Loss: 0.0010372402697683327, Train Accuracy: 0.9834296626984127, Validation Loss: 0.0010364045407090868, Validation Accuracy: 0.9842337301587302
2024-10-18 05:14:23,780 - INFO - Epoch 29/50, Training Loss: 0.0010372152181844863, Train Accuracy: 0.9834448412698412, Validation Loss: 0.0010398909662924117, Validation Accuracy: 0.9814472222222222
2024-10-18 05:17:16,082 - INFO - Epoch 30/50, Training Loss: 0.001037157631287026, Train Accuracy: 0.9835328373015872, Validation Loss: 0.0010399527115008188, Validation Accuracy: 0.9806373015873016
2024-10-18 05:20:08,038 - INFO - Epoch 31/50, Training Loss: 0.0010371826656754054, Train Accuracy: 0.983485615079365, Validation Loss: 0.0010378674110249867, Validation Accuracy: 0.9832849206349207
2024-10-18 05:23:01,607 - INFO - Epoch 32/50, Training Loss: 0.0010371893124566192, Train Accuracy: 0.9834796626984127, Validation Loss: 0.0010389738921608243, Validation Accuracy: 0.9815349206349206
2024-10-18 05:25:53,487 - INFO - Epoch 33/50, Training Loss: 0.0010371470980700993, Train Accuracy: 0.9835443452380952, Validation Loss: 0.0010375175719223326, Validation Accuracy: 0.9831035714285714
2024-10-18 05:28:46,478 - INFO - Epoch 34/50, Training Loss: 0.0010371658606425165, Train Accuracy: 0.983530753968254, Validation Loss: 0.0010355328075469486, Validation Accuracy: 0.9850785714285715
2024-10-18 05:31:40,112 - INFO - Epoch 35/50, Training Loss: 0.0010371278508906326, Train Accuracy: 0.9835653769841269, Validation Loss: 0.0010372299980076533, Validation Accuracy: 0.9835071428571428
2024-10-18 05:34:32,024 - INFO - Epoch 36/50, Training Loss: 0.0010370714337934576, Train Accuracy: 0.9835945436507937, Validation Loss: 0.001037844624311205, Validation Accuracy: 0.9827996031746031
2024-10-18 05:37:23,129 - INFO - Epoch 37/50, Training Loss: 0.001037094133654757, Train Accuracy: 0.9836036706349206, Validation Loss: 0.001038320658415083, Validation Accuracy: 0.9823142857142857
2024-10-18 05:40:16,334 - INFO - Epoch 38/50, Training Loss: 0.001037064432305476, Train Accuracy: 0.9836319444444445, Validation Loss: 0.001036683135420557, Validation Accuracy: 0.9839071428571429
2024-10-18 05:43:09,538 - INFO - Epoch 39/50, Training Loss: 0.0010370901488122486, Train Accuracy: 0.9835808531746032, Validation Loss: 0.0010378725588794737, Validation Accuracy: 0.982740873015873
2024-10-18 05:46:02,713 - INFO - Epoch 40/50, Training Loss: 0.0010370903810220104, Train Accuracy: 0.9835958333333333, Validation Loss: 0.0010377607663472493, Validation Accuracy: 0.9831412698412698
2024-10-18 05:48:57,129 - INFO - Epoch 41/50, Training Loss: 0.0010370949548861336, Train Accuracy: 0.9835840277777778, Validation Loss: 0.0010379719504761318, Validation Accuracy: 0.9828107142857143
2024-10-18 05:51:50,110 - INFO - Epoch 42/50, Training Loss: 0.0010370563758034554, Train Accuracy: 0.9836194444444445, Validation Loss: 0.0010367689601485691, Validation Accuracy: 0.9841619047619048
2024-10-18 05:54:44,750 - INFO - Epoch 43/50, Training Loss: 0.0010370204866287254, Train Accuracy: 0.9836747023809523, Validation Loss: 0.0010371020408376816, Validation Accuracy: 0.9834674603174604
2024-10-18 05:57:38,990 - INFO - Epoch 44/50, Training Loss: 0.0010370619302467695, Train Accuracy: 0.9836286706349207, Validation Loss: 0.001037169878539585, Validation Accuracy: 0.9834230158730158
2024-10-18 06:00:32,751 - INFO - Epoch 45/50, Training Loss: 0.00103706388045398, Train Accuracy: 0.9836328373015873, Validation Loss: 0.0010419580517780213, Validation Accuracy: 0.9786515873015873
2024-10-18 06:03:25,898 - INFO - Epoch 46/50, Training Loss: 0.001037028345276439, Train Accuracy: 0.983652876984127, Validation Loss: 0.0010382938235052048, Validation Accuracy: 0.9822984126984127
2024-10-18 06:06:33,123 - INFO - Epoch 47/50, Training Loss: 0.0010370482092338896, Train Accuracy: 0.9836428571428572, Validation Loss: 0.001036111052641793, Validation Accuracy: 0.9843531746031746
2024-10-18 06:10:00,845 - INFO - Epoch 48/50, Training Loss: 0.0010370716349473075, Train Accuracy: 0.9835981150793651, Validation Loss: 0.0010372383689123486, Validation Accuracy: 0.9835876984126984
2024-10-18 06:13:25,996 - INFO - Epoch 49/50, Training Loss: 0.0010370624906959989, Train Accuracy: 0.9836184523809524, Validation Loss: 0.0010370911963875332, Validation Accuracy: 0.9834452380952381
2024-10-18 06:16:45,618 - INFO - Epoch 50/50, Training Loss: 0.0010370157893924486, Train Accuracy: 0.9836627976190476, Validation Loss: 0.0010382198554182809, Validation Accuracy: 0.9823718253968254
2024-10-18 06:16:45,631 - INFO - total time taken to train the model: 146.37 min
2024-10-18 06:16:45,631 - INFO - Memory usage: pmem(rss=156579631104, vms=187912110080, shared=862978048, text=2478080, lib=0, data=161913466880, dirty=0)
