2024-10-23 01:49:11,484 - INFO - Model path: /home/chadmi.20/model_training/model/AMAISE_train_dataset/human_host/with_nanopore/modelInitialFFNN_4mer.pth
2024-10-23 01:49:11,484 - INFO - Input path: /home/shared_tools_data/seq2vec/AMAISE_human_host_train_4mer.csv
2024-10-23 01:49:11,485 - INFO - Labels path: /home/shared_tools_data/AMAISE_dataset/training_dataset/human_host/amaise_train_true_labels.csv
2024-10-23 01:49:11,485 - INFO - Results path: /home/chadmi.20/model_training/output/AMAISE_train_dataset/human_host/with_nanopore/modelInitialFFNN_4mer
2024-10-23 01:49:11,485 - INFO - Learning rate: 0.001
2024-10-23 01:49:11,485 - INFO - Batch size: 1024
2024-10-23 01:49:11,485 - INFO - # Epoches: 50
2024-10-23 01:49:12,001 - INFO - Device: cuda
2024-10-23 01:49:12,002 - INFO - Loading label data...
2024-10-23 01:49:23,732 - INFO - Loading input data...
2024-10-23 01:54:42,351 - INFO - parsing data...
2024-10-23 01:54:46,059 - INFO - Total time taken to parse data: 0.06172017256418864 min
2024-10-23 01:55:32,606 - INFO - initializing the FFNN model...
2024-10-23 01:55:34,552 - INFO - training the network...
2024-10-23 01:58:16,301 - INFO - Epoch 1/50, Training Loss: 0.0011440358396442164, Train Accuracy: 0.8735045634920635, Validation Loss: 0.0010791994961008194, Validation Accuracy: 0.9400992063492063
2024-10-23 02:00:52,475 - INFO - Epoch 2/50, Training Loss: 0.0010649221078507483, Train Accuracy: 0.9549270833333333, Validation Loss: 0.0010550233388230913, Validation Accuracy: 0.9649174603174603
2024-10-23 02:03:31,110 - INFO - Epoch 3/50, Training Loss: 0.001054715578423606, Train Accuracy: 0.9652178571428571, Validation Loss: 0.001053687857020469, Validation Accuracy: 0.9663015873015873
2024-10-23 02:06:08,954 - INFO - Epoch 4/50, Training Loss: 0.0010508076297621879, Train Accuracy: 0.96925, Validation Loss: 0.0010486897126076714, Validation Accuracy: 0.9713123015873016
2024-10-23 02:08:50,056 - INFO - Epoch 5/50, Training Loss: 0.0010486721015402249, Train Accuracy: 0.9714297619047619, Validation Loss: 0.0010482558534731941, Validation Accuracy: 0.9721888888888889
2024-10-23 02:11:29,254 - INFO - Epoch 6/50, Training Loss: 0.001047330252459598, Train Accuracy: 0.9728385912698413, Validation Loss: 0.0010449459542830786, Validation Accuracy: 0.9753781746031746
2024-10-23 02:14:07,734 - INFO - Epoch 7/50, Training Loss: 0.0010460938278526542, Train Accuracy: 0.9741356150793651, Validation Loss: 0.0010460755440923903, Validation Accuracy: 0.9743757936507936
2024-10-23 02:16:42,910 - INFO - Epoch 8/50, Training Loss: 0.0010452583614086349, Train Accuracy: 0.9750154761904762, Validation Loss: 0.0010461348272032208, Validation Accuracy: 0.9742916666666667
2024-10-23 02:19:20,848 - INFO - Epoch 9/50, Training Loss: 0.0010447567308705951, Train Accuracy: 0.9755207341269841, Validation Loss: 0.0010479851294604558, Validation Accuracy: 0.9720698412698413
2024-10-23 02:21:57,804 - INFO - Epoch 10/50, Training Loss: 0.0010442547210152188, Train Accuracy: 0.9760584325396825, Validation Loss: 0.0010448831535047956, Validation Accuracy: 0.9754984126984128
2024-10-23 02:24:34,333 - INFO - Epoch 11/50, Training Loss: 0.001043916580305686, Train Accuracy: 0.9763983134920635, Validation Loss: 0.0010468793549707957, Validation Accuracy: 0.9733968253968254
2024-10-23 02:27:12,568 - INFO - Epoch 12/50, Training Loss: 0.0010435670799206175, Train Accuracy: 0.9767991071428571, Validation Loss: 0.0010429916291482865, Validation Accuracy: 0.9772468253968254
2024-10-23 02:29:49,290 - INFO - Epoch 13/50, Training Loss: 0.0010433070088899325, Train Accuracy: 0.9770656746031746, Validation Loss: 0.0010436797410722763, Validation Accuracy: 0.9766345238095238
2024-10-23 02:32:28,616 - INFO - Epoch 14/50, Training Loss: 0.0010431451136985468, Train Accuracy: 0.9772404761904762, Validation Loss: 0.001042215296105733, Validation Accuracy: 0.9781126984126984
2024-10-23 02:35:06,119 - INFO - Epoch 15/50, Training Loss: 0.0010429776332799405, Train Accuracy: 0.9774117063492064, Validation Loss: 0.0010418760682855334, Validation Accuracy: 0.9785234126984127
2024-10-23 02:37:42,605 - INFO - Epoch 16/50, Training Loss: 0.0010428335518590987, Train Accuracy: 0.9775718253968254, Validation Loss: 0.001042012510034773, Validation Accuracy: 0.9784218253968254
2024-10-23 02:40:21,871 - INFO - Epoch 17/50, Training Loss: 0.0010427877014355055, Train Accuracy: 0.9776271825396825, Validation Loss: 0.0010412177197989963, Validation Accuracy: 0.9791726190476191
2024-10-23 02:42:59,548 - INFO - Epoch 18/50, Training Loss: 0.0010425868018515527, Train Accuracy: 0.9778489087301587, Validation Loss: 0.0010430807250359701, Validation Accuracy: 0.9775166666666667
2024-10-23 02:45:37,704 - INFO - Epoch 19/50, Training Loss: 0.0010425215157014982, Train Accuracy: 0.9778935515873016, Validation Loss: 0.0010425786161706561, Validation Accuracy: 0.9776714285714285
2024-10-23 02:48:15,568 - INFO - Epoch 20/50, Training Loss: 0.0010424487285552516, Train Accuracy: 0.9779861111111111, Validation Loss: 0.0010422024816747696, Validation Accuracy: 0.9782773809523809
2024-10-23 02:50:53,054 - INFO - Epoch 21/50, Training Loss: 0.001042418530630687, Train Accuracy: 0.9780095238095238, Validation Loss: 0.0010415123157084935, Validation Accuracy: 0.9789011904761905
2024-10-23 02:53:29,157 - INFO - Epoch 22/50, Training Loss: 0.0010422949742584947, Train Accuracy: 0.9781560515873016, Validation Loss: 0.0010434039008049738, Validation Accuracy: 0.9770968253968254
2024-10-23 02:56:08,149 - INFO - Epoch 23/50, Training Loss: 0.0010421846595548448, Train Accuracy: 0.9782602182539683, Validation Loss: 0.0010425036555717863, Validation Accuracy: 0.977993253968254
2024-10-23 02:58:44,729 - INFO - Epoch 24/50, Training Loss: 0.001042139830783246, Train Accuracy: 0.9783073412698413, Validation Loss: 0.0010410697844293383, Validation Accuracy: 0.9793309523809524
2024-10-23 03:01:23,595 - INFO - Epoch 25/50, Training Loss: 0.0010418888006536733, Train Accuracy: 0.9785781746031746, Validation Loss: 0.0010421928107738495, Validation Accuracy: 0.9781281746031746
2024-10-23 03:04:01,067 - INFO - Epoch 26/50, Training Loss: 0.0010416310861351944, Train Accuracy: 0.9788639880952381, Validation Loss: 0.0010401711210371956, Validation Accuracy: 0.9803115079365079
2024-10-23 03:06:40,777 - INFO - Epoch 27/50, Training Loss: 0.0010416331338977058, Train Accuracy: 0.9788647817460318, Validation Loss: 0.0010414387282398011, Validation Accuracy: 0.9792726190476191
2024-10-23 03:09:17,928 - INFO - Epoch 28/50, Training Loss: 0.001041582217244875, Train Accuracy: 0.978893253968254, Validation Loss: 0.0010407004309079004, Validation Accuracy: 0.9796964285714286
2024-10-23 03:11:57,001 - INFO - Epoch 29/50, Training Loss: 0.0010414757325890517, Train Accuracy: 0.9789987103174603, Validation Loss: 0.0010410555422779113, Validation Accuracy: 0.9792726190476191
2024-10-23 03:14:36,646 - INFO - Epoch 30/50, Training Loss: 0.0010399889129849653, Train Accuracy: 0.9806199404761905, Validation Loss: 0.0010402186067804459, Validation Accuracy: 0.9803051587301588
2024-10-23 03:17:14,389 - INFO - Epoch 31/50, Training Loss: 0.0010386729657176942, Train Accuracy: 0.9819654761904761, Validation Loss: 0.0010378230910925638, Validation Accuracy: 0.9829400793650793
2024-10-23 03:19:51,109 - INFO - Epoch 32/50, Training Loss: 0.001038596493620721, Train Accuracy: 0.9820318452380953, Validation Loss: 0.0010383143212114062, Validation Accuracy: 0.9821083333333334
2024-10-23 03:22:28,496 - INFO - Epoch 33/50, Training Loss: 0.001038486264787969, Train Accuracy: 0.9821508928571429, Validation Loss: 0.0010401242356924785, Validation Accuracy: 0.9805230158730158
2024-10-23 03:25:06,645 - INFO - Epoch 34/50, Training Loss: 0.0010384524105560213, Train Accuracy: 0.9821806547619047, Validation Loss: 0.001038182182539077, Validation Accuracy: 0.9824111111111111
2024-10-23 03:27:44,554 - INFO - Epoch 35/50, Training Loss: 0.0010384281256369183, Train Accuracy: 0.9822150793650793, Validation Loss: 0.0010392431210903895, Validation Accuracy: 0.9815055555555555
2024-10-23 03:30:23,073 - INFO - Epoch 36/50, Training Loss: 0.001038386773755626, Train Accuracy: 0.9822612103174603, Validation Loss: 0.0010386163169902468, Validation Accuracy: 0.9819285714285715
2024-10-23 03:33:02,880 - INFO - Epoch 37/50, Training Loss: 0.001038392358356052, Train Accuracy: 0.9822508928571428, Validation Loss: 0.0010378467023845702, Validation Accuracy: 0.9827956349206349
2024-10-23 03:35:41,650 - INFO - Epoch 38/50, Training Loss: 0.0010383799359911963, Train Accuracy: 0.9822502976190476, Validation Loss: 0.001039036558213688, Validation Accuracy: 0.9817900793650793
2024-10-23 03:38:21,047 - INFO - Epoch 39/50, Training Loss: 0.0010383456358006077, Train Accuracy: 0.9823113095238095, Validation Loss: 0.0010383018450131492, Validation Accuracy: 0.982359126984127
2024-10-23 03:40:57,656 - INFO - Epoch 40/50, Training Loss: 0.0010383501315400713, Train Accuracy: 0.9822980158730159, Validation Loss: 0.0010403528076315682, Validation Accuracy: 0.9801170634920635
2024-10-23 03:43:35,601 - INFO - Epoch 41/50, Training Loss: 0.0010383254591671248, Train Accuracy: 0.9823046626984127, Validation Loss: 0.0010386770742753196, Validation Accuracy: 0.9819361111111111
2024-10-23 03:46:13,755 - INFO - Epoch 42/50, Training Loss: 0.0010383011221767418, Train Accuracy: 0.9823330357142858, Validation Loss: 0.0010409140763301698, Validation Accuracy: 0.979906746031746
2024-10-23 03:48:50,456 - INFO - Epoch 43/50, Training Loss: 0.0010382367729312844, Train Accuracy: 0.9824179563492064, Validation Loss: 0.0010384527372935461, Validation Accuracy: 0.9819892857142857
2024-10-23 03:51:28,368 - INFO - Epoch 44/50, Training Loss: 0.0010382586154672835, Train Accuracy: 0.982391369047619, Validation Loss: 0.0010393396736610504, Validation Accuracy: 0.981347619047619
2024-10-23 03:54:05,064 - INFO - Epoch 45/50, Training Loss: 0.0010382602823277316, Train Accuracy: 0.9823967261904762, Validation Loss: 0.0010401715535493124, Validation Accuracy: 0.9802773809523809
2024-10-23 03:56:44,485 - INFO - Epoch 46/50, Training Loss: 0.001038169969452752, Train Accuracy: 0.9824776785714285, Validation Loss: 0.0010405306676077464, Validation Accuracy: 0.9801444444444445
2024-10-23 03:59:25,679 - INFO - Epoch 47/50, Training Loss: 0.001038198652177576, Train Accuracy: 0.9824649801587302, Validation Loss: 0.0010370944915309786, Validation Accuracy: 0.9833619047619048
2024-10-23 04:02:06,437 - INFO - Epoch 48/50, Training Loss: 0.0010381490522552105, Train Accuracy: 0.9824907738095238, Validation Loss: 0.0010399580592673923, Validation Accuracy: 0.9803948412698412
2024-10-23 04:04:44,793 - INFO - Epoch 49/50, Training Loss: 0.0010381727400398443, Train Accuracy: 0.9825040674603175, Validation Loss: 0.0010408733762445905, Validation Accuracy: 0.9797392857142857
2024-10-23 04:07:23,793 - INFO - Epoch 50/50, Training Loss: 0.0010381406490173604, Train Accuracy: 0.9824893849206349, Validation Loss: 0.0010369272840401484, Validation Accuracy: 0.9837678571428572
2024-10-23 04:07:23,799 - INFO - total time taken to train the model: 131.82 min
2024-10-23 04:07:23,799 - INFO - Memory usage: pmem(rss=45647679488, vms=76621615104, shared=1084227584, text=2478080, lib=0, data=50757251072, dirty=0)
