2024-10-25 05:18:24,978 - INFO - Model path: /home/chadmi.20/model_training/model/AMAISE_train_dataset/human_host/with_nanopore/modelInitialFFNN_3mer.pth
2024-10-25 05:18:24,978 - INFO - Input path: /home/shared_tools_data/seq2vec/AMAISE_human_host_train_3mer.csv
2024-10-25 05:18:24,978 - INFO - Labels path: /home/shared_tools_data/AMAISE_dataset/training_dataset/human_host/amaise_train_true_labels.csv
2024-10-25 05:18:24,978 - INFO - Results path: /home/chadmi.20/model_training/output/AMAISE_train_dataset/human_host/with_nanopore/modelInitialFFNN_3mer
2024-10-25 05:18:24,978 - INFO - Learning rate: 0.001
2024-10-25 05:18:24,978 - INFO - Batch size: 1024
2024-10-25 05:18:24,978 - INFO - # Epoches: 50
2024-10-25 05:18:25,570 - INFO - Device: cuda
2024-10-25 05:18:25,570 - INFO - Loading label data...
2024-10-25 05:18:36,320 - INFO - Loading input data...
2024-10-25 05:19:35,621 - INFO - parsing data...
2024-10-25 05:19:36,424 - INFO - Total time taken to parse data: 0.013381771246592204 min
2024-10-25 05:19:51,721 - INFO - initializing the FFNN model...
2024-10-25 05:19:53,554 - INFO - training the network...
2024-10-25 05:22:31,580 - INFO - Epoch 1/50, Training Loss: 0.0011786114752056107, Train Accuracy: 0.8375582341269842, Validation Loss: 0.0011170924319634362, Validation Accuracy: 0.9004710317460317
2024-10-25 05:25:04,940 - INFO - Epoch 2/50, Training Loss: 0.001087458443215915, Train Accuracy: 0.931812996031746, Validation Loss: 0.0010773157900287992, Validation Accuracy: 0.9421452380952381
2024-10-25 05:27:39,345 - INFO - Epoch 3/50, Training Loss: 0.0010737332381426342, Train Accuracy: 0.9457390873015873, Validation Loss: 0.0010703162566536948, Validation Accuracy: 0.9492992063492064
2024-10-25 05:30:13,326 - INFO - Epoch 4/50, Training Loss: 0.0010677930553162854, Train Accuracy: 0.951816369047619, Validation Loss: 0.0010649222655901834, Validation Accuracy: 0.954631746031746
2024-10-25 05:32:48,466 - INFO - Epoch 5/50, Training Loss: 0.0010639715976658321, Train Accuracy: 0.955775, Validation Loss: 0.0010643357257994395, Validation Accuracy: 0.9551472222222223
2024-10-25 05:35:24,225 - INFO - Epoch 6/50, Training Loss: 0.0010616669448003883, Train Accuracy: 0.9581619047619048, Validation Loss: 0.0010620070602212633, Validation Accuracy: 0.9577746031746032
2024-10-25 05:37:59,575 - INFO - Epoch 7/50, Training Loss: 0.0010600237370601722, Train Accuracy: 0.9598655753968254, Validation Loss: 0.0010620083535001392, Validation Accuracy: 0.9575638888888889
2024-10-25 05:40:34,745 - INFO - Epoch 8/50, Training Loss: 0.0010588178239999309, Train Accuracy: 0.9611020833333334, Validation Loss: 0.0010566863465876807, Validation Accuracy: 0.9632349206349207
2024-10-25 05:43:11,216 - INFO - Epoch 9/50, Training Loss: 0.001057895291927788, Train Accuracy: 0.9620738095238095, Validation Loss: 0.0010588339652806992, Validation Accuracy: 0.961002380952381
2024-10-25 05:45:44,153 - INFO - Epoch 10/50, Training Loss: 0.0010571294369796911, Train Accuracy: 0.9628762896825397, Validation Loss: 0.0010564427833235452, Validation Accuracy: 0.9636515873015873
2024-10-25 05:48:20,413 - INFO - Epoch 11/50, Training Loss: 0.00105666528888165, Train Accuracy: 0.9633244047619047, Validation Loss: 0.0010551214011888656, Validation Accuracy: 0.9647448412698413
2024-10-25 05:50:54,755 - INFO - Epoch 12/50, Training Loss: 0.001055966702813194, Train Accuracy: 0.964090873015873, Validation Loss: 0.0010570456732833197, Validation Accuracy: 0.9628587301587301
2024-10-25 05:53:29,803 - INFO - Epoch 13/50, Training Loss: 0.0010555752377424921, Train Accuracy: 0.9644920634920635, Validation Loss: 0.0010552433072574556, Validation Accuracy: 0.964629365079365
2024-10-25 05:56:14,198 - INFO - Epoch 14/50, Training Loss: 0.0010551617455387872, Train Accuracy: 0.9649207341269841, Validation Loss: 0.0010544110256055044, Validation Accuracy: 0.9656111111111111
2024-10-25 05:58:52,116 - INFO - Epoch 15/50, Training Loss: 0.0010548478862595937, Train Accuracy: 0.9652635912698413, Validation Loss: 0.0010545858879884083, Validation Accuracy: 0.9657694444444445
2024-10-25 06:01:27,095 - INFO - Epoch 16/50, Training Loss: 0.0010545843989248314, Train Accuracy: 0.965535119047619, Validation Loss: 0.0010552597260191326, Validation Accuracy: 0.9650376984126984
2024-10-25 06:04:03,389 - INFO - Epoch 17/50, Training Loss: 0.0010543353381729315, Train Accuracy: 0.9657738095238095, Validation Loss: 0.0010535523889556764, Validation Accuracy: 0.9665924603174603
2024-10-25 06:06:39,265 - INFO - Epoch 18/50, Training Loss: 0.0010540945784676642, Train Accuracy: 0.9660385912698413, Validation Loss: 0.001053638665685578, Validation Accuracy: 0.9665988095238095
2024-10-25 06:09:14,227 - INFO - Epoch 19/50, Training Loss: 0.0010538773588836194, Train Accuracy: 0.9663164682539682, Validation Loss: 0.0010529189443304425, Validation Accuracy: 0.9674289682539683
2024-10-25 06:11:49,856 - INFO - Epoch 20/50, Training Loss: 0.0010536901677648226, Train Accuracy: 0.9664950396825397, Validation Loss: 0.0010538256179718744, Validation Accuracy: 0.9662261904761905
2024-10-25 06:14:25,810 - INFO - Epoch 21/50, Training Loss: 0.0010534584491144097, Train Accuracy: 0.9667479166666667, Validation Loss: 0.0010580705821987182, Validation Accuracy: 0.9615912698412699
2024-10-25 06:17:01,198 - INFO - Epoch 22/50, Training Loss: 0.0010532461163070468, Train Accuracy: 0.9669558531746032, Validation Loss: 0.0010525821735461554, Validation Accuracy: 0.968220238095238
2024-10-25 06:19:37,014 - INFO - Epoch 23/50, Training Loss: 0.0010530494596276965, Train Accuracy: 0.9671507936507937, Validation Loss: 0.0010528878778219223, Validation Accuracy: 0.9671873015873016
2024-10-25 06:22:11,731 - INFO - Epoch 24/50, Training Loss: 0.0010529361191486555, Train Accuracy: 0.9672733134920635, Validation Loss: 0.001052329677958337, Validation Accuracy: 0.9680261904761904
2024-10-25 06:24:48,090 - INFO - Epoch 25/50, Training Loss: 0.0010528092628906644, Train Accuracy: 0.9674371031746032, Validation Loss: 0.001053337776613614, Validation Accuracy: 0.9668650793650794
2024-10-25 06:27:22,561 - INFO - Epoch 26/50, Training Loss: 0.0010526977492348543, Train Accuracy: 0.9675251984126985, Validation Loss: 0.00105365026796621, Validation Accuracy: 0.9664047619047619
2024-10-25 06:30:02,977 - INFO - Epoch 27/50, Training Loss: 0.001052416888860956, Train Accuracy: 0.9678540674603174, Validation Loss: 0.0010515233123586292, Validation Accuracy: 0.9687654761904761
2024-10-25 06:32:42,175 - INFO - Epoch 28/50, Training Loss: 0.0010520990759370818, Train Accuracy: 0.968171626984127, Validation Loss: 0.0010513219275171794, Validation Accuracy: 0.9689436507936507
2024-10-25 06:35:15,455 - INFO - Epoch 29/50, Training Loss: 0.0010520056568440936, Train Accuracy: 0.9682722222222222, Validation Loss: 0.0010511838752125936, Validation Accuracy: 0.9690480158730159
2024-10-25 06:37:49,333 - INFO - Epoch 30/50, Training Loss: 0.0010518784804476632, Train Accuracy: 0.9683960317460317, Validation Loss: 0.0010518035573618752, Validation Accuracy: 0.9685599206349207
2024-10-25 06:40:29,145 - INFO - Epoch 31/50, Training Loss: 0.001051802857787836, Train Accuracy: 0.968494246031746, Validation Loss: 0.0010509131454286122, Validation Accuracy: 0.9695972222222222
2024-10-25 06:43:03,849 - INFO - Epoch 32/50, Training Loss: 0.0010516815313389377, Train Accuracy: 0.9686035714285715, Validation Loss: 0.0010515544718220121, Validation Accuracy: 0.9687404761904762
2024-10-25 06:45:36,311 - INFO - Epoch 33/50, Training Loss: 0.001051605218033942, Train Accuracy: 0.9687106150793651, Validation Loss: 0.0010507440421316358, Validation Accuracy: 0.9695563492063493
2024-10-25 06:48:09,416 - INFO - Epoch 34/50, Training Loss: 0.001051501112111977, Train Accuracy: 0.9688106150793651, Validation Loss: 0.0010526243488939982, Validation Accuracy: 0.9675186507936508
2024-10-25 06:50:46,001 - INFO - Epoch 35/50, Training Loss: 0.0010514318777928276, Train Accuracy: 0.9688958333333333, Validation Loss: 0.0010520160685929042, Validation Accuracy: 0.9682734126984127
2024-10-25 06:53:21,204 - INFO - Epoch 36/50, Training Loss: 0.001051378856126278, Train Accuracy: 0.9689790674603175, Validation Loss: 0.0010509109801716274, Validation Accuracy: 0.9694011904761904
2024-10-25 06:55:55,654 - INFO - Epoch 37/50, Training Loss: 0.0010513694168438042, Train Accuracy: 0.9689460317460318, Validation Loss: 0.0010537217304347054, Validation Accuracy: 0.9667023809523809
2024-10-25 06:58:30,330 - INFO - Epoch 38/50, Training Loss: 0.0010512935106243406, Train Accuracy: 0.9690429563492063, Validation Loss: 0.0010510870852167644, Validation Accuracy: 0.9690234126984127
2024-10-25 07:01:04,962 - INFO - Epoch 39/50, Training Loss: 0.0010512320059750762, Train Accuracy: 0.9690952380952381, Validation Loss: 0.001051217722845456, Validation Accuracy: 0.9692380952380952
2024-10-25 07:03:39,281 - INFO - Epoch 40/50, Training Loss: 0.0010511973390030483, Train Accuracy: 0.9691571428571428, Validation Loss: 0.0010514040702865237, Validation Accuracy: 0.9692103174603175
2024-10-25 07:06:14,969 - INFO - Epoch 41/50, Training Loss: 0.001051118261899267, Train Accuracy: 0.9692219246031746, Validation Loss: 0.0010517026381833214, Validation Accuracy: 0.9683761904761905
2024-10-25 07:08:48,819 - INFO - Epoch 42/50, Training Loss: 0.0010511322486850005, Train Accuracy: 0.969197619047619, Validation Loss: 0.0010516567078847734, Validation Accuracy: 0.9684944444444444
2024-10-25 07:11:22,976 - INFO - Epoch 43/50, Training Loss: 0.001051055275305869, Train Accuracy: 0.9693053571428571, Validation Loss: 0.0010519579960713312, Validation Accuracy: 0.9685285714285714
2024-10-25 07:13:56,478 - INFO - Epoch 44/50, Training Loss: 0.0010510110511429726, Train Accuracy: 0.9693651785714286, Validation Loss: 0.0010502135423913835, Validation Accuracy: 0.9703503968253968
2024-10-25 07:16:30,168 - INFO - Epoch 45/50, Training Loss: 0.0010509724671996774, Train Accuracy: 0.96939375, Validation Loss: 0.0010499899236455796, Validation Accuracy: 0.9704095238095238
2024-10-25 07:19:03,914 - INFO - Epoch 46/50, Training Loss: 0.0010509514166012644, Train Accuracy: 0.96941875, Validation Loss: 0.001051001047615021, Validation Accuracy: 0.9693388888888889
2024-10-25 07:21:39,764 - INFO - Epoch 47/50, Training Loss: 0.0010509053533630712, Train Accuracy: 0.9694630952380953, Validation Loss: 0.0010500360488891601, Validation Accuracy: 0.9702261904761905
2024-10-25 07:24:14,160 - INFO - Epoch 48/50, Training Loss: 0.001050836083139219, Train Accuracy: 0.9695325396825397, Validation Loss: 0.0010497964277153924, Validation Accuracy: 0.9703619047619048
2024-10-25 07:26:48,062 - INFO - Epoch 49/50, Training Loss: 0.00105085222682073, Train Accuracy: 0.969521626984127, Validation Loss: 0.0010503919511087357, Validation Accuracy: 0.9700615079365079
2024-10-25 07:29:24,561 - INFO - Epoch 50/50, Training Loss: 0.0010507654867593257, Train Accuracy: 0.9696143849206349, Validation Loss: 0.001050696559888976, Validation Accuracy: 0.969661507936508
2024-10-25 07:29:24,561 - INFO - total time taken to train the model: 129.52 min
2024-10-25 07:29:24,562 - INFO - Memory usage: rss=12.79 GB, vms=41.66 GB, shared=1.01 GB, text=0.00 GB, data=17.54 GB
2024-10-25 07:29:24,562 - INFO - Maximum training accuracy = 0.9693938
2024-10-25 07:29:24,562 - INFO - Maximum validation accuracy = 0.9704095
