2024-10-18 09:07:54,217 - INFO - Model path: /home/chadmi.20/model_training/model/AMAISE_train_dataset/human_host/with_nanopore/XGBoost_5mer.pth
2024-10-18 09:07:54,218 - INFO - Input path: /home/shared_tools_data/seq2vec/AMAISE_human_host_with_nanopore_dataset_5mer.csv
2024-10-18 09:07:54,218 - INFO - Labels path: /home/shared_tools_data/AMAISE_dataset/training_dataset/human_host/amaise_train_true_labels.csv
2024-10-18 09:07:54,218 - INFO - Results path: /home/chadmi.20/model_training/output/AMAISE_train_dataset/human_host/with_nanopore/XGBoost_5mer
2024-10-18 09:07:54,817 - INFO - Device: cuda
2024-10-18 09:07:54,817 - INFO - Loading label data...
2024-10-18 09:08:08,261 - INFO - Loading input data...
2024-10-18 09:35:30,143 - INFO - Parsing data...
2024-10-18 09:35:43,499 - INFO - Total time taken to parse data: 0.22 min
2024-10-18 09:38:21,090 - INFO - Initializing the XGBoost classifier...
2024-10-18 09:38:22,032 - INFO - XGBoost Model Hyperparameters:
2024-10-18 09:38:22,033 - INFO - n_estimators: 200
2024-10-18 09:38:22,033 - INFO - min_child_weight: 1
2024-10-18 09:38:22,033 - INFO - subsample: 1
2024-10-18 09:38:22,033 - INFO - max_depth: 10
2024-10-18 09:38:22,033 - INFO - learning_rate: 0.1
2024-10-18 09:38:22,033 - INFO - gamma: 0
2024-10-18 09:38:22,033 - INFO - reg_lambda: 1
2024-10-18 09:38:22,033 - INFO - reg_alpha: 1
2024-10-18 09:38:22,033 - INFO - Training the model...
2024-10-18 10:40:13,212 - INFO - Evaluating the model...
2024-10-18 10:40:41,534 - INFO - Training Accuracy: 0.9952
2024-10-18 10:40:41,534 - INFO - Validation Accuracy: 0.9894
2024-10-18 10:40:41,534 - INFO - Training F1 Score: 0.9951
2024-10-18 10:40:41,534 - INFO - Validation F1 Score: 0.9895
2024-10-18 10:40:41,534 - INFO - Saving the model...
2024-10-18 10:40:41,665 - INFO - Total time taken to train the model: 65.19 min
2024-10-18 10:40:41,665 - INFO - Memory usage: pmem(rss=159049310208, vms=188939833344, shared=220200960, text=2478080, lib=0, data=164940800000, dirty=0)
2024-10-18 10:40:41,665 - INFO - Model saved at: /home/chadmi.20/model_training/model/AMAISE_train_dataset/human_host/with_nanopore/XGBoost_5mer.pth
2024-10-18 10:40:42,195 - INFO - Process complete.
