2024-09-18 08:56:58,580 - INFO - Model path: /home/chadmi.20/model_training/model/human_train_final/modelAMAISEPRO.pth
2024-09-18 08:56:58,580 - INFO - Input path: /home/chadmi.20/model_training/seq2vec/human_train_final_3mer.csv
2024-09-18 08:56:58,580 - INFO - Labels path: /mnt/disk-3/home/shared/human/train/human_train_final_labels.csv
2024-09-18 08:56:58,580 - INFO - Results path: /home/chadmi.20/model_training/output/human_train_final/modelAMAISEPRO
2024-09-18 08:56:58,580 - INFO - Learning rate: 0.001
2024-09-18 08:56:58,580 - INFO - Batch size: 1024
2024-09-18 08:56:58,580 - INFO - # Epoches: 50
2024-09-18 08:56:59,150 - INFO - Device: cuda
2024-09-18 08:57:22,853 - INFO - parsing data...
2024-09-18 08:58:42,163 - INFO - Total time taken to parse data: 1.3218288540840148 min
2024-09-18 09:00:22,884 - INFO - initializing the TCN model...
2024-09-18 09:00:24,115 - INFO - training the network...
2024-09-18 09:05:10,730 - INFO - Epoch 1/50, Training Loss: 0.0009120833543116289, Train Accuracy: 0.6380427892835429, Validation Loss: 0.0006233949506630104, Validation Accuracy: 0.7693297957377564
2024-09-18 09:10:12,767 - INFO - Epoch 2/50, Training Loss: 0.0005602079139745428, Train Accuracy: 0.7925123883553697, Validation Loss: 0.0004794408466895005, Validation Accuracy: 0.8257249454016016
2024-09-18 09:15:29,085 - INFO - Epoch 3/50, Training Loss: 0.00042975170830843624, Train Accuracy: 0.8435808714604142, Validation Loss: 0.0003590703977602052, Validation Accuracy: 0.8684374866180395
2024-09-18 09:20:23,663 - INFO - Epoch 4/50, Training Loss: 0.0003326801603137331, Train Accuracy: 0.8774611108905565, Validation Loss: 0.00030087526916210307, Validation Accuracy: 0.8899842271293376
2024-09-18 09:25:34,187 - INFO - Epoch 5/50, Training Loss: 0.00028317249561701335, Train Accuracy: 0.8962128143033594, Validation Loss: 0.00025795472805159657, Validation Accuracy: 0.9052405541202164
2024-09-18 09:30:53,193 - INFO - Epoch 6/50, Training Loss: 0.0002582272053256018, Train Accuracy: 0.9057367597709542, Validation Loss: 0.0002614974296459725, Validation Accuracy: 0.9032064961388584
2024-09-18 09:36:04,879 - INFO - Epoch 7/50, Training Loss: 0.0002391590099687836, Train Accuracy: 0.9131006328331898, Validation Loss: 0.00022010239028644966, Validation Accuracy: 0.9208234009449449
2024-09-18 09:40:51,161 - INFO - Epoch 8/50, Training Loss: 0.0002268959117513861, Train Accuracy: 0.9180272037533739, Validation Loss: 0.00023109765854238253, Validation Accuracy: 0.9167686669426325
2024-09-18 09:45:48,670 - INFO - Epoch 9/50, Training Loss: 0.00021616830992043966, Train Accuracy: 0.9222501062751163, Validation Loss: 0.00019573937960722324, Validation Accuracy: 0.9307876086615184
2024-09-18 09:50:44,017 - INFO - Epoch 10/50, Training Loss: 0.0002073459335745559, Train Accuracy: 0.9258391496563289, Validation Loss: 0.0002006839390829271, Validation Accuracy: 0.9277088656379805
2024-09-18 09:56:10,066 - INFO - Epoch 11/50, Training Loss: 0.00019973211562204768, Train Accuracy: 0.92883291856672, Validation Loss: 0.00020253554861067617, Validation Accuracy: 0.9298669297857459
2024-09-18 10:01:21,315 - INFO - Epoch 12/50, Training Loss: 0.00019341550068444256, Train Accuracy: 0.9313168345583037, Validation Loss: 0.0001879757410360005, Validation Accuracy: 0.9346906804459226
2024-09-18 10:06:28,417 - INFO - Epoch 13/50, Training Loss: 0.00018799386488314545, Train Accuracy: 0.9334737845048428, Validation Loss: 0.0002054976446062115, Validation Accuracy: 0.9266320638908317
2024-09-18 10:11:44,633 - INFO - Epoch 14/50, Training Loss: 0.00018321554137609676, Train Accuracy: 0.9352631764416727, Validation Loss: 0.00017239465229400947, Validation Accuracy: 0.9394894514466792
2024-09-18 10:16:49,580 - INFO - Epoch 15/50, Training Loss: 0.00017855749736845158, Train Accuracy: 0.9371074344406316, Validation Loss: 0.00017685373758734389, Validation Accuracy: 0.9376811025307964
2024-09-18 10:21:54,067 - INFO - Epoch 16/50, Training Loss: 0.00017483407096890937, Train Accuracy: 0.938285047481447, Validation Loss: 0.00017655069756218302, Validation Accuracy: 0.9386410351570864
2024-09-18 10:27:02,320 - INFO - Epoch 17/50, Training Loss: 0.000172033498649638, Train Accuracy: 0.9392610388955774, Validation Loss: 0.00016090475450693113, Validation Accuracy: 0.9439697317898282
2024-09-18 10:32:02,558 - INFO - Epoch 18/50, Training Loss: 0.00016836117553329448, Train Accuracy: 0.9407016075756204, Validation Loss: 0.0001608771261435093, Validation Accuracy: 0.9445076865980558
2024-09-18 10:37:00,552 - INFO - Epoch 19/50, Training Loss: 0.00016601728788845192, Train Accuracy: 0.941569651127676, Validation Loss: 0.00017281399863197444, Validation Accuracy: 0.9397008864210571
2024-09-18 10:41:56,750 - INFO - Epoch 20/50, Training Loss: 0.00016299280494923757, Train Accuracy: 0.9425904721291556, Validation Loss: 0.0001668826199020234, Validation Accuracy: 0.9412166164694463
2024-09-18 10:46:35,554 - INFO - Epoch 21/50, Training Loss: 0.0001606545284233802, Train Accuracy: 0.9434826032206824, Validation Loss: 0.00017133201217287055, Validation Accuracy: 0.9383439556361248
2024-09-18 10:51:05,544 - INFO - Epoch 22/50, Training Loss: 0.0001586986658649827, Train Accuracy: 0.9441211460494427, Validation Loss: 0.00015959850636569026, Validation Accuracy: 0.9434612172944887
2024-09-18 10:55:34,764 - INFO - Epoch 23/50, Training Loss: 0.00015682856804969165, Train Accuracy: 0.9448600536259999, Validation Loss: 0.00016306919907223364, Validation Accuracy: 0.941475334370584
2024-09-18 11:00:08,567 - INFO - Epoch 24/50, Training Loss: 0.00015488778388030044, Train Accuracy: 0.9454457376875873, Validation Loss: 0.00015178348877779445, Validation Accuracy: 0.9469699673123314
2024-09-18 11:05:00,115 - INFO - Epoch 25/50, Training Loss: 0.00015330797679022527, Train Accuracy: 0.9461623419868562, Validation Loss: 0.00016053981134851421, Validation Accuracy: 0.9438564311917439
2024-09-18 11:09:41,440 - INFO - Epoch 26/50, Training Loss: 0.00015208457908501014, Train Accuracy: 0.9465865503208772, Validation Loss: 0.0001399903220000791, Validation Accuracy: 0.9515234023723539
2024-09-18 11:14:21,187 - INFO - Epoch 27/50, Training Loss: 0.00015015181998399274, Train Accuracy: 0.9473475381419496, Validation Loss: 0.0001466466903416181, Validation Accuracy: 0.9484437672181224
2024-09-18 11:19:03,953 - INFO - Epoch 28/50, Training Loss: 0.00014891465272646364, Train Accuracy: 0.9477898121305741, Validation Loss: 0.00014919121347628641, Validation Accuracy: 0.9476087328889333
2024-09-18 11:23:37,003 - INFO - Epoch 29/50, Training Loss: 0.0001475548340135608, Train Accuracy: 0.94829721168888, Validation Loss: 0.0001456067816127795, Validation Accuracy: 0.9496008607276931
2024-09-18 11:28:09,201 - INFO - Epoch 30/50, Training Loss: 0.00014646743283371216, Train Accuracy: 0.9486551792893552, Validation Loss: 0.0001829437063659558, Validation Accuracy: 0.933410472900638
2024-09-18 11:32:43,252 - INFO - Epoch 31/50, Training Loss: 0.0001451175151306141, Train Accuracy: 0.9491442901602848, Validation Loss: 0.0001702567697911257, Validation Accuracy: 0.9402879084174315
2024-09-18 11:37:51,934 - INFO - Epoch 32/50, Training Loss: 0.00014433693362178148, Train Accuracy: 0.9493586246550241, Validation Loss: 0.00015382432587846679, Validation Accuracy: 0.9454961674065404
2024-09-18 11:42:53,269 - INFO - Epoch 33/50, Training Loss: 0.00014360173531461913, Train Accuracy: 0.9497259596319603, Validation Loss: 0.00014002712058137353, Validation Accuracy: 0.9516277816635026
2024-09-18 11:47:53,839 - INFO - Epoch 34/50, Training Loss: 0.00014219395477550541, Train Accuracy: 0.9501684566533576, Validation Loss: 0.00013701357423472407, Validation Accuracy: 0.9524904720441926
2024-09-18 11:53:07,102 - INFO - Epoch 35/50, Training Loss: 0.00014130356075682586, Train Accuracy: 0.950535345564748, Validation Loss: 0.0001515744915544865, Validation Accuracy: 0.9460546412207202
2024-09-18 11:58:19,246 - INFO - Epoch 36/50, Training Loss: 0.000140070713969155, Train Accuracy: 0.9509231995567893, Validation Loss: 0.00014565800101764374, Validation Accuracy: 0.9485088927587536
2024-09-18 12:03:21,693 - INFO - Epoch 37/50, Training Loss: 0.00013998095354007773, Train Accuracy: 0.9510191036491284, Validation Loss: 0.00015709080321530747, Validation Accuracy: 0.9439376150848595
2024-09-18 12:08:22,021 - INFO - Epoch 38/50, Training Loss: 0.00013867938936801283, Train Accuracy: 0.9514622697688444, Validation Loss: 0.00014836297136908345, Validation Accuracy: 0.9479236550237664
2024-09-18 12:13:19,397 - INFO - Epoch 39/50, Training Loss: 0.0001377400784956445, Train Accuracy: 0.951794811633211, Validation Loss: 0.00013276601318660647, Validation Accuracy: 0.9535851164052129
2024-09-18 12:18:45,475 - INFO - Epoch 40/50, Training Loss: 0.00013798545906704675, Train Accuracy: 0.9516757121324921, Validation Loss: 0.0001371292401128722, Validation Accuracy: 0.951758032744765
2024-09-18 12:24:08,389 - INFO - Epoch 41/50, Training Loss: 0.00013704805461045943, Train Accuracy: 0.9520519684203437, Validation Loss: 0.00013255006357387655, Validation Accuracy: 0.953701093395378
2024-09-18 12:29:36,463 - INFO - Epoch 42/50, Training Loss: 0.00013632979570813258, Train Accuracy: 0.9523457025822288, Validation Loss: 0.000130077471232711, Validation Accuracy: 0.954762728920736
2024-09-18 12:35:11,540 - INFO - Epoch 43/50, Training Loss: 0.00013548206690446708, Train Accuracy: 0.9525725269122496, Validation Loss: 0.00013582752997737008, Validation Accuracy: 0.952409288151077
2024-09-18 12:40:38,894 - INFO - Epoch 44/50, Training Loss: 0.0001352263735198902, Train Accuracy: 0.952696087068426, Validation Loss: 0.00012833352402101043, Validation Accuracy: 0.9551240418516351
2024-09-18 12:46:00,250 - INFO - Epoch 45/50, Training Loss: 0.00013468591388847323, Train Accuracy: 0.9529626112320196, Validation Loss: 0.00014965704378740155, Validation Accuracy: 0.9470645331658507
2024-09-18 12:51:06,261 - INFO - Epoch 46/50, Training Loss: 0.0001340479832258505, Train Accuracy: 0.9532271281006574, Validation Loss: 0.0001308785899275559, Validation Accuracy: 0.9544531595700644
2024-09-18 12:56:37,391 - INFO - Epoch 47/50, Training Loss: 0.00013341992712337725, Train Accuracy: 0.9533912802214983, Validation Loss: 0.00013537327954187085, Validation Accuracy: 0.9525743323293889
2024-09-18 13:02:01,866 - INFO - Epoch 48/50, Training Loss: 0.0001327371572891283, Train Accuracy: 0.9535882181599529, Validation Loss: 0.00013244767890308043, Validation Accuracy: 0.9532425382188789
2024-09-18 13:07:27,348 - INFO - Epoch 49/50, Training Loss: 0.00013230844232842382, Train Accuracy: 0.9537956386387328, Validation Loss: 0.00012387178796723243, Validation Accuracy: 0.9572125198053014
2024-09-18 13:12:37,818 - INFO - Epoch 50/50, Training Loss: 0.00013175422796062093, Train Accuracy: 0.9539528767436145, Validation Loss: 0.00012356554961734197, Validation Accuracy: 0.9573543685855803
2024-09-18 13:12:37,839 - INFO - total time taken to train the model: 252.23 min
2024-09-18 13:12:37,840 - INFO - Memory usage: pmem(rss=10345512960, vms=41438019584, shared=1095237632, text=2478080, lib=0, data=15457800192, dirty=0)
