2024-09-17 05:24:18,651 - INFO - Model path: /home/chadmi.20/model_training/model/human_train_final/modelInitialFFNN.pth
2024-09-17 05:24:18,651 - INFO - Input path: /home/chadmi.20/model_training/seq2vec/human_train_final_3mer.csv
2024-09-17 05:24:18,651 - INFO - Labels path: /mnt/disk-3/home/shared/human/train/human_train_final_labels.csv
2024-09-17 05:24:18,651 - INFO - Results path: /home/chadmi.20/model_training/output/human_train_final/modelInitialFFNN
2024-09-17 05:24:18,651 - INFO - Learning rate: 0.001
2024-09-17 05:24:18,651 - INFO - Batch size: 1024
2024-09-17 05:24:18,651 - INFO - # Epoches: 50
2024-09-17 05:24:19,225 - INFO - Device: cuda
2024-09-17 05:24:41,542 - INFO - parsing data...
2024-09-17 05:25:08,594 - INFO - Total time taken to parse data: 0.45087582667668663 min
2024-09-17 05:25:21,452 - INFO - initializing the FFNN model...
2024-09-17 05:25:23,659 - INFO - training the network...
2024-09-17 05:26:38,234 - INFO - Epoch 1/50, Training Loss: 0.0012569619855352248, Train Accuracy: 0.7568278137926143, Validation Loss: 0.0012146220133773115, Validation Accuracy: 0.8004401772842115
2024-09-17 05:27:49,296 - INFO - Epoch 2/50, Training Loss: 0.0011948520352022343, Train Accuracy: 0.8200473453970273, Validation Loss: 0.0011331385108236088, Validation Accuracy: 0.8857519591190031
2024-09-17 05:29:06,585 - INFO - Epoch 3/50, Training Loss: 0.0011157192978517327, Train Accuracy: 0.9028855088024345, Validation Loss: 0.0011069721121803136, Validation Accuracy: 0.9118994176170833
2024-09-17 05:30:23,638 - INFO - Epoch 4/50, Training Loss: 0.0010931277940912857, Train Accuracy: 0.926114149065292, Validation Loss: 0.0010863372460146986, Validation Accuracy: 0.933495225316528
2024-09-17 05:31:33,982 - INFO - Epoch 5/50, Training Loss: 0.0010846524849115926, Train Accuracy: 0.9346208420557733, Validation Loss: 0.0010936791050535698, Validation Accuracy: 0.9251172259731362
2024-09-17 05:32:43,468 - INFO - Epoch 6/50, Training Loss: 0.0010788505788078874, Train Accuracy: 0.9406063725815998, Validation Loss: 0.0010823221374153945, Validation Accuracy: 0.9368710478610275
2024-09-17 05:33:52,729 - INFO - Epoch 7/50, Training Loss: 0.0010757467868072882, Train Accuracy: 0.9437696463993812, Validation Loss: 0.0010728567636816018, Validation Accuracy: 0.9469351742152818
2024-09-17 05:35:03,461 - INFO - Epoch 8/50, Training Loss: 0.00107334528045856, Train Accuracy: 0.9461866525591004, Validation Loss: 0.001071384217902391, Validation Accuracy: 0.9486935638123243
2024-09-17 05:36:12,440 - INFO - Epoch 9/50, Training Loss: 0.0010713746345651458, Train Accuracy: 0.9482260642343308, Validation Loss: 0.0010678324624173931, Validation Accuracy: 0.952197853176699
2024-09-17 05:37:22,126 - INFO - Epoch 10/50, Training Loss: 0.0010695952086626035, Train Accuracy: 0.9499964983854657, Validation Loss: 0.0010685429377102335, Validation Accuracy: 0.9514332971723025
2024-09-17 05:38:32,040 - INFO - Epoch 11/50, Training Loss: 0.0010680702918491479, Train Accuracy: 0.9516384656594209, Validation Loss: 0.0010680513796545378, Validation Accuracy: 0.952204098091554
2024-09-17 05:39:45,915 - INFO - Epoch 12/50, Training Loss: 0.0010669229018988233, Train Accuracy: 0.9528140714052804, Validation Loss: 0.0010688929717444803, Validation Accuracy: 0.950878391880897
2024-09-17 05:41:00,946 - INFO - Epoch 13/50, Training Loss: 0.0010657607222357864, Train Accuracy: 0.9539736187914925, Validation Loss: 0.0010692161849860517, Validation Accuracy: 0.9505795280985483
2024-09-17 05:42:11,395 - INFO - Epoch 14/50, Training Loss: 0.0010649140753654339, Train Accuracy: 0.9548095456242531, Validation Loss: 0.0010644943110165923, Validation Accuracy: 0.9555915183350701
2024-09-17 05:43:21,247 - INFO - Epoch 15/50, Training Loss: 0.0010640088570701904, Train Accuracy: 0.9558087324467632, Validation Loss: 0.00106664252502908, Validation Accuracy: 0.9530694648643248
2024-09-17 05:44:31,189 - INFO - Epoch 16/50, Training Loss: 0.0010634524924768509, Train Accuracy: 0.9563440111016793, Validation Loss: 0.0010630908971644014, Validation Accuracy: 0.9569609389497123
2024-09-17 05:45:41,149 - INFO - Epoch 17/50, Training Loss: 0.0010626567221607988, Train Accuracy: 0.9571230645773551, Validation Loss: 0.0010636071525170082, Validation Accuracy: 0.9565237949098591
2024-09-17 05:46:50,887 - INFO - Epoch 18/50, Training Loss: 0.0010620211622643521, Train Accuracy: 0.957788817404407, Validation Loss: 0.0010625411582812936, Validation Accuracy: 0.9572562342092867
2024-09-17 05:48:08,272 - INFO - Epoch 19/50, Training Loss: 0.0010614760142790632, Train Accuracy: 0.9583430538450181, Validation Loss: 0.0010633419404772494, Validation Accuracy: 0.9568173059080463
2024-09-17 05:49:17,592 - INFO - Epoch 20/50, Training Loss: 0.0010609730149968878, Train Accuracy: 0.9588856925814393, Validation Loss: 0.0010610388498483445, Validation Accuracy: 0.9590422798578301
2024-09-17 05:50:37,215 - INFO - Epoch 21/50, Training Loss: 0.0010605015690551326, Train Accuracy: 0.9593857320582401, Validation Loss: 0.0010631140720572523, Validation Accuracy: 0.957133120173573
2024-09-17 05:51:55,208 - INFO - Epoch 22/50, Training Loss: 0.0010601557176491692, Train Accuracy: 0.9597675641654136, Validation Loss: 0.0010661831293145283, Validation Accuracy: 0.9535253436487432
2024-09-17 05:53:12,529 - INFO - Epoch 23/50, Training Loss: 0.0010597409790505956, Train Accuracy: 0.9601783905330618, Validation Loss: 0.0010604423949092184, Validation Accuracy: 0.9597631214582412
2024-09-17 05:54:21,444 - INFO - Epoch 24/50, Training Loss: 0.0010593774774807104, Train Accuracy: 0.9605535316570487, Validation Loss: 0.0010602819294799639, Validation Accuracy: 0.9598460896127439
2024-09-17 05:55:37,434 - INFO - Epoch 25/50, Training Loss: 0.0010590948760626343, Train Accuracy: 0.9608481579500255, Validation Loss: 0.001058067425113218, Validation Accuracy: 0.9621700900695148
2024-09-17 05:56:53,884 - INFO - Epoch 26/50, Training Loss: 0.0010587390231541285, Train Accuracy: 0.9612464944823922, Validation Loss: 0.0010583241267919776, Validation Accuracy: 0.9616544385286266
2024-09-17 05:58:20,600 - INFO - Epoch 27/50, Training Loss: 0.0010586186199759572, Train Accuracy: 0.9613189801335787, Validation Loss: 0.0010584590060487963, Validation Accuracy: 0.9619229698673937
2024-09-17 05:59:36,875 - INFO - Epoch 28/50, Training Loss: 0.0010582661716600408, Train Accuracy: 0.9616651269970912, Validation Loss: 0.0010600635249574523, Validation Accuracy: 0.9598478738741311
2024-09-17 06:00:46,582 - INFO - Epoch 29/50, Training Loss: 0.001058073778173221, Train Accuracy: 0.9619002035397085, Validation Loss: 0.0010575651178107194, Validation Accuracy: 0.9625644118360763
2024-09-17 06:01:56,342 - INFO - Epoch 30/50, Training Loss: 0.0010579130547994657, Train Accuracy: 0.9620498585303121, Validation Loss: 0.0010566410829944434, Validation Accuracy: 0.9635520005138672
2024-09-17 06:03:05,321 - INFO - Epoch 31/50, Training Loss: 0.0010577102242789816, Train Accuracy: 0.9622452352393566, Validation Loss: 0.0010537749836279696, Validation Accuracy: 0.9686326848137945
2024-09-17 06:04:14,657 - INFO - Epoch 32/50, Training Loss: 0.0010506754106084013, Train Accuracy: 0.9699829112289418, Validation Loss: 0.0010512130728230031, Validation Accuracy: 0.9698870205689653
2024-09-17 06:05:24,041 - INFO - Epoch 33/50, Training Loss: 0.0010503423430950603, Train Accuracy: 0.9702338230984338, Validation Loss: 0.0010492745874910133, Validation Accuracy: 0.9715080220391966
2024-09-17 06:06:35,320 - INFO - Epoch 34/50, Training Loss: 0.0010501812256402177, Train Accuracy: 0.9704169330049696, Validation Loss: 0.0010511030926095505, Validation Accuracy: 0.9695569322123414
2024-09-17 06:07:49,499 - INFO - Epoch 35/50, Training Loss: 0.001050015079224683, Train Accuracy: 0.9705645807006174, Validation Loss: 0.0010493803321987658, Validation Accuracy: 0.9716177541145068
2024-09-17 06:08:58,832 - INFO - Epoch 36/50, Training Loss: 0.0010498863952654559, Train Accuracy: 0.9707528203609295, Validation Loss: 0.0010499615340636673, Validation Accuracy: 0.9706801247555562
2024-09-17 06:10:08,302 - INFO - Epoch 37/50, Training Loss: 0.001049753095383567, Train Accuracy: 0.9708741501893772, Validation Loss: 0.0010508344590690285, Validation Accuracy: 0.9700939948898754
2024-09-17 06:11:18,101 - INFO - Epoch 38/50, Training Loss: 0.001049704043003021, Train Accuracy: 0.9708826254347467, Validation Loss: 0.0010492740067122098, Validation Accuracy: 0.971672174086815
2024-09-17 06:12:52,663 - INFO - Epoch 39/50, Training Loss: 0.0010494693066174148, Train Accuracy: 0.9711768056621776, Validation Loss: 0.0010505210327107013, Validation Accuracy: 0.9702180010562828
2024-09-17 06:14:39,227 - INFO - Epoch 40/50, Training Loss: 0.0010493966260686435, Train Accuracy: 0.9712089223814726, Validation Loss: 0.00104916065136671, Validation Accuracy: 0.9717471130650756
2024-09-17 06:15:50,437 - INFO - Epoch 41/50, Training Loss: 0.001049311118502198, Train Accuracy: 0.9713351589309236, Validation Loss: 0.0010490724050000017, Validation Accuracy: 0.9717417602809141
2024-09-17 06:17:02,102 - INFO - Epoch 42/50, Training Loss: 0.0010491660224030493, Train Accuracy: 0.971504217772768, Validation Loss: 0.001048342624475095, Validation Accuracy: 0.9725990978774427
2024-09-17 06:18:18,232 - INFO - Epoch 43/50, Training Loss: 0.0010491076614720163, Train Accuracy: 0.9715392339181104, Validation Loss: 0.0010495906514422918, Validation Accuracy: 0.971295694934125
2024-09-17 06:19:33,876 - INFO - Epoch 44/50, Training Loss: 0.0010489449965137604, Train Accuracy: 0.9717053933339073, Validation Loss: 0.0010512289667639317, Validation Accuracy: 0.9693981329488844
2024-09-17 06:20:48,039 - INFO - Epoch 45/50, Training Loss: 0.001048868918790334, Train Accuracy: 0.9717905918531481, Validation Loss: 0.0010533922726236407, Validation Accuracy: 0.9675255506230641
2024-09-17 06:21:59,751 - INFO - Epoch 46/50, Training Loss: 0.0010487903897985294, Train Accuracy: 0.9718827043883482, Validation Loss: 0.0010503422919453584, Validation Accuracy: 0.9704303281613543
2024-09-17 06:23:38,289 - INFO - Epoch 47/50, Training Loss: 0.0010486313714595892, Train Accuracy: 0.9720646991310197, Validation Loss: 0.001049607561347313, Validation Accuracy: 0.9710057524587122
2024-09-17 06:25:07,612 - INFO - Epoch 48/50, Training Loss: 0.0010485567563986134, Train Accuracy: 0.9720798653595757, Validation Loss: 0.0010496751088680675, Validation Accuracy: 0.9713108611559159
2024-09-17 06:26:39,418 - INFO - Epoch 49/50, Training Loss: 0.0010484392056953785, Train Accuracy: 0.972281040920715, Validation Loss: 0.0010476576878161213, Validation Accuracy: 0.9731950411807528
2024-09-17 06:27:50,766 - INFO - Epoch 50/50, Training Loss: 0.0010484261122435808, Train Accuracy: 0.9722986605097726, Validation Loss: 0.001048206966415277, Validation Accuracy: 0.972824806942918
2024-09-17 06:27:50,767 - INFO - total time taken to train the model: 62.45 min
2024-09-17 06:27:50,767 - INFO - Memory usage: pmem(rss=6354354176, vms=37358972928, shared=1084751872, text=2478080, lib=0, data=11528171520, dirty=0)
