2024-10-14 18:22:51,539 - INFO - Model path: /home/chadmi.20/model_training/model/human_train_kraken/retrain_shark_train/modelInitialFFNN5mer.pth
2024-10-14 18:22:51,539 - INFO - Input path: /home/shared_tools_data/seq2vec/shark_train_5mer.csv
2024-10-14 18:22:51,539 - INFO - Labels path: /mnt/disk-3/home/shared/shark/train/shark_train_labels.csv
2024-10-14 18:22:51,539 - INFO - Results path: /home/chadmi.20/model_training/output/human_train_kraken/retrain_shark_train/modelInitialFFNN5mer
2024-10-14 18:22:51,539 - INFO - Learning rate: 0.001
2024-10-14 18:22:51,539 - INFO - Batch size: 1024
2024-10-14 18:22:51,539 - INFO - # Epoches: 50
2024-10-14 18:22:52,099 - INFO - Device: cuda
2024-10-14 18:22:52,099 - INFO - Loading label data...
2024-10-14 18:22:53,007 - INFO - Loading input data...
2024-10-14 18:24:38,727 - INFO - parsing data...
2024-10-14 18:24:40,287 - INFO - Total time taken to parse data: 0.025989107290903726 min
2024-10-14 18:24:47,706 - INFO - initializing the FFNN model...
2024-10-14 18:24:48,966 - INFO - training the network...
2024-10-14 18:25:05,444 - INFO - Epoch 1/50, Training Loss: 0.0012454534215474706, Train Accuracy: 0.9441739821067627, Validation Loss: 0.0011027247156475209, Validation Accuracy: 0.9700884152491092
2024-10-14 18:25:19,341 - INFO - Epoch 2/50, Training Loss: 0.0010822982427192384, Train Accuracy: 0.9705747015342463, Validation Loss: 0.0010737948055018222, Validation Accuracy: 0.9709162576480871
2024-10-14 18:25:33,564 - INFO - Epoch 3/50, Training Loss: 0.001066060753439774, Train Accuracy: 0.9711136418074775, Validation Loss: 0.001064489755707118, Validation Accuracy: 0.9712944597592954
2024-10-14 18:25:47,889 - INFO - Epoch 4/50, Training Loss: 0.001059613191871103, Train Accuracy: 0.9713647270419848, Validation Loss: 0.001059989626567285, Validation Accuracy: 0.9714331338667384
2024-10-14 18:26:01,939 - INFO - Epoch 5/50, Training Loss: 0.001056117725873664, Train Accuracy: 0.971542272668059, Validation Loss: 0.001057338171673552, Validation Accuracy: 0.9715802124655416
2024-10-14 18:26:16,047 - INFO - Epoch 6/50, Training Loss: 0.0010539572997719327, Train Accuracy: 0.9717072115041161, Validation Loss: 0.0010556014304658652, Validation Accuracy: 0.9715844147112217
2024-10-14 18:26:30,085 - INFO - Epoch 7/50, Training Loss: 0.0010525362685034026, Train Accuracy: 0.9718217231801048, Validation Loss: 0.0010544604366407393, Validation Accuracy: 0.9717104820816245
2024-10-14 18:26:44,073 - INFO - Epoch 8/50, Training Loss: 0.0010515569854324782, Train Accuracy: 0.9718837065643555, Validation Loss: 0.001053581160426757, Validation Accuracy: 0.9718029314865865
2024-10-14 18:26:58,458 - INFO - Epoch 9/50, Training Loss: 0.0010508827693016518, Train Accuracy: 0.9719404371194326, Validation Loss: 0.0010531085948412527, Validation Accuracy: 0.9716600551334633
2024-10-14 18:27:12,457 - INFO - Epoch 10/50, Training Loss: 0.0010504266960966223, Train Accuracy: 0.9719877125819967, Validation Loss: 0.0010526861254307929, Validation Accuracy: 0.9717441000470651
2024-10-14 18:27:26,908 - INFO - Epoch 11/50, Training Loss: 0.001050101430649339, Train Accuracy: 0.9720202801228742, Validation Loss: 0.0010524414510290263, Validation Accuracy: 0.9717525045384253
2024-10-14 18:27:40,812 - INFO - Epoch 12/50, Training Loss: 0.0010498836267406606, Train Accuracy: 0.972033937478726, Validation Loss: 0.0010522572238644218, Validation Accuracy: 0.9717483022927452
2024-10-14 18:27:54,655 - INFO - Epoch 13/50, Training Loss: 0.0010497418421922143, Train Accuracy: 0.97199506654284, Validation Loss: 0.0010521464014248915, Validation Accuracy: 0.9717567067841054
2024-10-14 18:28:08,630 - INFO - Epoch 14/50, Training Loss: 0.0010496275180303888, Train Accuracy: 0.9720024205036832, Validation Loss: 0.0010520501440113045, Validation Accuracy: 0.9717693135211457
2024-10-14 18:28:22,649 - INFO - Epoch 15/50, Training Loss: 0.0010495480934705043, Train Accuracy: 0.9720055722011876, Validation Loss: 0.0010520221766567596, Validation Accuracy: 0.9717735157668258
2024-10-14 18:28:36,673 - INFO - Epoch 16/50, Training Loss: 0.0010494901897974715, Train Accuracy: 0.972025532952048, Validation Loss: 0.0010519173099728075, Validation Accuracy: 0.9717314933100248
2024-10-14 18:28:50,507 - INFO - Epoch 17/50, Training Loss: 0.001049451182665622, Train Accuracy: 0.9720087238986919, Validation Loss: 0.0010518924119188287, Validation Accuracy: 0.9717861225038661
2024-10-14 18:29:04,368 - INFO - Epoch 18/50, Training Loss: 0.0010494095851273876, Train Accuracy: 0.9720454937029084, Validation Loss: 0.0010518413995122297, Validation Accuracy: 0.9716390439050628
2024-10-14 18:29:18,591 - INFO - Epoch 19/50, Training Loss: 0.001049386123189068, Train Accuracy: 0.9720549487954212, Validation Loss: 0.001051828408460887, Validation Accuracy: 0.9717483022927452
2024-10-14 18:29:32,414 - INFO - Epoch 20/50, Training Loss: 0.0010493610443131714, Train Accuracy: 0.9720486454004127, Validation Loss: 0.0010518103027435124, Validation Accuracy: 0.9716684596248235
2024-10-14 18:29:46,363 - INFO - Epoch 21/50, Training Loss: 0.0010493451504592578, Train Accuracy: 0.9720412914395693, Validation Loss: 0.0010517958694665568, Validation Accuracy: 0.9717651112754656
2024-10-14 18:30:00,010 - INFO - Epoch 22/50, Training Loss: 0.001049331899987068, Train Accuracy: 0.9720213306887089, Validation Loss: 0.001051828566760051, Validation Accuracy: 0.971739897801385
2024-10-14 18:30:13,894 - INFO - Epoch 23/50, Training Loss: 0.0010493149376093064, Train Accuracy: 0.9720570499270907, Validation Loss: 0.0010517732772703395, Validation Accuracy: 0.9717483022927452
2024-10-14 18:30:27,712 - INFO - Epoch 24/50, Training Loss: 0.0010493094728837881, Train Accuracy: 0.9720307857812218, Validation Loss: 0.0010517475686845643, Validation Accuracy: 0.9717441000470651
2024-10-14 18:30:41,560 - INFO - Epoch 25/50, Training Loss: 0.0010492958929125074, Train Accuracy: 0.9720234318203784, Validation Loss: 0.0010517646584819868, Validation Accuracy: 0.9717062798359444
2024-10-14 18:30:55,779 - INFO - Epoch 26/50, Training Loss: 0.0010493018081162583, Train Accuracy: 0.9720192295570395, Validation Loss: 0.0010517634607183743, Validation Accuracy: 0.9717020775902643
2024-10-14 18:31:09,839 - INFO - Epoch 27/50, Training Loss: 0.001049287471336537, Train Accuracy: 0.9720412914395693, Validation Loss: 0.0010517269226663622, Validation Accuracy: 0.9717062798359444
2024-10-14 18:31:23,785 - INFO - Epoch 28/50, Training Loss: 0.0010492822170095261, Train Accuracy: 0.972055999361256, Validation Loss: 0.0010517265740074436, Validation Accuracy: 0.9716558528877832
2024-10-14 18:31:38,005 - INFO - Epoch 29/50, Training Loss: 0.001049279963491227, Train Accuracy: 0.9720402408737346, Validation Loss: 0.001051739142259753, Validation Accuracy: 0.9717230888186646
2024-10-14 18:31:52,205 - INFO - Epoch 30/50, Training Loss: 0.0010492656784344722, Train Accuracy: 0.9720623027562645, Validation Loss: 0.0010517485204833363, Validation Accuracy: 0.9717230888186646
2024-10-14 18:32:05,986 - INFO - Epoch 31/50, Training Loss: 0.0010492672288710922, Train Accuracy: 0.9720833140729597, Validation Loss: 0.001051739544019024, Validation Accuracy: 0.971739897801385
2024-10-14 18:32:19,768 - INFO - Epoch 32/50, Training Loss: 0.0010492558789987525, Train Accuracy: 0.9720728084146121, Validation Loss: 0.0010517444758395024, Validation Accuracy: 0.9716936730989041
2024-10-14 18:32:33,746 - INFO - Epoch 33/50, Training Loss: 0.0010492610405249932, Train Accuracy: 0.9720686061512731, Validation Loss: 0.001051750508740876, Validation Accuracy: 0.9717188865729846
2024-10-14 18:32:47,496 - INFO - Epoch 34/50, Training Loss: 0.0010492558535755995, Train Accuracy: 0.9720517970979169, Validation Loss: 0.0010516967471386664, Validation Accuracy: 0.9717356955557049
2024-10-14 18:33:01,366 - INFO - Epoch 35/50, Training Loss: 0.0010492542616854642, Train Accuracy: 0.9720328869128912, Validation Loss: 0.0010517286128606021, Validation Accuracy: 0.9717861225038661
2024-10-14 18:33:15,189 - INFO - Epoch 36/50, Training Loss: 0.001049249210117491, Train Accuracy: 0.9720665050196036, Validation Loss: 0.0010517485485363525, Validation Accuracy: 0.9718029314865865
2024-10-14 18:33:29,177 - INFO - Epoch 37/50, Training Loss: 0.0010492493434951164, Train Accuracy: 0.972064403887934, Validation Loss: 0.001051714995625857, Validation Accuracy: 0.9717020775902643
2024-10-14 18:33:42,979 - INFO - Epoch 38/50, Training Loss: 0.0010492436306746916, Train Accuracy: 0.9720623027562645, Validation Loss: 0.0010517143353780773, Validation Accuracy: 0.9717314933100248
2024-10-14 18:33:56,801 - INFO - Epoch 39/50, Training Loss: 0.0010492386244425873, Train Accuracy: 0.972064403887934, Validation Loss: 0.001051750834857192, Validation Accuracy: 0.9717525045384253
2024-10-14 18:34:10,638 - INFO - Epoch 40/50, Training Loss: 0.0010492377050762523, Train Accuracy: 0.9720265835178827, Validation Loss: 0.001051719949988938, Validation Accuracy: 0.9716978753445842
2024-10-14 18:34:24,544 - INFO - Epoch 41/50, Training Loss: 0.0010492369931027318, Train Accuracy: 0.9720959208629768, Validation Loss: 0.0010517600522768776, Validation Accuracy: 0.9717104820816245
2024-10-14 18:34:38,439 - INFO - Epoch 42/50, Training Loss: 0.0010492320710300306, Train Accuracy: 0.9720759601121164, Validation Loss: 0.0010517041826908617, Validation Accuracy: 0.9717104820816245
2024-10-14 18:34:52,281 - INFO - Epoch 43/50, Training Loss: 0.0010492373541615989, Train Accuracy: 0.9720812129412901, Validation Loss: 0.0010517185002491243, Validation Accuracy: 0.9716936730989041
2024-10-14 18:35:06,566 - INFO - Epoch 44/50, Training Loss: 0.0010492326031629222, Train Accuracy: 0.972055999361256, Validation Loss: 0.0010517230232970777, Validation Accuracy: 0.9717146843273045
2024-10-14 18:35:20,884 - INFO - Epoch 45/50, Training Loss: 0.0010492315590603291, Train Accuracy: 0.9720265835178827, Validation Loss: 0.0010517500538812523, Validation Accuracy: 0.9716810663618638
2024-10-14 18:35:35,129 - INFO - Epoch 46/50, Training Loss: 0.0010492319347719496, Train Accuracy: 0.9720129261620308, Validation Loss: 0.0010517950343883712, Validation Accuracy: 0.971781920258186
2024-10-14 18:35:49,432 - INFO - Epoch 47/50, Training Loss: 0.0010492346477855602, Train Accuracy: 0.9720549487954212, Validation Loss: 0.0010517620921319296, Validation Accuracy: 0.9717146843273045
2024-10-14 18:36:03,634 - INFO - Epoch 48/50, Training Loss: 0.0010492327054817201, Train Accuracy: 0.9720328869128912, Validation Loss: 0.0010516830973423842, Validation Accuracy: 0.9716978753445842
2024-10-14 18:36:17,793 - INFO - Epoch 49/50, Training Loss: 0.0010492287297013535, Train Accuracy: 0.972064403887934, Validation Loss: 0.001051673501206977, Validation Accuracy: 0.9717314933100248
2024-10-14 18:36:31,605 - INFO - Epoch 50/50, Training Loss: 0.001049230828551702, Train Accuracy: 0.9720370891762303, Validation Loss: 0.001051716455384605, Validation Accuracy: 0.9717356955557049
2024-10-14 18:36:31,606 - INFO - total time taken to train the model: 11.71 min
2024-10-14 18:36:31,606 - INFO - Memory usage: pmem(rss=19310813184, vms=50249105408, shared=1085276160, text=2478080, lib=0, data=24432095232, dirty=0)
