2024-11-04 14:32:53,560 - INFO - Model path: /home/chadmi.20/model_training/model/AMAISE_train_dataset/human_host_7000_1200_length_range_with_all_virus/modelInitialFFNN_2mer_3mer.pth
2024-11-04 14:32:53,561 - INFO - Input path: /home/shared_tools_data/seq2vec/AMAISE_human_host_7000_12000_length_range_with_all_virus_2mer_3mer.csv
2024-11-04 14:32:53,561 - INFO - Labels path: /home/shared_tools_data/AMAISE_dataset/training_dataset/human_host_7000_12000_length_range_with_all_virus_ref/amaise_train_7k_12k_with_all_virus_true_labels.csv
2024-11-04 14:32:53,561 - INFO - Results path: /home/chadmi.20/model_training/output/AMAISE_train_dataset/human_host_7000_1200_length_range_with_all_virus/modelInitialFFNN_2mer_3mer
2024-11-04 14:32:53,561 - INFO - Learning rate: 0.001
2024-11-04 14:32:53,561 - INFO - Batch size: 1024
2024-11-04 14:32:53,561 - INFO - # Epoches: 50
2024-11-04 14:32:54,088 - INFO - Device: cuda
2024-11-04 14:32:54,088 - INFO - Loading label data...
2024-11-04 14:33:05,693 - INFO - Loading input data...
2024-11-04 14:33:59,653 - INFO - parsing data...
2024-11-04 14:34:01,020 - INFO - Total time taken to parse data: 0.022773667176564535 min
2024-11-04 14:34:17,814 - INFO - initializing the FFNN model...
2024-11-04 14:34:20,400 - INFO - training the network...
2024-11-04 14:36:55,470 - INFO - Epoch 1/50, Training Loss: 0.001237316213418094, Train Accuracy: 0.7775256944444444, Validation Loss: 0.0011247657016629263, Validation Accuracy: 0.8935186507936508
2024-11-04 14:39:27,386 - INFO - Epoch 2/50, Training Loss: 0.0011109114932398947, Train Accuracy: 0.9075825396825397, Validation Loss: 0.0011000223015508953, Validation Accuracy: 0.9192595238095238
2024-11-04 14:41:57,542 - INFO - Epoch 3/50, Training Loss: 0.0010949246544450049, Train Accuracy: 0.9239707341269842, Validation Loss: 0.0010880320734920955, Validation Accuracy: 0.9311678571428571
2024-11-04 14:44:28,802 - INFO - Epoch 4/50, Training Loss: 0.0010875702218049103, Train Accuracy: 0.9315077380952381, Validation Loss: 0.0010843130573866858, Validation Accuracy: 0.9352333333333334
2024-11-04 14:46:59,201 - INFO - Epoch 5/50, Training Loss: 0.001083781857019852, Train Accuracy: 0.9353636904761905, Validation Loss: 0.0010822685007538114, Validation Accuracy: 0.9368380952380952
2024-11-04 14:49:29,613 - INFO - Epoch 6/50, Training Loss: 0.001081262622205984, Train Accuracy: 0.9379690476190476, Validation Loss: 0.0010790655618149137, Validation Accuracy: 0.9402170634920635
2024-11-04 14:52:00,181 - INFO - Epoch 7/50, Training Loss: 0.0010792230724578813, Train Accuracy: 0.9400781746031746, Validation Loss: 0.0010765415380398432, Validation Accuracy: 0.943240873015873
2024-11-04 14:54:33,658 - INFO - Epoch 8/50, Training Loss: 0.0010768220544334441, Train Accuracy: 0.942550496031746, Validation Loss: 0.0010763449661788486, Validation Accuracy: 0.9431769841269841
2024-11-04 14:57:04,233 - INFO - Epoch 9/50, Training Loss: 0.0010755716687748356, Train Accuracy: 0.9438498015873016, Validation Loss: 0.0010760012942174124, Validation Accuracy: 0.943477380952381
2024-11-04 14:59:34,629 - INFO - Epoch 10/50, Training Loss: 0.0010741651900585682, Train Accuracy: 0.9453515873015873, Validation Loss: 0.0010744284000188586, Validation Accuracy: 0.9452531746031746
2024-11-04 15:02:05,239 - INFO - Epoch 11/50, Training Loss: 0.0010732314180168841, Train Accuracy: 0.9463128968253969, Validation Loss: 0.0010741544259919062, Validation Accuracy: 0.9449353174603174
2024-11-04 15:04:36,497 - INFO - Epoch 12/50, Training Loss: 0.0010724993633727232, Train Accuracy: 0.9470574404761904, Validation Loss: 0.0010736715033413872, Validation Accuracy: 0.9461357142857143
2024-11-04 15:07:06,664 - INFO - Epoch 13/50, Training Loss: 0.0010719612378449668, Train Accuracy: 0.9476173611111111, Validation Loss: 0.0010705471285751887, Validation Accuracy: 0.9492119047619048
2024-11-04 15:09:37,462 - INFO - Epoch 14/50, Training Loss: 0.0010715385952047886, Train Accuracy: 0.9480805555555556, Validation Loss: 0.0010729794779940256, Validation Accuracy: 0.9463349206349206
2024-11-04 15:12:07,465 - INFO - Epoch 15/50, Training Loss: 0.001071159547732936, Train Accuracy: 0.9484735119047619, Validation Loss: 0.0010705641151420653, Validation Accuracy: 0.9489968253968254
2024-11-04 15:14:36,891 - INFO - Epoch 16/50, Training Loss: 0.001070607581876573, Train Accuracy: 0.9490513888888888, Validation Loss: 0.0010699281434218089, Validation Accuracy: 0.9500757936507936
2024-11-04 15:17:10,074 - INFO - Epoch 17/50, Training Loss: 0.0010702284045753972, Train Accuracy: 0.9494160714285714, Validation Loss: 0.0010719975737825272, Validation Accuracy: 0.947506746031746
2024-11-04 15:19:43,325 - INFO - Epoch 18/50, Training Loss: 0.0010699759401854069, Train Accuracy: 0.9497151785714286, Validation Loss: 0.0010729429191067106, Validation Accuracy: 0.9461392857142857
2024-11-04 15:22:12,610 - INFO - Epoch 19/50, Training Loss: 0.0010696563322392721, Train Accuracy: 0.950046626984127, Validation Loss: 0.001068233096268442, Validation Accuracy: 0.9516146825396825
2024-11-04 15:24:42,762 - INFO - Epoch 20/50, Training Loss: 0.0010694226455120813, Train Accuracy: 0.9503006944444444, Validation Loss: 0.001069397783279419, Validation Accuracy: 0.9503972222222222
2024-11-04 15:27:11,941 - INFO - Epoch 21/50, Training Loss: 0.001069184406669367, Train Accuracy: 0.9505266865079365, Validation Loss: 0.0010678941238021094, Validation Accuracy: 0.9520511904761905
2024-11-04 15:29:43,108 - INFO - Epoch 22/50, Training Loss: 0.0010689723686802956, Train Accuracy: 0.9507701388888888, Validation Loss: 0.0010693034919008375, Validation Accuracy: 0.9505488095238095
2024-11-04 15:32:13,593 - INFO - Epoch 23/50, Training Loss: 0.0010688274023197, Train Accuracy: 0.9509431547619047, Validation Loss: 0.0010683383089682412, Validation Accuracy: 0.9511087301587302
2024-11-04 15:34:43,525 - INFO - Epoch 24/50, Training Loss: 0.0010686258097607937, Train Accuracy: 0.9511244047619047, Validation Loss: 0.0010715806276552261, Validation Accuracy: 0.9478801587301587
2024-11-04 15:37:11,850 - INFO - Epoch 25/50, Training Loss: 0.001068484395872506, Train Accuracy: 0.9512702380952381, Validation Loss: 0.0010669595421779724, Validation Accuracy: 0.9527904761904762
2024-11-04 15:39:46,206 - INFO - Epoch 26/50, Training Loss: 0.001068359598150802, Train Accuracy: 0.9514098214285714, Validation Loss: 0.0010685061503497382, Validation Accuracy: 0.9513551587301587
2024-11-04 15:42:17,306 - INFO - Epoch 27/50, Training Loss: 0.0010682078835746599, Train Accuracy: 0.951561507936508, Validation Loss: 0.0010679889395596488, Validation Accuracy: 0.9516174603174603
2024-11-04 15:44:46,575 - INFO - Epoch 28/50, Training Loss: 0.001068101588873163, Train Accuracy: 0.9517017857142858, Validation Loss: 0.0010670740739220665, Validation Accuracy: 0.9528567460317461
2024-11-04 15:47:17,933 - INFO - Epoch 29/50, Training Loss: 0.0010679601749493963, Train Accuracy: 0.9518286706349206, Validation Loss: 0.0010671908002524149, Validation Accuracy: 0.9525222222222223
2024-11-04 15:49:47,742 - INFO - Epoch 30/50, Training Loss: 0.0010679117624248777, Train Accuracy: 0.9518625992063492, Validation Loss: 0.0010661761693065129, Validation Accuracy: 0.9536484126984127
2024-11-04 15:52:21,700 - INFO - Epoch 31/50, Training Loss: 0.0010677423275415859, Train Accuracy: 0.9520534722222223, Validation Loss: 0.0010679197003444036, Validation Accuracy: 0.9521765873015873
2024-11-04 15:54:53,563 - INFO - Epoch 32/50, Training Loss: 0.0010676788836481079, Train Accuracy: 0.9521277777777778, Validation Loss: 0.001066283598826045, Validation Accuracy: 0.9536575396825396
2024-11-04 15:57:22,174 - INFO - Epoch 33/50, Training Loss: 0.0010675751279152575, Train Accuracy: 0.9522450396825397, Validation Loss: 0.0010664430036431266, Validation Accuracy: 0.9536718253968254
2024-11-04 15:59:50,916 - INFO - Epoch 34/50, Training Loss: 0.0010674848239691484, Train Accuracy: 0.9523735119047619, Validation Loss: 0.0010676074714414657, Validation Accuracy: 0.9522261904761905
2024-11-04 16:02:20,448 - INFO - Epoch 35/50, Training Loss: 0.0010673932209847466, Train Accuracy: 0.9524257936507936, Validation Loss: 0.001066118518984507, Validation Accuracy: 0.9537265873015873
2024-11-04 16:04:50,159 - INFO - Epoch 36/50, Training Loss: 0.0010673580798601348, Train Accuracy: 0.9524388888888888, Validation Loss: 0.0010676518691437585, Validation Accuracy: 0.9521388888888889
2024-11-04 16:07:20,615 - INFO - Epoch 37/50, Training Loss: 0.001067251803761437, Train Accuracy: 0.9525971230158731, Validation Loss: 0.001068110249061433, Validation Accuracy: 0.9522376984126985
2024-11-04 16:09:51,808 - INFO - Epoch 38/50, Training Loss: 0.0010671644100948932, Train Accuracy: 0.9526572420634921, Validation Loss: 0.0010653870253335862, Validation Accuracy: 0.9542666666666667
2024-11-04 16:12:20,312 - INFO - Epoch 39/50, Training Loss: 0.0010670776301314906, Train Accuracy: 0.9527664682539683, Validation Loss: 0.0010665838410930028, Validation Accuracy: 0.9531444444444445
2024-11-04 16:14:49,987 - INFO - Epoch 40/50, Training Loss: 0.0010670740738156295, Train Accuracy: 0.952776884920635, Validation Loss: 0.0010663110335667927, Validation Accuracy: 0.9537507936507936
2024-11-04 16:17:18,481 - INFO - Epoch 41/50, Training Loss: 0.001065912523238905, Train Accuracy: 0.9540042658730159, Validation Loss: 0.001063088710487835, Validation Accuracy: 0.9569928571428571
2024-11-04 16:19:47,648 - INFO - Epoch 42/50, Training Loss: 0.0010642180098664193, Train Accuracy: 0.9557729166666666, Validation Loss: 0.0010647810134622785, Validation Accuracy: 0.9551178571428571
2024-11-04 16:22:16,748 - INFO - Epoch 43/50, Training Loss: 0.001064097077458624, Train Accuracy: 0.9558760912698413, Validation Loss: 0.0010641308275480118, Validation Accuracy: 0.9563452380952381
2024-11-04 16:24:45,948 - INFO - Epoch 44/50, Training Loss: 0.00106400377775232, Train Accuracy: 0.9559897817460318, Validation Loss: 0.0010636523447339497, Validation Accuracy: 0.956147619047619
2024-11-04 16:27:14,678 - INFO - Epoch 45/50, Training Loss: 0.0010640058512725527, Train Accuracy: 0.95596875, Validation Loss: 0.0010637303813109322, Validation Accuracy: 0.9562420634920635
2024-11-04 16:29:45,829 - INFO - Epoch 46/50, Training Loss: 0.0010639791540919788, Train Accuracy: 0.9559924603174603, Validation Loss: 0.0010647355184668587, Validation Accuracy: 0.9556873015873016
2024-11-04 16:32:15,720 - INFO - Epoch 47/50, Training Loss: 0.001063835022409284, Train Accuracy: 0.9561698412698413, Validation Loss: 0.0010621995517185756, Validation Accuracy: 0.9577107142857143
2024-11-04 16:34:45,915 - INFO - Epoch 48/50, Training Loss: 0.0010638128864978041, Train Accuracy: 0.9561593253968254, Validation Loss: 0.001063231866936835, Validation Accuracy: 0.9568630952380952
2024-11-04 16:37:15,663 - INFO - Epoch 49/50, Training Loss: 0.0010637417836913041, Train Accuracy: 0.9562383928571428, Validation Loss: 0.0010634350659355285, Validation Accuracy: 0.9562468253968254
2024-11-04 16:39:45,109 - INFO - Epoch 50/50, Training Loss: 0.001063658536331994, Train Accuracy: 0.9563627976190476, Validation Loss: 0.0010625922129740791, Validation Accuracy: 0.9575142857142858
2024-11-04 16:39:45,110 - INFO - total time taken to train the model: 125.41 min
2024-11-04 16:39:45,110 - INFO - Memory usage: rss=15.14 GB, vms=43.99 GB, shared=1.01 GB, text=0.00 GB, data=19.90 GB
2024-11-04 16:39:45,110 - INFO - Maximum training accuracy = 0.9561698
2024-11-04 16:39:45,110 - INFO - Maximum validation accuracy = 0.9577107