2024-10-12 09:42:34,699 - INFO - Model path: /home/chadmi.20/model_training/model/AMAISE_train_dataset/modelInitialFFNN_5mer.pth
2024-10-12 09:42:34,700 - INFO - Input path: /home/shared_tools_data/seq2vec/AMAISE_dataset_5mer.csv
2024-10-12 09:42:34,700 - INFO - Labels path: /home/shared_tools_data/AMAISE_dataset/training_dataset/amaise_train_true_labels.csv
2024-10-12 09:42:34,700 - INFO - Results path: /home/chadmi.20/model_training/output/AMAISE_train_dataset/modelInitialFFNN_5mer
2024-10-12 09:42:34,700 - INFO - Learning rate: 0.001
2024-10-12 09:42:34,700 - INFO - Batch size: 1024
2024-10-12 09:42:34,700 - INFO - # Epoches: 50
2024-10-12 09:42:35,204 - INFO - Device: cuda
2024-10-12 09:42:35,204 - INFO - Loading label data...
2024-10-12 09:42:41,002 - INFO - Loading input data...
2024-10-12 09:54:21,647 - INFO - parsing data...
2024-10-12 09:54:28,932 - INFO - Total time taken to parse data: 0.12139973640441895 min
2024-10-12 09:55:33,641 - INFO - initializing the FFNN model...
2024-10-12 09:55:35,969 - INFO - training the network...
2024-10-12 09:57:03,585 - INFO - Epoch 1/50, Training Loss: 0.0011777708727215965, Train Accuracy: 0.8402706349206349, Validation Loss: 0.0010742415717669895, Validation Accuracy: 0.947645238095238
2024-10-12 09:58:29,682 - INFO - Epoch 2/50, Training Loss: 0.001064175566888991, Train Accuracy: 0.9566113095238096, Validation Loss: 0.0010570104471274784, Validation Accuracy: 0.9644984126984127
2024-10-12 09:59:56,759 - INFO - Epoch 3/50, Training Loss: 0.001052688995997111, Train Accuracy: 0.9679843253968254, Validation Loss: 0.0010515757054563553, Validation Accuracy: 0.9690547619047619
2024-10-12 10:01:22,542 - INFO - Epoch 4/50, Training Loss: 0.0010480926937290601, Train Accuracy: 0.9724809523809523, Validation Loss: 0.0010456394550346193, Validation Accuracy: 0.9751873015873016
2024-10-12 10:02:46,984 - INFO - Epoch 5/50, Training Loss: 0.0010453509008600597, Train Accuracy: 0.9751577380952381, Validation Loss: 0.0010469908626306625, Validation Accuracy: 0.9739650793650794
2024-10-12 10:04:12,219 - INFO - Epoch 6/50, Training Loss: 0.0010436593357296218, Train Accuracy: 0.9768718253968254, Validation Loss: 0.0010443029661973318, Validation Accuracy: 0.9765968253968254
2024-10-12 10:05:40,712 - INFO - Epoch 7/50, Training Loss: 0.0010425889053751552, Train Accuracy: 0.9779144841269841, Validation Loss: 0.0010413426991492984, Validation Accuracy: 0.9794904761904762
2024-10-12 10:07:08,467 - INFO - Epoch 8/50, Training Loss: 0.0010416924402354255, Train Accuracy: 0.9788015873015873, Validation Loss: 0.0010416232373979357, Validation Accuracy: 0.9793
2024-10-12 10:08:33,746 - INFO - Epoch 9/50, Training Loss: 0.00104092256649146, Train Accuracy: 0.9796242063492063, Validation Loss: 0.0010395358260661836, Validation Accuracy: 0.9814095238095238
2024-10-12 10:09:58,810 - INFO - Epoch 10/50, Training Loss: 0.0010404210925575286, Train Accuracy: 0.980109126984127, Validation Loss: 0.0010403643644991375, Validation Accuracy: 0.9803452380952381
2024-10-12 10:11:25,156 - INFO - Epoch 11/50, Training Loss: 0.0010399355798723206, Train Accuracy: 0.9806055555555555, Validation Loss: 0.0010394656469897617, Validation Accuracy: 0.9814388888888889
2024-10-12 10:12:49,653 - INFO - Epoch 12/50, Training Loss: 0.0010395866111630485, Train Accuracy: 0.980977380952381, Validation Loss: 0.001038083745752062, Validation Accuracy: 0.9828595238095238
2024-10-12 10:14:14,273 - INFO - Epoch 13/50, Training Loss: 0.0010391426324607835, Train Accuracy: 0.9814232142857143, Validation Loss: 0.0010385929122803702, Validation Accuracy: 0.9823412698412698
2024-10-12 10:15:39,266 - INFO - Epoch 14/50, Training Loss: 0.00103896966278553, Train Accuracy: 0.9815950396825397, Validation Loss: 0.0010403728405634562, Validation Accuracy: 0.9804
2024-10-12 10:17:07,460 - INFO - Epoch 15/50, Training Loss: 0.0010386271776661041, Train Accuracy: 0.9819450396825397, Validation Loss: 0.0010386752858048394, Validation Accuracy: 0.9823698412698413
2024-10-12 10:18:32,177 - INFO - Epoch 16/50, Training Loss: 0.001038259235166368, Train Accuracy: 0.982331746031746, Validation Loss: 0.0010376654223790244, Validation Accuracy: 0.9833198412698413
2024-10-12 10:19:57,083 - INFO - Epoch 17/50, Training Loss: 0.0010381039612113484, Train Accuracy: 0.9825021825396826, Validation Loss: 0.0010382950778045352, Validation Accuracy: 0.9824706349206349
2024-10-12 10:21:22,616 - INFO - Epoch 18/50, Training Loss: 0.001037958362556639, Train Accuracy: 0.9826515873015873, Validation Loss: 0.0010420425353542208, Validation Accuracy: 0.9793190476190476
2024-10-12 10:22:50,448 - INFO - Epoch 19/50, Training Loss: 0.001037752287468267, Train Accuracy: 0.982865873015873, Validation Loss: 0.0010403417535244472, Validation Accuracy: 0.980531746031746
2024-10-12 10:24:15,424 - INFO - Epoch 20/50, Training Loss: 0.0010377200006256029, Train Accuracy: 0.9828755952380952, Validation Loss: 0.0010377697323995924, Validation Accuracy: 0.9831968253968254
2024-10-12 10:25:40,737 - INFO - Epoch 21/50, Training Loss: 0.001037594828955711, Train Accuracy: 0.9830525793650794, Validation Loss: 0.0010386563625600603, Validation Accuracy: 0.9825349206349206
2024-10-12 10:27:09,123 - INFO - Epoch 22/50, Training Loss: 0.001037385784822797, Train Accuracy: 0.9832509920634921, Validation Loss: 0.0010404157594082848, Validation Accuracy: 0.9806119047619047
2024-10-12 10:28:34,833 - INFO - Epoch 23/50, Training Loss: 0.0010373639951149624, Train Accuracy: 0.9832700396825397, Validation Loss: 0.0010451990698065077, Validation Accuracy: 0.9757023809523809
2024-10-12 10:29:59,753 - INFO - Epoch 24/50, Training Loss: 0.0010371944932237504, Train Accuracy: 0.9834636904761904, Validation Loss: 0.0010376273599881974, Validation Accuracy: 0.983318253968254
2024-10-12 10:31:24,041 - INFO - Epoch 25/50, Training Loss: 0.0010372227733097378, Train Accuracy: 0.9834349206349207, Validation Loss: 0.0010379887168369597, Validation Accuracy: 0.9830920634920635
2024-10-12 10:32:48,643 - INFO - Epoch 26/50, Training Loss: 0.0010370845679489394, Train Accuracy: 0.983553373015873, Validation Loss: 0.001039179813672626, Validation Accuracy: 0.9822238095238095
2024-10-12 10:34:13,652 - INFO - Epoch 27/50, Training Loss: 0.0010370240819832636, Train Accuracy: 0.9836029761904762, Validation Loss: 0.001037296141707708, Validation Accuracy: 0.9838976190476191
2024-10-12 10:35:38,831 - INFO - Epoch 28/50, Training Loss: 0.001036966856982973, Train Accuracy: 0.9836994047619048, Validation Loss: 0.0010384649185907274, Validation Accuracy: 0.9826857142857143
2024-10-12 10:37:03,551 - INFO - Epoch 29/50, Training Loss: 0.001036938558164097, Train Accuracy: 0.9837176587301587, Validation Loss: 0.0010370982981863475, Validation Accuracy: 0.9839095238095238
2024-10-12 10:38:29,827 - INFO - Epoch 30/50, Training Loss: 0.001036891944115124, Train Accuracy: 0.9837765873015873, Validation Loss: 0.0010387095910216135, Validation Accuracy: 0.9822039682539683
2024-10-12 10:39:58,950 - INFO - Epoch 31/50, Training Loss: 0.0010367740101047925, Train Accuracy: 0.9838543650793651, Validation Loss: 0.0010375476975289601, Validation Accuracy: 0.9833007936507937
2024-10-12 10:41:24,823 - INFO - Epoch 32/50, Training Loss: 0.0010367458635615924, Train Accuracy: 0.9839406746031746, Validation Loss: 0.0010376350494604263, Validation Accuracy: 0.9832769841269842
2024-10-12 10:42:50,645 - INFO - Epoch 33/50, Training Loss: 0.0010366942122105567, Train Accuracy: 0.9839777777777777, Validation Loss: 0.0010407456054573967, Validation Accuracy: 0.9801960317460318
2024-10-12 10:44:15,963 - INFO - Epoch 34/50, Training Loss: 0.0010366029085857528, Train Accuracy: 0.9840978174603174, Validation Loss: 0.001040468839709721, Validation Accuracy: 0.9805142857142857
2024-10-12 10:45:45,888 - INFO - Epoch 35/50, Training Loss: 0.0010365817668419035, Train Accuracy: 0.9840696428571428, Validation Loss: 0.001036773008108139, Validation Accuracy: 0.9844238095238095
2024-10-12 10:47:14,116 - INFO - Epoch 36/50, Training Loss: 0.0010365867640527468, Train Accuracy: 0.984088492063492, Validation Loss: 0.001039489026391317, Validation Accuracy: 0.9817722222222223
2024-10-12 10:48:38,850 - INFO - Epoch 37/50, Training Loss: 0.0010366925196042137, Train Accuracy: 0.9839525793650794, Validation Loss: 0.0010369566611827365, Validation Accuracy: 0.9841761904761904
2024-10-12 10:50:04,430 - INFO - Epoch 38/50, Training Loss: 0.0010364248519378995, Train Accuracy: 0.9842744047619048, Validation Loss: 0.0010375662115831223, Validation Accuracy: 0.9836468253968254
2024-10-12 10:51:29,976 - INFO - Epoch 39/50, Training Loss: 0.001036511332387962, Train Accuracy: 0.9841644841269841, Validation Loss: 0.0010369974967979249, Validation Accuracy: 0.9839849206349206
2024-10-12 10:52:54,518 - INFO - Epoch 40/50, Training Loss: 0.0010365107314690711, Train Accuracy: 0.9841573412698412, Validation Loss: 0.0010368224996422965, Validation Accuracy: 0.9840849206349206
2024-10-12 10:54:19,439 - INFO - Epoch 41/50, Training Loss: 0.0010364660948514938, Train Accuracy: 0.9842337301587302, Validation Loss: 0.001036558412275617, Validation Accuracy: 0.9843253968253968
2024-10-12 10:55:45,707 - INFO - Epoch 42/50, Training Loss: 0.00103633671930385, Train Accuracy: 0.9843458333333334, Validation Loss: 0.0010375048798228067, Validation Accuracy: 0.983665873015873
2024-10-12 10:57:09,661 - INFO - Epoch 43/50, Training Loss: 0.0010363146849567929, Train Accuracy: 0.9843728174603175, Validation Loss: 0.00103583966569295, Validation Accuracy: 0.9849825396825397
2024-10-12 10:58:35,088 - INFO - Epoch 44/50, Training Loss: 0.001036434508931069, Train Accuracy: 0.9842378968253969, Validation Loss: 0.0010392768534402998, Validation Accuracy: 0.9814444444444445
2024-10-12 11:00:02,470 - INFO - Epoch 45/50, Training Loss: 0.0010363503737818628, Train Accuracy: 0.9843426587301587, Validation Loss: 0.0010386392830856262, Validation Accuracy: 0.9822357142857143
2024-10-12 11:01:26,790 - INFO - Epoch 46/50, Training Loss: 0.0010363357250652615, Train Accuracy: 0.9843559523809524, Validation Loss: 0.0010356069816483391, Validation Accuracy: 0.9855214285714285
2024-10-12 11:02:51,274 - INFO - Epoch 47/50, Training Loss: 0.0010362941343632956, Train Accuracy: 0.9843978174603175, Validation Loss: 0.0010361300951904722, Validation Accuracy: 0.9846714285714285
2024-10-12 11:04:20,073 - INFO - Epoch 48/50, Training Loss: 0.0010363187555519362, Train Accuracy: 0.984380753968254, Validation Loss: 0.0010364034444566757, Validation Accuracy: 0.9848150793650794
2024-10-12 11:05:44,998 - INFO - Epoch 49/50, Training Loss: 0.0010362483660853099, Train Accuracy: 0.9844426587301587, Validation Loss: 0.0010355031322865258, Validation Accuracy: 0.9854611111111111
2024-10-12 11:07:10,314 - INFO - Epoch 50/50, Training Loss: 0.001036275811540702, Train Accuracy: 0.9843998015873016, Validation Loss: 0.0010386701678472851, Validation Accuracy: 0.9826039682539682
2024-10-12 11:07:10,315 - INFO - total time taken to train the model: 71.57 min
2024-10-12 11:07:10,315 - INFO - Memory usage: pmem(rss=79241285632, vms=110345691136, shared=1084227584, text=2478080, lib=0, data=84347068416, dirty=0)
