2024-10-04 16:49:45,506 - INFO - Model path: /home/chadmi.20/model_training/model/jellyfish_train_kraken/modelInitialFFNN5mer.pth
2024-10-04 16:49:45,506 - INFO - Input path: /home/shared_tools_data/seq2vec/jellyfish_train_kraken_5mer.csv
2024-10-04 16:49:45,506 - INFO - Labels path: /mnt/disk-3/home/shared/different_hosts_20_batch/jellyfish/train/jellyfish_train_kraken_labels.csv
2024-10-04 16:49:45,506 - INFO - Results path: /home/chadmi.20/model_training/output/jellyfish_train_kraken/modelInitialFFNN5mer
2024-10-04 16:49:45,506 - INFO - Learning rate: 0.001
2024-10-04 16:49:45,506 - INFO - Batch size: 1024
2024-10-04 16:49:45,506 - INFO - # Epoches: 50
2024-10-04 16:49:46,066 - INFO - Device: cuda
2024-10-04 16:58:02,545 - INFO - parsing data...
2024-10-04 16:58:35,603 - INFO - Total time taken to parse data: 0.5509612480799357 min
2024-10-04 16:58:45,965 - INFO - initializing the FFNN model...
2024-10-04 16:58:48,870 - INFO - training the network...
2024-10-04 17:00:01,847 - INFO - Epoch 1/50, Training Loss: 0.0011947445657611519, Train Accuracy: 0.821622397604109, Validation Loss: 0.0011027474001335847, Validation Accuracy: 0.9166641991497642
2024-10-04 17:01:12,795 - INFO - Epoch 2/50, Training Loss: 0.001086106137323196, Train Accuracy: 0.9335490826643712, Validation Loss: 0.001069602197112298, Validation Accuracy: 0.9511040375626573
2024-10-04 17:02:23,143 - INFO - Epoch 3/50, Training Loss: 0.0010640635000431257, Train Accuracy: 0.956179761616465, Validation Loss: 0.0010589464875219215, Validation Accuracy: 0.9618493686681754
2024-10-04 17:03:34,164 - INFO - Epoch 4/50, Training Loss: 0.001055200404481116, Train Accuracy: 0.9652550340041813, Validation Loss: 0.001052252844816557, Validation Accuracy: 0.9687284532899051
2024-10-04 17:04:44,299 - INFO - Epoch 5/50, Training Loss: 0.0010504954224510002, Train Accuracy: 0.9699802457437933, Validation Loss: 0.0010487516056308563, Validation Accuracy: 0.9722425498614665
2024-10-04 17:05:55,613 - INFO - Epoch 6/50, Training Loss: 0.0010478029522639734, Train Accuracy: 0.9727440438485268, Validation Loss: 0.0010463147143372042, Validation Accuracy: 0.9748493052177407
2024-10-04 17:07:06,096 - INFO - Epoch 7/50, Training Loss: 0.001045821115836703, Train Accuracy: 0.9747892650211132, Validation Loss: 0.001044473008847686, Validation Accuracy: 0.9766502400541444
2024-10-04 17:08:17,062 - INFO - Epoch 8/50, Training Loss: 0.001044356151130281, Train Accuracy: 0.976297800699859, Validation Loss: 0.0010444707516594608, Validation Accuracy: 0.9765635244601426
2024-10-04 17:09:29,082 - INFO - Epoch 9/50, Training Loss: 0.0010433272633903097, Train Accuracy: 0.9772868353956509, Validation Loss: 0.0010461177987744366, Validation Accuracy: 0.9747139442905184
2024-10-04 17:10:43,874 - INFO - Epoch 10/50, Training Loss: 0.0010424073011391197, Train Accuracy: 0.9782314547402283, Validation Loss: 0.001042889755759172, Validation Accuracy: 0.9783221590067892
2024-10-04 17:11:55,067 - INFO - Epoch 11/50, Training Loss: 0.001041910064644397, Train Accuracy: 0.978766289594435, Validation Loss: 0.0010433053445151428, Validation Accuracy: 0.978002791819124
2024-10-04 17:13:06,101 - INFO - Epoch 12/50, Training Loss: 0.0010412978709319724, Train Accuracy: 0.9794126915808586, Validation Loss: 0.0010402529336875628, Validation Accuracy: 0.9810864829424082
2024-10-04 17:14:16,314 - INFO - Epoch 13/50, Training Loss: 0.0010407456706167135, Train Accuracy: 0.979963389060499, Validation Loss: 0.001042064966701321, Validation Accuracy: 0.9791977750047588
2024-10-04 17:15:27,549 - INFO - Epoch 14/50, Training Loss: 0.0010403739384898724, Train Accuracy: 0.9803234706578442, Validation Loss: 0.0010467547958230652, Validation Accuracy: 0.9744347623781223
2024-10-04 17:16:37,862 - INFO - Epoch 15/50, Training Loss: 0.0010400201014218904, Train Accuracy: 0.980732726394034, Validation Loss: 0.0010395631150307207, Validation Accuracy: 0.9816670544193228
2024-10-04 17:17:49,018 - INFO - Epoch 16/50, Training Loss: 0.0010396420143044126, Train Accuracy: 0.981108670616813, Validation Loss: 0.0010405642915297976, Validation Accuracy: 0.9807015503056196
2024-10-04 17:18:59,313 - INFO - Epoch 17/50, Training Loss: 0.0010394074383701388, Train Accuracy: 0.9813823009055445, Validation Loss: 0.0010401878384213993, Validation Accuracy: 0.9812398214927772
2024-10-04 17:20:10,182 - INFO - Epoch 18/50, Training Loss: 0.0010391593063705485, Train Accuracy: 0.9816205046641406, Validation Loss: 0.0010394925138893416, Validation Accuracy: 0.9816977221293965
2024-10-04 17:21:20,193 - INFO - Epoch 19/50, Training Loss: 0.001039022345893615, Train Accuracy: 0.9817603601450479, Validation Loss: 0.0010388730939139908, Validation Accuracy: 0.9821355301283814
2024-10-04 17:22:31,090 - INFO - Epoch 20/50, Training Loss: 0.0010388543423012974, Train Accuracy: 0.981925595826649, Validation Loss: 0.0010388238371630031, Validation Accuracy: 0.982478162475413
2024-10-04 17:23:41,428 - INFO - Epoch 21/50, Training Loss: 0.0010386173262878732, Train Accuracy: 0.9821489944681737, Validation Loss: 0.0010473262077181557, Validation Accuracy: 0.9737241175102049
2024-10-04 17:24:54,165 - INFO - Epoch 22/50, Training Loss: 0.0010385085625087404, Train Accuracy: 0.9822602972233003, Validation Loss: 0.0010384060862715814, Validation Accuracy: 0.9828937628222754
2024-10-04 17:26:07,271 - INFO - Epoch 23/50, Training Loss: 0.0010384301375838715, Train Accuracy: 0.982380588799506, Validation Loss: 0.0010389773234410152, Validation Accuracy: 0.9821714853746748
2024-10-04 17:27:18,268 - INFO - Epoch 24/50, Training Loss: 0.0010382130976128157, Train Accuracy: 0.9826190569351927, Validation Loss: 0.0010428153716686582, Validation Accuracy: 0.9784448298470845
2024-10-04 17:28:27,949 - INFO - Epoch 25/50, Training Loss: 0.001038075794365635, Train Accuracy: 0.9827784763208015, Validation Loss: 0.0010380112579743705, Validation Accuracy: 0.9832036124447453
2024-10-04 17:29:38,668 - INFO - Epoch 26/50, Training Loss: 0.001038208156344593, Train Accuracy: 0.9826016080472156, Validation Loss: 0.0010405725710802617, Validation Accuracy: 0.9804181383642478
2024-10-04 17:30:49,488 - INFO - Epoch 27/50, Training Loss: 0.0010380445818821645, Train Accuracy: 0.9827459579386624, Validation Loss: 0.0010409184386263705, Validation Accuracy: 0.9804117933207842
2024-10-04 17:31:59,520 - INFO - Epoch 28/50, Training Loss: 0.0010378289157340068, Train Accuracy: 0.9829754372532701, Validation Loss: 0.0010388428854111807, Validation Accuracy: 0.9826145809098792
2024-10-04 17:33:09,838 - INFO - Epoch 29/50, Training Loss: 0.0010378524466467338, Train Accuracy: 0.9830124500459487, Validation Loss: 0.001038160231262644, Validation Accuracy: 0.983094689198621
2024-10-04 17:34:23,028 - INFO - Epoch 30/50, Training Loss: 0.0010376034850460758, Train Accuracy: 0.9832538263296317, Validation Loss: 0.001036116242628105, Validation Accuracy: 0.985170575918445
2024-10-04 17:35:33,904 - INFO - Epoch 31/50, Training Loss: 0.0010375137940233556, Train Accuracy: 0.9833669797243921, Validation Loss: 0.001037749354174359, Validation Accuracy: 0.9836044076901926
2024-10-04 17:36:43,712 - INFO - Epoch 32/50, Training Loss: 0.0010374121752515738, Train Accuracy: 0.9834264645697686, Validation Loss: 0.0010381360407098088, Validation Accuracy: 0.9833315708212601
2024-10-04 17:37:53,400 - INFO - Epoch 33/50, Training Loss: 0.0010376095165858992, Train Accuracy: 0.9832382280812886, Validation Loss: 0.0010387787852996584, Validation Accuracy: 0.982912797952666
2024-10-04 17:39:04,046 - INFO - Epoch 34/50, Training Loss: 0.0010373582893482857, Train Accuracy: 0.9835285141267255, Validation Loss: 0.0010376897422178317, Validation Accuracy: 0.9835673949366553
2024-10-04 17:40:14,894 - INFO - Epoch 35/50, Training Loss: 0.0010375751870551916, Train Accuracy: 0.9832733902343332, Validation Loss: 0.0010386561121306962, Validation Accuracy: 0.9828609800977137
2024-10-04 17:41:24,830 - INFO - Epoch 36/50, Training Loss: 0.0010372313390484287, Train Accuracy: 0.9836366443567652, Validation Loss: 0.0010379394249288678, Validation Accuracy: 0.9835409572555572
2024-10-04 17:42:35,272 - INFO - Epoch 37/50, Training Loss: 0.0010372978979959976, Train Accuracy: 0.9836078272538941, Validation Loss: 0.0010371415248384825, Validation Accuracy: 0.9841384488483746
2024-10-04 17:43:44,632 - INFO - Epoch 38/50, Training Loss: 0.0010371914707652816, Train Accuracy: 0.9836554151301952, Validation Loss: 0.0010394689517689727, Validation Accuracy: 0.9820308369112328
2024-10-04 17:44:55,617 - INFO - Epoch 39/50, Training Loss: 0.0010372433212259768, Train Accuracy: 0.9836324143233163, Validation Loss: 0.0010373694665596212, Validation Accuracy: 0.9842251644423764
2024-10-04 17:46:05,552 - INFO - Epoch 40/50, Training Loss: 0.0010371288141542328, Train Accuracy: 0.9837717410500424, Validation Loss: 0.001037844219616415, Validation Accuracy: 0.9832681203866247
2024-10-04 17:47:16,246 - INFO - Epoch 41/50, Training Loss: 0.0010371772925070431, Train Accuracy: 0.98369533607087, Validation Loss: 0.0010376757829489486, Validation Accuracy: 0.9837482286753664
2024-10-04 17:48:28,257 - INFO - Epoch 42/50, Training Loss: 0.0010370443209416454, Train Accuracy: 0.9837934199714684, Validation Loss: 0.0010384543415646937, Validation Accuracy: 0.9827605169095408
2024-10-04 17:49:39,438 - INFO - Epoch 43/50, Training Loss: 0.0010370702142775935, Train Accuracy: 0.9838235589597925, Validation Loss: 0.001038888332865514, Validation Accuracy: 0.9826219834605867
2024-10-04 17:50:48,585 - INFO - Epoch 44/50, Training Loss: 0.0010370059343928829, Train Accuracy: 0.9838862163302556, Validation Loss: 0.0010371553093817092, Validation Accuracy: 0.9840982635731055
2024-10-04 17:51:58,996 - INFO - Epoch 45/50, Training Loss: 0.001036935549094364, Train Accuracy: 0.9839636788177902, Validation Loss: 0.0010379181592028415, Validation Accuracy: 0.9834605867050189
2024-10-04 17:53:08,929 - INFO - Epoch 46/50, Training Loss: 0.0010368707209537488, Train Accuracy: 0.984007829791914, Validation Loss: 0.0010390155549526508, Validation Accuracy: 0.9820964023603561
2024-10-04 17:54:21,708 - INFO - Epoch 47/50, Training Loss: 0.001036947930834361, Train Accuracy: 0.9839663225886959, Validation Loss: 0.0010394597218168313, Validation Accuracy: 0.981832025549375
2024-10-04 17:55:35,311 - INFO - Epoch 48/50, Training Loss: 0.0010368630927084246, Train Accuracy: 0.9840678433914716, Validation Loss: 0.0010403801526230822, Validation Accuracy: 0.9807724032909625
2024-10-04 17:56:49,739 - INFO - Epoch 49/50, Training Loss: 0.0010368532741813917, Train Accuracy: 0.984058590193302, Validation Loss: 0.0010380807985335356, Validation Accuracy: 0.9832332226475752
2024-10-04 17:57:58,469 - INFO - Epoch 50/50, Training Loss: 0.001036800510948363, Train Accuracy: 0.984099039888158, Validation Loss: 0.001037746626890915, Validation Accuracy: 0.9837196759797805
2024-10-04 17:57:58,470 - INFO - total time taken to train the model: 59.16 min
2024-10-04 17:57:58,470 - INFO - Memory usage: pmem(rss=42399514624, vms=73505099776, shared=1084227584, text=2478080, lib=0, data=47506444288, dirty=0)
