2024-10-29 19:08:29,009 - INFO - Model path: /home/chadmi.20/model_training/model/AMAISE_train_dataset/human_train_kraken_and_nano_len_7k_12k/model_binary_ffnn_2mer_3mer.pth
2024-10-29 19:08:29,009 - INFO - Input path: /home/shared_tools_data/seq2vec/AMAISE_human_train_kraken_and_nano_len_7k_12k_2mer_3mer.csv
2024-10-29 19:08:29,009 - INFO - Labels path: /home/shared_tools_data/AMAISE_dataset/training_dataset/human_train_kraken_and_nano_len_7k_12k/human_train_kraken_and_nano_len_7k_12k_true_lables.csv
2024-10-29 19:08:29,009 - INFO - Results path: /home/chadmi.20/model_training/output/AMAISE_train_dataset/human_train_kraken_and_nano_len_7k_12k/model_binary_ffnn_2mer_3mer
2024-10-29 19:08:29,009 - INFO - Learning rate: 0.001
2024-10-29 19:08:29,009 - INFO - Batch size: 1024
2024-10-29 19:08:29,009 - INFO - # Epoches: 50
2024-10-29 19:08:29,562 - INFO - Device: cuda
2024-10-29 19:08:29,563 - INFO - Loading label data...
2024-10-29 19:08:44,105 - INFO - Loading input data...
2024-10-29 19:10:02,512 - INFO - parsing data...
2024-10-29 19:10:03,775 - INFO - Total time taken to parse data: 0.021031920115152994 min
2024-10-29 19:10:26,103 - INFO - initializing the FFNN model...
2024-10-29 19:10:28,267 - INFO - training the network...
2024-10-29 19:13:48,963 - INFO - Epoch 1/50, Training Loss: 8.522248696745298e-05, Train Accuracy: 0.9748046835343445, Validation Loss: 7.369371958324899e-05, Validation Accuracy: 0.978313574851272
2024-10-29 19:17:05,280 - INFO - Epoch 2/50, Training Loss: 6.949222412396507e-05, Train Accuracy: 0.9791001229670464, Validation Loss: 6.946245185946225e-05, Validation Accuracy: 0.9795315069744777
2024-10-29 19:20:24,972 - INFO - Epoch 3/50, Training Loss: 6.717833390828337e-05, Train Accuracy: 0.9797711911940874, Validation Loss: 6.595389939314683e-05, Validation Accuracy: 0.9799908885098779
2024-10-29 19:23:44,718 - INFO - Epoch 4/50, Training Loss: 6.59893443470492e-05, Train Accuracy: 0.9801075580952671, Validation Loss: 6.45027581146762e-05, Validation Accuracy: 0.9805000786786056
2024-10-29 19:27:04,137 - INFO - Epoch 5/50, Training Loss: 6.518089651188599e-05, Train Accuracy: 0.9803376454285192, Validation Loss: 6.421906761165514e-05, Validation Accuracy: 0.98080717904205
2024-10-29 19:30:21,953 - INFO - Epoch 6/50, Training Loss: 6.466308888797467e-05, Train Accuracy: 0.9804861195711763, Validation Loss: 6.37465197946699e-05, Validation Accuracy: 0.9806717122494975
2024-10-29 19:33:41,945 - INFO - Epoch 7/50, Training Loss: 6.4279040439741e-05, Train Accuracy: 0.9806058030547603, Validation Loss: 6.454361381434463e-05, Validation Accuracy: 0.9803998269070678
2024-10-29 19:36:59,365 - INFO - Epoch 8/50, Training Loss: 6.392458386216526e-05, Train Accuracy: 0.9807216795090455, Validation Loss: 6.227435979614562e-05, Validation Accuracy: 0.9810676432965828
2024-10-29 19:40:15,728 - INFO - Epoch 9/50, Training Loss: 6.372994746710813e-05, Train Accuracy: 0.9807762469289963, Validation Loss: 6.34367491406378e-05, Validation Accuracy: 0.9809547014273822
2024-10-29 19:43:34,776 - INFO - Epoch 10/50, Training Loss: 6.342326495073121e-05, Train Accuracy: 0.9808594463817993, Validation Loss: 6.223482084640104e-05, Validation Accuracy: 0.9812097723904083
2024-10-29 19:46:57,258 - INFO - Epoch 11/50, Training Loss: 6.322386106787915e-05, Train Accuracy: 0.9809074308135876, Validation Loss: 6.255486446297054e-05, Validation Accuracy: 0.9809813506324745
2024-10-29 19:50:15,455 - INFO - Epoch 12/50, Training Loss: 6.315452543025223e-05, Train Accuracy: 0.9809267038994132, Validation Loss: 6.173363441409519e-05, Validation Accuracy: 0.9811996203122779
2024-10-29 19:53:34,767 - INFO - Epoch 13/50, Training Loss: 6.294093260526374e-05, Train Accuracy: 0.9809868232370916, Validation Loss: 6.231180295513231e-05, Validation Accuracy: 0.9810936579967919
2024-10-29 19:56:53,739 - INFO - Epoch 14/50, Training Loss: 6.286191441897414e-05, Train Accuracy: 0.9810166449665997, Validation Loss: 6.185804866941698e-05, Validation Accuracy: 0.9813204934925179
2024-10-29 20:00:13,299 - INFO - Epoch 15/50, Training Loss: 6.273964324850407e-05, Train Accuracy: 0.9810694674981218, Validation Loss: 6.2290161257929e-05, Validation Accuracy: 0.9811266522507157
2024-10-29 20:03:33,188 - INFO - Epoch 16/50, Training Loss: 6.259881278293168e-05, Train Accuracy: 0.9810792230107003, Validation Loss: 6.170269021591109e-05, Validation Accuracy: 0.9814112276908084
2024-10-29 20:06:52,224 - INFO - Epoch 17/50, Training Loss: 6.254156977873428e-05, Train Accuracy: 0.9811107103155265, Validation Loss: 6.0974460028690044e-05, Validation Accuracy: 0.9815292455990742
2024-10-29 20:10:11,024 - INFO - Epoch 18/50, Training Loss: 6.242748551116243e-05, Train Accuracy: 0.9811274453818196, Validation Loss: 6.125270878789258e-05, Validation Accuracy: 0.9813829922235081
2024-10-29 20:13:30,788 - INFO - Epoch 19/50, Training Loss: 6.235300275392478e-05, Train Accuracy: 0.9811762229447117, Validation Loss: 6.127156181268432e-05, Validation Accuracy: 0.9814838784999289
2024-10-29 20:16:49,544 - INFO - Epoch 20/50, Training Loss: 6.225779174631687e-05, Train Accuracy: 0.9811963684747518, Validation Loss: 6.18348261847004e-05, Validation Accuracy: 0.9813465081927271
2024-10-29 20:20:09,807 - INFO - Epoch 21/50, Training Loss: 6.224017121830923e-05, Train Accuracy: 0.9811889923554852, Validation Loss: 6.161335254695916e-05, Validation Accuracy: 0.9813322318328562
2024-10-29 20:23:31,935 - INFO - Epoch 22/50, Training Loss: 6.213178227551388e-05, Train Accuracy: 0.9812296799811171, Validation Loss: 6.214468364734351e-05, Validation Accuracy: 0.9814673813729671
2024-10-29 20:26:51,392 - INFO - Epoch 23/50, Training Loss: 6.214066408059882e-05, Train Accuracy: 0.9812083447544212, Validation Loss: 6.763393983930525e-05, Validation Accuracy: 0.9795568871698037
2024-10-29 20:30:11,448 - INFO - Epoch 24/50, Training Loss: 6.205649470482465e-05, Train Accuracy: 0.9812395148068059, Validation Loss: 6.116994639759668e-05, Validation Accuracy: 0.9813690331160788
2024-10-29 20:33:32,757 - INFO - Epoch 25/50, Training Loss: 6.198275794472107e-05, Train Accuracy: 0.9812632294268137, Validation Loss: 6.113893438147787e-05, Validation Accuracy: 0.9814835612474874
2024-10-29 20:36:51,409 - INFO - Epoch 26/50, Training Loss: 6.196366708648313e-05, Train Accuracy: 0.9812875785517046, Validation Loss: 6.133998002578922e-05, Validation Accuracy: 0.9812364215955006
2024-10-29 20:40:13,235 - INFO - Epoch 27/50, Training Loss: 6.19320072693332e-05, Train Accuracy: 0.9812845646535096, Validation Loss: 6.085735692374244e-05, Validation Accuracy: 0.9816786714990559
2024-10-29 20:43:31,594 - INFO - Epoch 28/50, Training Loss: 6.19142723536279e-05, Train Accuracy: 0.9812855957239447, Validation Loss: 6.150208108473694e-05, Validation Accuracy: 0.9812982858216077
2024-10-29 20:46:50,706 - INFO - Epoch 29/50, Training Loss: 6.181687715276857e-05, Train Accuracy: 0.9813099448488356, Validation Loss: 6.089617021951737e-05, Validation Accuracy: 0.9815768334653103
2024-10-29 20:50:09,774 - INFO - Epoch 30/50, Training Loss: 6.178273047089212e-05, Train Accuracy: 0.9813347698523888, Validation Loss: 6.0638839058281965e-05, Validation Accuracy: 0.9816364769243264
2024-10-29 20:53:29,638 - INFO - Epoch 31/50, Training Loss: 6.181810348631382e-05, Train Accuracy: 0.9813095482832835, Validation Loss: 6.0320531788257003e-05, Validation Accuracy: 0.9817722609693205
2024-10-29 20:56:48,710 - INFO - Epoch 32/50, Training Loss: 6.180735839049001e-05, Train Accuracy: 0.9813121656159266, Validation Loss: 6.169277665622202e-05, Validation Accuracy: 0.9814105931859252
2024-10-29 21:00:07,917 - INFO - Epoch 33/50, Training Loss: 6.181175171182118e-05, Train Accuracy: 0.9813160519583358, Validation Loss: 6.087766362550669e-05, Validation Accuracy: 0.9815194107733853
2024-10-29 21:03:26,056 - INFO - Epoch 34/50, Training Loss: 6.175515833831793e-05, Train Accuracy: 0.9813562637053055, Validation Loss: 6.154202113385137e-05, Validation Accuracy: 0.9813008238411403
2024-10-29 21:06:45,079 - INFO - Epoch 35/50, Training Loss: 6.172362302497444e-05, Train Accuracy: 0.9813518221711234, Validation Loss: 6.119824328297422e-05, Validation Accuracy: 0.9816999274126413
2024-10-29 21:10:04,620 - INFO - Epoch 36/50, Training Loss: 6.169292902394273e-05, Train Accuracy: 0.9813332629032913, Validation Loss: 6.140982286167419e-05, Validation Accuracy: 0.9813690331160788
2024-10-29 21:13:23,763 - INFO - Epoch 37/50, Training Loss: 6.169955246063036e-05, Train Accuracy: 0.9813388148210188, Validation Loss: 6.296545206979287e-05, Validation Accuracy: 0.9807716467685935
2024-10-29 21:16:42,669 - INFO - Epoch 38/50, Training Loss: 6.166025648452547e-05, Train Accuracy: 0.9813664157834359, Validation Loss: 6.079025199240072e-05, Validation Accuracy: 0.9816444082353658
2024-10-29 21:20:02,328 - INFO - Epoch 39/50, Training Loss: 6.160340587974981e-05, Train Accuracy: 0.9813810887088587, Validation Loss: 6.08185519647899e-05, Validation Accuracy: 0.9814864165194616
2024-10-29 21:23:20,133 - INFO - Epoch 40/50, Training Loss: 6.16057780387113e-05, Train Accuracy: 0.981379740385982, Validation Loss: 6.086320615487029e-05, Validation Accuracy: 0.9817075414712392
2024-10-29 21:26:37,813 - INFO - Epoch 41/50, Training Loss: 6.157471284137129e-05, Train Accuracy: 0.9813867199396966, Validation Loss: 6.111176558257503e-05, Validation Accuracy: 0.9815251213173336
2024-10-29 21:30:00,959 - INFO - Epoch 42/50, Training Loss: 6.160267654695343e-05, Train Accuracy: 0.9813865613134759, Validation Loss: 6.100910156801687e-05, Validation Accuracy: 0.9816862855576537
2024-10-29 21:33:19,474 - INFO - Epoch 43/50, Training Loss: 6.160311971734586e-05, Train Accuracy: 0.9813931443016386, Validation Loss: 6.106811719513437e-05, Validation Accuracy: 0.9815238523075673
2024-10-29 21:36:42,251 - INFO - Epoch 44/50, Training Loss: 6.157269261178261e-05, Train Accuracy: 0.9813961581998335, Validation Loss: 6.14485611195473e-05, Validation Accuracy: 0.9815206797831516
2024-10-29 21:40:01,912 - INFO - Epoch 45/50, Training Loss: 6.157977366130837e-05, Train Accuracy: 0.98137934382043, Validation Loss: 6.141090708705546e-05, Validation Accuracy: 0.9816669331587176
2024-10-29 21:43:23,283 - INFO - Epoch 46/50, Training Loss: 6.156324077942062e-05, Train Accuracy: 0.9813979030882621, Validation Loss: 6.0197708739703705e-05, Validation Accuracy: 0.9817243558506427
2024-10-29 21:46:42,443 - INFO - Epoch 47/50, Training Loss: 6.152410995696118e-05, Train Accuracy: 0.9813971099571582, Validation Loss: 6.048398994810539e-05, Validation Accuracy: 0.981547963493127
2024-10-29 21:50:02,582 - INFO - Epoch 48/50, Training Loss: 6.146743561144989e-05, Train Accuracy: 0.981422648778705, Validation Loss: 6.04493798739602e-05, Validation Accuracy: 0.981656146575704
2024-10-29 21:53:24,525 - INFO - Epoch 49/50, Training Loss: 6.153239408004359e-05, Train Accuracy: 0.9814032170666586, Validation Loss: 6.060462063337451e-05, Validation Accuracy: 0.9816053861850521
2024-10-29 21:56:42,884 - INFO - Epoch 50/50, Training Loss: 6.153107322065368e-05, Train Accuracy: 0.9813882268887941, Validation Loss: 6.059124628071896e-05, Validation Accuracy: 0.9817018309272908
2024-10-29 21:56:42,885 - INFO - total time taken to train the model: 166.24 min
2024-10-29 21:56:42,885 - INFO - Memory usage: pmem(rss=21674061824, vms=52642144256, shared=1087897600, text=2478080, lib=0, data=26798051328, dirty=0)
2024-10-29 21:56:42,885 - INFO - Maximum training accuracy = 0.9813095
2024-10-29 21:56:42,885 - INFO - Maximum validation accuracy = 0.9817723
2024-10-29 21:56:42,885 - INFO - Epoch of maximum validation accuracy = 30
