2024-10-27 14:31:58,514 - INFO - Model path: /home/chadmi.20/model_training/model/AMAISE_train_dataset/human_train_kraken_and_nano_len_7k_12k/model_binary_ffnn_3mer.pth
2024-10-27 14:31:58,514 - INFO - Input path: /home/shared_tools_data/seq2vec/AMAISE_human_train_kraken_and_nano_len_7k_12k_3mer.csv
2024-10-27 14:31:58,514 - INFO - Labels path: /home/shared_tools_data/AMAISE_dataset/training_dataset/human_train_kraken_and_nano_len_7k_12k/human_train_kraken_and_nano_len_7k_12k_true_lables.csv
2024-10-27 14:31:58,514 - INFO - Results path: /home/chadmi.20/model_training/output/AMAISE_train_dataset/human_train_kraken_and_nano_len_7k_12k/model_binary_ffnn_3mer
2024-10-27 14:31:58,514 - INFO - Learning rate: 0.001
2024-10-27 14:31:58,514 - INFO - Batch size: 1024
2024-10-27 14:31:58,514 - INFO - # Epoches: 50
2024-10-27 14:31:59,044 - INFO - Device: cuda
2024-10-27 14:31:59,044 - INFO - Loading label data...
2024-10-27 14:32:13,468 - INFO - Loading input data...
2024-10-27 14:33:10,220 - INFO - parsing data...
2024-10-27 14:33:11,195 - INFO - Total time taken to parse data: 0.01625059445699056 min
2024-10-27 14:33:29,986 - INFO - initializing the FFNN model...
2024-10-27 14:33:32,065 - INFO - training the network...
2024-10-27 14:36:56,990 - INFO - Epoch 1/50, Training Loss: 8.716984960351847e-05, Train Accuracy: 0.9741031590729122, Validation Loss: 7.16893363226121e-05, Validation Accuracy: 0.9787869154941017
2024-10-27 14:40:18,844 - INFO - Epoch 2/50, Training Loss: 6.949805270627061e-05, Train Accuracy: 0.979021682300867, Validation Loss: 6.950479988638715e-05, Validation Accuracy: 0.9791952193864084
2024-10-27 14:43:42,219 - INFO - Epoch 3/50, Training Loss: 6.686363261871844e-05, Train Accuracy: 0.9798371003888245, Validation Loss: 6.413472880730942e-05, Validation Accuracy: 0.9805831988182981
2024-10-27 14:47:03,630 - INFO - Epoch 4/50, Training Loss: 6.557876748803846e-05, Train Accuracy: 0.9802207379037989, Validation Loss: 6.531499419295641e-05, Validation Accuracy: 0.9802770502121785
2024-10-27 14:50:25,566 - INFO - Epoch 5/50, Training Loss: 6.47496381621038e-05, Train Accuracy: 0.9804467009553105, Validation Loss: 6.420743186466463e-05, Validation Accuracy: 0.9804582013563177
2024-10-27 14:53:47,679 - INFO - Epoch 6/50, Training Loss: 6.415890574103933e-05, Train Accuracy: 0.9806480769426001, Validation Loss: 6.378051516998588e-05, Validation Accuracy: 0.9808576221802603
2024-10-27 14:57:07,715 - INFO - Epoch 7/50, Training Loss: 6.371713421264892e-05, Train Accuracy: 0.9807476148961443, Validation Loss: 6.205518334180703e-05, Validation Accuracy: 0.9812395941199163
2024-10-27 15:00:28,878 - INFO - Epoch 8/50, Training Loss: 6.329607338832994e-05, Train Accuracy: 0.9808675363190595, Validation Loss: 6.482232124355678e-05, Validation Accuracy: 0.9809940407301374
2024-10-27 15:03:49,441 - INFO - Epoch 9/50, Training Loss: 6.317364526970292e-05, Train Accuracy: 0.9809447872885829, Validation Loss: 6.251814728119152e-05, Validation Accuracy: 0.9809692950396947
2024-10-27 15:07:11,371 - INFO - Epoch 10/50, Training Loss: 6.288004458016166e-05, Train Accuracy: 0.9810123620586384, Validation Loss: 6.173370053665539e-05, Validation Accuracy: 0.9812913062678931
2024-10-27 15:10:33,514 - INFO - Epoch 11/50, Training Loss: 6.27053810818708e-05, Train Accuracy: 0.9810637569541735, Validation Loss: 6.234145340352025e-05, Validation Accuracy: 0.9810191036730219
2024-10-27 15:13:53,205 - INFO - Epoch 12/50, Training Loss: 6.256486802789955e-05, Train Accuracy: 0.9810957994507725, Validation Loss: 6.198898691019085e-05, Validation Accuracy: 0.9813128794339201
2024-10-27 15:17:13,674 - INFO - Epoch 13/50, Training Loss: 6.24553281305744e-05, Train Accuracy: 0.981130538593125, Validation Loss: 6.186653579749314e-05, Validation Accuracy: 0.9813312800755315
2024-10-27 15:20:35,113 - INFO - Epoch 14/50, Training Loss: 6.230219228260733e-05, Train Accuracy: 0.9811824886804329, Validation Loss: 6.157624142550266e-05, Validation Accuracy: 0.9813461909402855
2024-10-27 15:23:54,687 - INFO - Epoch 15/50, Training Loss: 6.227616104069833e-05, Train Accuracy: 0.9812071550577653, Validation Loss: 6.200895208529151e-05, Validation Accuracy: 0.9814029791273273
2024-10-27 15:27:15,666 - INFO - Epoch 16/50, Training Loss: 6.212063981956943e-05, Train Accuracy: 0.9812335663235264, Validation Loss: 6.124630419722495e-05, Validation Accuracy: 0.9814147174676656
2024-10-27 15:30:36,800 - INFO - Epoch 17/50, Training Loss: 6.203759709874512e-05, Train Accuracy: 0.9812674330216645, Validation Loss: 6.123077440723915e-05, Validation Accuracy: 0.981564460620089
2024-10-27 15:33:57,859 - INFO - Epoch 18/50, Training Loss: 6.197977994051995e-05, Train Accuracy: 0.9812783782308989, Validation Loss: 6.0582312545261174e-05, Validation Accuracy: 0.9815416184442955
2024-10-27 15:37:19,221 - INFO - Epoch 19/50, Training Loss: 6.190638382600523e-05, Train Accuracy: 0.9812679882134373, Validation Loss: 6.135790592360026e-05, Validation Accuracy: 0.9815102104525797
2024-10-27 15:40:39,255 - INFO - Epoch 20/50, Training Loss: 6.18275192082035e-05, Train Accuracy: 0.9812952719234127, Validation Loss: 6.072173995813366e-05, Validation Accuracy: 0.9816780369941727
2024-10-27 15:44:01,554 - INFO - Epoch 21/50, Training Loss: 6.17436020255912e-05, Train Accuracy: 0.9813326283984082, Validation Loss: 6.17893312868283e-05, Validation Accuracy: 0.9814810232279547
2024-10-27 15:47:21,459 - INFO - Epoch 22/50, Training Loss: 6.170501135260945e-05, Train Accuracy: 0.9813319145804146, Validation Loss: 6.10703029654268e-05, Validation Accuracy: 0.9813227142596089
2024-10-27 15:50:43,677 - INFO - Epoch 23/50, Training Loss: 6.161891179606754e-05, Train Accuracy: 0.9813704607520659, Validation Loss: 6.032496561154726e-05, Validation Accuracy: 0.9816298146230533
2024-10-27 15:54:04,259 - INFO - Epoch 24/50, Training Loss: 6.159368812148567e-05, Train Accuracy: 0.981363401885241, Validation Loss: 6.043870813322095e-05, Validation Accuracy: 0.9816456772451321
2024-10-27 15:57:24,707 - INFO - Epoch 25/50, Training Loss: 6.155106412552953e-05, Train Accuracy: 0.9813756161042415, Validation Loss: 6.263138336690519e-05, Validation Accuracy: 0.9810927062394672
2024-10-27 16:00:47,518 - INFO - Epoch 26/50, Training Loss: 6.151878199927487e-05, Train Accuracy: 0.9813878303232422, Validation Loss: 6.121187155770134e-05, Validation Accuracy: 0.9814308973421859
2024-10-27 16:04:08,311 - INFO - Epoch 27/50, Training Loss: 6.147611641301666e-05, Train Accuracy: 0.9814232832835882, Validation Loss: 6.115630891974564e-05, Validation Accuracy: 0.98143978041055
2024-10-27 16:07:30,449 - INFO - Epoch 28/50, Training Loss: 6.136709557876415e-05, Train Accuracy: 0.9814321663519523, Validation Loss: 6.039299471877163e-05, Validation Accuracy: 0.9816222005644556
2024-10-27 16:10:50,843 - INFO - Epoch 29/50, Training Loss: 6.137547436227525e-05, Train Accuracy: 0.9814250281720168, Validation Loss: 6.0752338806345335e-05, Validation Accuracy: 0.9814730919169153
2024-10-27 16:14:09,242 - INFO - Epoch 30/50, Training Loss: 6.134889522484713e-05, Train Accuracy: 0.9814328008568354, Validation Loss: 6.085027837059506e-05, Validation Accuracy: 0.9817199143164606
2024-10-27 16:17:31,197 - INFO - Epoch 31/50, Training Loss: 6.141583146258489e-05, Train Accuracy: 0.9814049619550872, Validation Loss: 6.075169312216863e-05, Validation Accuracy: 0.9815784197275182
2024-10-27 16:20:50,708 - INFO - Epoch 32/50, Training Loss: 6.130048226156053e-05, Train Accuracy: 0.9814439840054009, Validation Loss: 6.108526449412604e-05, Validation Accuracy: 0.9815895235629734
2024-10-27 16:24:09,578 - INFO - Epoch 33/50, Training Loss: 6.129334348007148e-05, Train Accuracy: 0.981450646306674, Validation Loss: 6.049458224793291e-05, Validation Accuracy: 0.9816298146230533
2024-10-27 16:27:30,312 - INFO - Epoch 34/50, Training Loss: 6.127984624068594e-05, Train Accuracy: 0.9814374010172382, Validation Loss: 6.311699690215688e-05, Validation Accuracy: 0.9812871819861526
2024-10-27 16:30:49,675 - INFO - Epoch 35/50, Training Loss: 6.122673454061556e-05, Train Accuracy: 0.9814661123632007, Validation Loss: 6.113187203455068e-05, Validation Accuracy: 0.981354756756208
2024-10-27 16:34:08,291 - INFO - Epoch 36/50, Training Loss: 6.123188597622195e-05, Train Accuracy: 0.9814482669133622, Validation Loss: 6.077388226873986e-05, Validation Accuracy: 0.9815844475239082
2024-10-27 16:37:28,158 - INFO - Epoch 37/50, Training Loss: 6.121903953180789e-05, Train Accuracy: 0.9814646847272137, Validation Loss: 6.110731428670434e-05, Validation Accuracy: 0.9814093241761589
2024-10-27 16:40:49,729 - INFO - Epoch 38/50, Training Loss: 6.118298475010177e-05, Train Accuracy: 0.9814818956721691, Validation Loss: 6.09956998529978e-05, Validation Accuracy: 0.9814385114007838
2024-10-27 16:44:09,497 - INFO - Epoch 39/50, Training Loss: 6.120227657448166e-05, Train Accuracy: 0.9814882407210006, Validation Loss: 6.10245399153286e-05, Validation Accuracy: 0.9813937788065217
2024-10-27 16:47:26,989 - INFO - Epoch 40/50, Training Loss: 6.114757117170759e-05, Train Accuracy: 0.981485702701468, Validation Loss: 6.0645891111821756e-05, Validation Accuracy: 0.981384578485716
2024-10-27 16:50:44,029 - INFO - Epoch 41/50, Training Loss: 6.115288942885575e-05, Train Accuracy: 0.9814985514253518, Validation Loss: 6.040181743467775e-05, Validation Accuracy: 0.9815790542324013
2024-10-27 16:54:00,243 - INFO - Epoch 42/50, Training Loss: 6.109509321757642e-05, Train Accuracy: 0.9815075138068262, Validation Loss: 6.094860405948991e-05, Validation Accuracy: 0.9816529740512883
2024-10-27 16:57:15,802 - INFO - Epoch 43/50, Training Loss: 6.110793768326565e-05, Train Accuracy: 0.9815126691590018, Validation Loss: 6.122506289618632e-05, Validation Accuracy: 0.9815365424052304
2024-10-27 17:00:32,036 - INFO - Epoch 44/50, Training Loss: 6.112457204017209e-05, Train Accuracy: 0.9814815784197275, Validation Loss: 6.110658173718744e-05, Validation Accuracy: 0.9814086896712757
2024-10-27 17:03:48,561 - INFO - Epoch 45/50, Training Loss: 6.106630577153896e-05, Train Accuracy: 0.9815109242705732, Validation Loss: 6.075546950180063e-05, Validation Accuracy: 0.9815368596576719
2024-10-27 17:07:06,713 - INFO - Epoch 46/50, Training Loss: 6.108530657504668e-05, Train Accuracy: 0.9815033102119753, Validation Loss: 6.02147831866389e-05, Validation Accuracy: 0.9817154727822786
2024-10-27 17:10:22,183 - INFO - Epoch 47/50, Training Loss: 6.106060310772322e-05, Train Accuracy: 0.9815152071785345, Validation Loss: 6.0023014967838984e-05, Validation Accuracy: 0.9818239731172971
2024-10-27 17:13:37,736 - INFO - Epoch 48/50, Training Loss: 6.108309202888923e-05, Train Accuracy: 0.9815184590160606, Validation Loss: 6.074112787210334e-05, Validation Accuracy: 0.9816529740512883
2024-10-27 17:16:54,717 - INFO - Epoch 49/50, Training Loss: 6.1014500047579985e-05, Train Accuracy: 0.981501803262878, Validation Loss: 5.977588183110611e-05, Validation Accuracy: 0.9817855855718666
2024-10-27 17:20:11,674 - INFO - Epoch 50/50, Training Loss: 6.0998112041027675e-05, Train Accuracy: 0.9815237729944569, Validation Loss: 6.132392926004222e-05, Validation Accuracy: 0.9815374941625551
2024-10-27 17:20:11,675 - INFO - total time taken to train the model: 166.66 min
2024-10-27 17:20:11,675 - INFO - Memory usage: pmem(rss=16706011136, vms=47652044800, shared=1087373312, text=2478080, lib=0, data=21807943680, dirty=0)
2024-10-27 17:20:11,675 - INFO - Maximum training accuracy = 0.9815152
2024-10-27 17:20:11,675 - INFO - Maximum validation accuracy = 0.9818240
