2024-10-06 13:45:21,771 - INFO - Model path: /home/chadmi.20/model_training/model/algae_train_kraken/modelInitialFFNN5mer.pth
2024-10-06 13:45:21,771 - INFO - Input path: /home/shared_tools_data/seq2vec/algae_train_kraken_5mer.csv
2024-10-06 13:45:21,771 - INFO - Labels path: /mnt/disk-3/home/shared/different_hosts_20_batch/algae/train/algae_train_kraken_labels.csv
2024-10-06 13:45:21,771 - INFO - Results path: /home/chadmi.20/model_training/output/algae_train_kraken/modelInitialFFNN5mer
2024-10-06 13:45:21,771 - INFO - Learning rate: 0.001
2024-10-06 13:45:21,771 - INFO - Batch size: 1024
2024-10-06 13:45:21,771 - INFO - # Epoches: 50
2024-10-06 13:45:22,296 - INFO - Device: cuda
2024-10-06 13:45:22,297 - INFO - Loading label data...
2024-10-06 13:45:26,413 - INFO - Loading input data...
2024-10-06 13:52:46,789 - INFO - parsing data...
2024-10-06 13:52:52,408 - INFO - Total time taken to parse data: 0.093644650777181 min
2024-10-06 13:53:51,537 - INFO - initializing the FFNN model...
2024-10-06 13:53:53,758 - INFO - training the network...
2024-10-06 13:54:58,452 - INFO - Epoch 1/50, Training Loss: 0.0011801856451215404, Train Accuracy: 0.8379783506888081, Validation Loss: 0.0010989029480719592, Validation Accuracy: 0.9212093652841522
2024-10-06 13:55:59,082 - INFO - Epoch 2/50, Training Loss: 0.0010780261801581921, Train Accuracy: 0.9419898500347391, Validation Loss: 0.0010703840959379962, Validation Accuracy: 0.9499090543770224
2024-10-06 13:57:00,535 - INFO - Epoch 3/50, Training Loss: 0.0010602030423822217, Train Accuracy: 0.9601647175025037, Validation Loss: 0.0010604296698313786, Validation Accuracy: 0.9602980055413379
2024-10-06 13:57:59,628 - INFO - Epoch 4/50, Training Loss: 0.0010535787603330776, Train Accuracy: 0.9667881567523495, Validation Loss: 0.001050370616085454, Validation Accuracy: 0.9708265476618515
2024-10-06 13:58:58,153 - INFO - Epoch 5/50, Training Loss: 0.001050185209609913, Train Accuracy: 0.9701579071486508, Validation Loss: 0.0010507961544968655, Validation Accuracy: 0.9701782957213257
2024-10-06 13:59:57,136 - INFO - Epoch 6/50, Training Loss: 0.001048070617534766, Train Accuracy: 0.9722753032669605, Validation Loss: 0.0010498777704768766, Validation Accuracy: 0.9709397009369514
2024-10-06 14:00:56,132 - INFO - Epoch 7/50, Training Loss: 0.0010465189859746047, Train Accuracy: 0.9738121272943966, Validation Loss: 0.001044972427595121, Validation Accuracy: 0.9758814322878112
2024-10-06 14:01:55,236 - INFO - Epoch 8/50, Training Loss: 0.0010450650961257011, Train Accuracy: 0.9753441925342025, Validation Loss: 0.0010467041129022707, Validation Accuracy: 0.9746325162327362
2024-10-06 14:02:54,222 - INFO - Epoch 9/50, Training Loss: 0.0010440697357344676, Train Accuracy: 0.9764194141615175, Validation Loss: 0.0010431861088780723, Validation Accuracy: 0.9780694147754913
2024-10-06 14:03:55,509 - INFO - Epoch 10/50, Training Loss: 0.0010435640530858648, Train Accuracy: 0.9769032242372456, Validation Loss: 0.0010467789630539332, Validation Accuracy: 0.974229605972801
2024-10-06 14:04:58,827 - INFO - Epoch 11/50, Training Loss: 0.0010429435597068815, Train Accuracy: 0.977543809927677, Validation Loss: 0.0010452990681333253, Validation Accuracy: 0.9755123622596815
2024-10-06 14:05:57,955 - INFO - Epoch 12/50, Training Loss: 0.0010423539093153797, Train Accuracy: 0.978146589694158, Validation Loss: 0.0010422206463788267, Validation Accuracy: 0.9790179987732915
2024-10-06 14:06:55,682 - INFO - Epoch 13/50, Training Loss: 0.0010418909372073683, Train Accuracy: 0.9786808957941835, Validation Loss: 0.001043082469838043, Validation Accuracy: 0.9779562615003913
2024-10-06 14:07:53,883 - INFO - Epoch 14/50, Training Loss: 0.001041519722639648, Train Accuracy: 0.9790470580646117, Validation Loss: 0.0010409137303624312, Validation Accuracy: 0.9801474165098031
2024-10-06 14:08:52,098 - INFO - Epoch 15/50, Training Loss: 0.0010411312881532149, Train Accuracy: 0.9794391292899148, Validation Loss: 0.0010420022555705226, Validation Accuracy: 0.9795382923373025
2024-10-06 14:09:50,717 - INFO - Epoch 16/50, Training Loss: 0.0010407975152469109, Train Accuracy: 0.9798412468446595, Validation Loss: 0.0010427006617538597, Validation Accuracy: 0.9785579831221843
2024-10-06 14:10:49,480 - INFO - Epoch 17/50, Training Loss: 0.0010406300456651733, Train Accuracy: 0.9799818954568383, Validation Loss: 0.0010442206555823152, Validation Accuracy: 0.9766047672426557
2024-10-06 14:11:50,142 - INFO - Epoch 18/50, Training Loss: 0.0010403512980044893, Train Accuracy: 0.9802682158459168, Validation Loss: 0.0010401857286027934, Validation Accuracy: 0.9809373744210148
2024-10-06 14:12:49,910 - INFO - Epoch 19/50, Training Loss: 0.0010401368150377047, Train Accuracy: 0.9804990170459773, Validation Loss: 0.0010433312050468896, Validation Accuracy: 0.9780831623696622
2024-10-06 14:13:47,869 - INFO - Epoch 20/50, Training Loss: 0.0010397887996746525, Train Accuracy: 0.9808382128531682, Validation Loss: 0.0010402255835754712, Validation Accuracy: 0.980823163638671
2024-10-06 14:14:45,693 - INFO - Epoch 21/50, Training Loss: 0.0010397621145885989, Train Accuracy: 0.9808895020087371, Validation Loss: 0.0010401317213561965, Validation Accuracy: 0.9811414733190922
2024-10-06 14:15:43,617 - INFO - Epoch 22/50, Training Loss: 0.001039526878326795, Train Accuracy: 0.9811094637480846, Validation Loss: 0.0010418527810490527, Validation Accuracy: 0.9794653243374717
2024-10-06 14:16:41,954 - INFO - Epoch 23/50, Training Loss: 0.001039399226854406, Train Accuracy: 0.9812897689238478, Validation Loss: 0.0010384763396004881, Validation Accuracy: 0.9825363253738288
2024-10-06 14:17:40,495 - INFO - Epoch 24/50, Training Loss: 0.0010393041443229566, Train Accuracy: 0.9813971060226159, Validation Loss: 0.0010434706777221385, Validation Accuracy: 0.9775607537911635
2024-10-06 14:18:38,331 - INFO - Epoch 25/50, Training Loss: 0.0010391619012888149, Train Accuracy: 0.9815089375319236, Validation Loss: 0.0010382667663867335, Validation Accuracy: 0.982954040735179
2024-10-06 14:19:36,644 - INFO - Epoch 26/50, Training Loss: 0.0010389995133169615, Train Accuracy: 0.9817191173189203, Validation Loss: 0.0010390085567236677, Validation Accuracy: 0.9819716165055731
2024-10-06 14:20:35,319 - INFO - Epoch 27/50, Training Loss: 0.0010388867709320918, Train Accuracy: 0.9818256612864166, Validation Loss: 0.0010404631190714388, Validation Accuracy: 0.9804625536684927
2024-10-06 14:21:34,223 - INFO - Epoch 28/50, Training Loss: 0.0010388835391658682, Train Accuracy: 0.9818166724653375, Validation Loss: 0.0010395564696567973, Validation Accuracy: 0.9815486136080032
2024-10-06 14:22:36,134 - INFO - Epoch 29/50, Training Loss: 0.0010387279064719731, Train Accuracy: 0.9820178634312551, Validation Loss: 0.0010456966413630363, Validation Accuracy: 0.9751073369852583
2024-10-06 14:23:35,635 - INFO - Epoch 30/50, Training Loss: 0.0010386515236711325, Train Accuracy: 0.9820776126537221, Validation Loss: 0.001038508615564169, Validation Accuracy: 0.9825796831708297
2024-10-06 14:24:33,892 - INFO - Epoch 31/50, Training Loss: 0.001038429515296401, Train Accuracy: 0.9823324721690236, Validation Loss: 0.001039399416630589, Validation Accuracy: 0.9820615046213067
2024-10-06 14:25:32,186 - INFO - Epoch 32/50, Training Loss: 0.0010384409041498714, Train Accuracy: 0.9822899074574433, Validation Loss: 0.001041611114539349, Validation Accuracy: 0.979391298830397
2024-10-06 14:26:31,475 - INFO - Epoch 33/50, Training Loss: 0.00103838890159197, Train Accuracy: 0.9823800600453249, Validation Loss: 0.0010412073345147615, Validation Accuracy: 0.9796186628878408
2024-10-06 14:27:34,073 - INFO - Epoch 34/50, Training Loss: 0.0010383811261029353, Train Accuracy: 0.9823575879926271, Validation Loss: 0.0010423881162562065, Validation Accuracy: 0.9788826378460692
2024-10-06 14:28:33,158 - INFO - Epoch 35/50, Training Loss: 0.0010382858463115578, Train Accuracy: 0.9824540856306822, Validation Loss: 0.0010383212394423499, Validation Accuracy: 0.9832067849664771
2024-10-06 14:29:31,670 - INFO - Epoch 36/50, Training Loss: 0.0010382312702979259, Train Accuracy: 0.9825492613832844, Validation Loss: 0.0010386662169717669, Validation Accuracy: 0.9826378460692455
2024-10-06 14:30:30,154 - INFO - Epoch 37/50, Training Loss: 0.0010380839291709246, Train Accuracy: 0.9826803924202031, Validation Loss: 0.0010394912131538986, Validation Accuracy: 0.9818373130855946
2024-10-06 14:31:28,376 - INFO - Epoch 38/50, Training Loss: 0.0010381457316297816, Train Accuracy: 0.982676162386754, Validation Loss: 0.001040802682374668, Validation Accuracy: 0.980303927581904
2024-10-06 14:32:27,097 - INFO - Epoch 39/50, Training Loss: 0.0010380755986500012, Train Accuracy: 0.9827237502630553, Validation Loss: 0.0010386794016992115, Validation Accuracy: 0.9824971976058036
2024-10-06 14:33:25,873 - INFO - Epoch 40/50, Training Loss: 0.001037932418386951, Train Accuracy: 0.9828490650039815, Validation Loss: 0.0010407056721940878, Validation Accuracy: 0.9806137772043738
2024-10-06 14:34:25,497 - INFO - Epoch 41/50, Training Loss: 0.0010379802496805536, Train Accuracy: 0.9828398118058118, Validation Loss: 0.0010396568548411843, Validation Accuracy: 0.9817802076944228
2024-10-06 14:35:26,032 - INFO - Epoch 42/50, Training Loss: 0.0010379688110629954, Train Accuracy: 0.982830029853461, Validation Loss: 0.0010398617005031028, Validation Accuracy: 0.9814555529705379
2024-10-06 14:36:28,452 - INFO - Epoch 43/50, Training Loss: 0.0010378305271260596, Train Accuracy: 0.9829778166470852, Validation Loss: 0.0010421479417220764, Validation Accuracy: 0.9789979061356571
2024-10-06 14:37:26,963 - INFO - Epoch 44/50, Training Loss: 0.0010378538687209422, Train Accuracy: 0.982960367759108, Validation Loss: 0.0010379366885687664, Validation Accuracy: 0.983362238531334
2024-10-06 14:38:25,464 - INFO - Epoch 45/50, Training Loss: 0.0010377714390634024, Train Accuracy: 0.9830288414255636, Validation Loss: 0.0010418204701654536, Validation Accuracy: 0.9795076246272287
2024-10-06 14:39:23,743 - INFO - Epoch 46/50, Training Loss: 0.0010377620326107518, Train Accuracy: 0.9830626816931555, Validation Loss: 0.00103794762858839, Validation Accuracy: 0.983403481313847
2024-10-06 14:40:22,293 - INFO - Epoch 47/50, Training Loss: 0.0010376838798913468, Train Accuracy: 0.9831316841137921, Validation Loss: 0.0010388851846520795, Validation Accuracy: 0.9822550284469449
2024-10-06 14:41:21,148 - INFO - Epoch 48/50, Training Loss: 0.0010376236655025505, Train Accuracy: 0.9832181354224059, Validation Loss: 0.0010368450194334399, Validation Accuracy: 0.9842896723842558
2024-10-06 14:42:20,406 - INFO - Epoch 49/50, Training Loss: 0.0010377419661168747, Train Accuracy: 0.9830711417600535, Validation Loss: 0.0010394517381401883, Validation Accuracy: 0.9816977221293965
2024-10-06 14:43:22,270 - INFO - Epoch 50/50, Training Loss: 0.0010376022658101637, Train Accuracy: 0.9832398143438319, Validation Loss: 0.0010385080472645589, Validation Accuracy: 0.9826230409678306
2024-10-06 14:43:22,270 - INFO - total time taken to train the model: 49.48 min
2024-10-06 14:43:22,270 - INFO - Memory usage: pmem(rss=59823960064, vms=90867695616, shared=1082130432, text=2478080, lib=0, data=64936161280, dirty=0)
